============================= test session starts ==============================
platform linux -- Python 3.7.12, pytest-6.2.4, py-1.11.0, pluggy-1.0.0.dev0 -- /home/greg/warp_dev/bin/python
cachedir: .pytest_cache
rootdir: /home/greg/dev/nethermind/warp
plugins: pylama-8.3.6, pytest_check-1.0.4, parallel-0.1.1, web3-5.25.0, typeguard-2.13.2, asyncio-0.16.0
collecting ... collected 1270 items / 1162 deselected / 108 selected
run-last-failure: rerun previous 108 failures
pytest-parallel: 20 workers (processes), 1 test per worker (thread)

tests/semantic/test_semantics.py::test_semantics[/home/greg/dev/nethermind/warp/tests/semantic/solidity/test/libsolidity/semanticTests/dirty_calldata_dynamic_array.sol] 
tests/semantic/test_semantics.py::test_semantics[/home/greg/dev/nethermind/warp/tests/semantic/solidity/test/libsolidity/semanticTests/constructor/constructor_function_argument.sol] 
tests/semantic/test_semantics.py::test_semantics[/home/greg/dev/nethermind/warp/tests/semantic/solidity/test/libsolidity/semanticTests/various/byte_optimization_bug.sol] 
tests/semantic/test_semantics.py::test_semantics[/home/greg/dev/nethermind/warp/tests/semantic/solidity/test/libsolidity/semanticTests/various/positive_integers_to_signed.sol] 
tests/semantic/test_semantics.py::test_semantics[/home/greg/dev/nethermind/warp/tests/semantic/solidity/test/libsolidity/semanticTests/calldata/calldata_bytes_to_memory.sol] 
tests/semantic/test_semantics.py::test_semantics[/home/greg/dev/nethermind/warp/tests/semantic/solidity/test/libsolidity/semanticTests/storage/packed_storage_signed.sol] 
tests/semantic/test_semantics.py::test_semantics[/home/greg/dev/nethermind/warp/tests/semantic/solidity/test/libsolidity/semanticTests/storage/chop_sign_bits.sol] 
tests/semantic/test_semantics.py::test_semantics[/home/greg/dev/nethermind/warp/tests/semantic/solidity/test/libsolidity/semanticTests/storage/packed_functions.sol] 
tests/semantic/test_semantics.py::test_semantics[/home/greg/dev/nethermind/warp/tests/semantic/solidity/test/libsolidity/semanticTests/modifiers/continue_in_modifier.sol] 
tests/semantic/test_semantics.py::test_semantics[/home/greg/dev/nethermind/warp/tests/semantic/solidity/test/libsolidity/semanticTests/modifiers/modifer_recursive.sol] 
tests/semantic/test_semantics.py::test_semantics[/home/greg/dev/nethermind/warp/tests/semantic/solidity/test/libsolidity/semanticTests/arithmetics/exp_associativity.sol] 
tests/semantic/test_semantics.py::test_semantics[/home/greg/dev/nethermind/warp/tests/semantic/solidity/test/libsolidity/semanticTests/types/external_function_to_address.sol] 
tests/semantic/test_semantics.py::test_semantics[/home/greg/dev/nethermind/warp/tests/semantic/solidity/test/libsolidity/semanticTests/conversions/function_type_array_to_storage.sol] 
tests/semantic/test_semantics.py::test_semantics[/home/greg/dev/nethermind/warp/tests/semantic/solidity/test/libsolidity/semanticTests/abiEncoderV2/abi_encode_calldata_slice.sol] 
tests/semantic/test_semantics.py::test_semantics[/home/greg/dev/nethermind/warp/tests/semantic/solidity/test/libsolidity/semanticTests/abiEncoderV2/cleanup/intx.sol] 
tests/semantic/test_semantics.py::test_semantics[/home/greg/dev/nethermind/warp/tests/semantic/solidity/test/libsolidity/semanticTests/abiEncoderV2/cleanup/function.sol] 
tests/semantic/test_semantics.py::test_semantics[/home/greg/dev/nethermind/warp/tests/semantic/solidity/test/libsolidity/semanticTests/abiEncoderV2/struct/validation_function_type_inside_struct.sol] 
tests/semantic/test_semantics.py::test_semantics[/home/greg/dev/nethermind/warp/tests/semantic/solidity/test/libsolidity/semanticTests/abiEncoderV2/struct/struct_function.sol] 
tests/semantic/test_semantics.py::test_semantics[/home/greg/dev/nethermind/warp/tests/semantic/solidity/test/libsolidity/semanticTests/abiEncoderV2/struct/struct_validation.sol] 
tests/semantic/test_semantics.py::test_semantics[/home/greg/dev/nethermind/warp/tests/semantic/solidity/test/libsolidity/semanticTests/array/function_array_cross_calls.sol] FAILED
tests/semantic/test_semantics.py::test_semantics[/home/greg/dev/nethermind/warp/tests/semantic/solidity/test/libsolidity/semanticTests/array/byte_array_transitional_2.sol] 
tests/semantic/test_semantics.py::test_semantics[/home/greg/dev/nethermind/warp/tests/semantic/solidity/test/libsolidity/semanticTests/storage/packed_functions.sol] FAILED
tests/semantic/test_semantics.py::test_semantics[/home/greg/dev/nethermind/warp/tests/semantic/solidity/test/libsolidity/semanticTests/conversions/function_type_array_to_storage.sol] FAILEDFAILED
tests/semantic/test_semantics.py::test_semantics[/home/greg/dev/nethermind/warp/tests/semantic/solidity/test/libsolidity/semanticTests/array/byte_array_storage_layout.sol] 
tests/semantic/test_semantics.py::test_semantics[/home/greg/dev/nethermind/warp/tests/semantic/solidity/test/libsolidity/semanticTests/array/function_array_cross_calls.sol] FAILEDFAILED
tests/semantic/test_semantics.py::test_semantics[/home/greg/dev/nethermind/warp/tests/semantic/solidity/test/libsolidity/semanticTests/array/delete/delete_storage_array.sol] 
tests/semantic/test_semantics.py::test_semantics[/home/greg/dev/nethermind/warp/tests/semantic/solidity/test/libsolidity/semanticTests/constructor/constructor_function_argument.sol] FAILEDFAILED
tests/semantic/test_semantics.py::test_semantics[/home/greg/dev/nethermind/warp/tests/semantic/solidity/test/libsolidity/semanticTests/array/slices/array_slice_calldata_as_argument_of_external_calls.sol] 
tests/semantic/test_semantics.py::test_semantics[/home/greg/dev/nethermind/warp/tests/semantic/solidity/test/libsolidity/semanticTests/types/external_function_to_address.sol] FAILEDFAILED
tests/semantic/test_semantics.py::test_semantics[/home/greg/dev/nethermind/warp/tests/semantic/solidity/test/libsolidity/semanticTests/array/indexAccess/index_access.sol] 
tests/semantic/test_semantics.py::test_semantics[/home/greg/dev/nethermind/warp/tests/semantic/solidity/test/libsolidity/semanticTests/abiEncoderV2/struct/validation_function_type_inside_struct.sol] FAILEDFAILED
tests/semantic/test_semantics.py::test_semantics[/home/greg/dev/nethermind/warp/tests/semantic/solidity/test/libsolidity/semanticTests/array/indexAccess/fixed_bytes_index_access.sol] 
tests/semantic/test_semantics.py::test_semantics[/home/greg/dev/nethermind/warp/tests/semantic/solidity/test/libsolidity/semanticTests/various/byte_optimization_bug.sol] FAILEDFAILED
tests/semantic/test_semantics.py::test_semantics[/home/greg/dev/nethermind/warp/tests/semantic/solidity/test/libsolidity/semanticTests/array/concat/bytes_concat_as_argument.sol] 
tests/semantic/test_semantics.py::test_semantics[/home/greg/dev/nethermind/warp/tests/semantic/solidity/test/libsolidity/semanticTests/calldata/calldata_bytes_to_memory.sol] FAILEDFAILED
tests/semantic/test_semantics.py::test_semantics[/home/greg/dev/nethermind/warp/tests/semantic/solidity/test/libsolidity/semanticTests/array/copying/bytes_storage_to_storage.sol] 
tests/semantic/test_semantics.py::test_semantics[/home/greg/dev/nethermind/warp/tests/semantic/solidity/test/libsolidity/semanticTests/abiEncoderV2/struct/struct_validation.sol] FAILEDFAILED
tests/semantic/test_semantics.py::test_semantics[/home/greg/dev/nethermind/warp/tests/semantic/solidity/test/libsolidity/semanticTests/array/copying/array_copy_storage_abi_signed.sol] 
tests/semantic/test_semantics.py::test_semantics[/home/greg/dev/nethermind/warp/tests/semantic/solidity/test/libsolidity/semanticTests/dirty_calldata_dynamic_array.sol] FAILEDFAILED
tests/semantic/test_semantics.py::test_semantics[/home/greg/dev/nethermind/warp/tests/semantic/solidity/test/libsolidity/semanticTests/array/copying/copy_byte_array_to_storage.sol] 
tests/semantic/test_semantics.py::test_semantics[/home/greg/dev/nethermind/warp/tests/semantic/solidity/test/libsolidity/semanticTests/storage/packed_storage_signed.sol] FAILEDFAILED
tests/semantic/test_semantics.py::test_semantics[/home/greg/dev/nethermind/warp/tests/semantic/solidity/test/libsolidity/semanticTests/array/copying/array_copy_target_leftover.sol] 
tests/semantic/test_semantics.py::test_semantics[/home/greg/dev/nethermind/warp/tests/semantic/solidity/test/libsolidity/semanticTests/various/positive_integers_to_signed.sol] FAILEDFAILED
tests/semantic/test_semantics.py::test_semantics[/home/greg/dev/nethermind/warp/tests/semantic/solidity/test/libsolidity/semanticTests/array/push/byte_array_push_transition.sol] FAILED
tests/semantic/test_semantics.py::test_semantics[/home/greg/dev/nethermind/warp/tests/semantic/solidity/test/libsolidity/semanticTests/modifiers/modifer_recursive.sol] FAILED
tests/semantic/test_semantics.py::test_semantics[/home/greg/dev/nethermind/warp/tests/semantic/solidity/test/libsolidity/semanticTests/inheritance/inherited_function_calldata_memory_interface.sol] 
tests/semantic/test_semantics.py::test_semantics[/home/greg/dev/nethermind/warp/tests/semantic/solidity/test/libsolidity/semanticTests/inheritance/inherited_function_calldata_memory_interface.sol] FAILEDFAILED
tests/semantic/test_semantics.py::test_semantics[/home/greg/dev/nethermind/warp/tests/semantic/solidity/test/libsolidity/semanticTests/inheritance/inherited_function_calldata_calldata_interface.sol] 
tests/semantic/test_semantics.py::test_semantics[/home/greg/dev/nethermind/warp/tests/semantic/solidity/test/libsolidity/semanticTests/inheritance/inherited_function_calldata_calldata_interface.sol] FAILEDFAILED
tests/semantic/test_semantics.py::test_semantics[/home/greg/dev/nethermind/warp/tests/semantic/solidity/test/libsolidity/semanticTests/inheritance/address_overload_resolution.sol] 
tests/semantic/test_semantics.py::test_semantics[/home/greg/dev/nethermind/warp/tests/semantic/solidity/test/libsolidity/semanticTests/inheritance/address_overload_resolution.sol] FAILEDFAILED
tests/semantic/test_semantics.py::test_semantics[/home/greg/dev/nethermind/warp/tests/semantic/solidity/test/libsolidity/semanticTests/optimizer/shift_bytes.sol] FAILED
tests/semantic/test_semantics.py::test_semantics[/home/greg/dev/nethermind/warp/tests/semantic/solidity/test/libsolidity/semanticTests/array/delete/delete_storage_array.sol] FAILED
tests/semantic/test_semantics.py::test_semantics[/home/greg/dev/nethermind/warp/tests/semantic/solidity/test/libsolidity/semanticTests/freeFunctions/free_runtimecode.sol] 
tests/semantic/test_semantics.py::test_semantics[/home/greg/dev/nethermind/warp/tests/semantic/solidity/test/libsolidity/semanticTests/abiEncoderV2/struct/struct_function.sol] FAILEDFAILED
tests/semantic/test_semantics.py::test_semantics[/home/greg/dev/nethermind/warp/tests/semantic/solidity/test/libsolidity/semanticTests/freeFunctions/new_operator.sol] FAILED
tests/semantic/test_semantics.py::test_semantics[/home/greg/dev/nethermind/warp/tests/semantic/solidity/test/libsolidity/semanticTests/freeFunctions/free_runtimecode.sol] FAILED
tests/semantic/test_semantics.py::test_semantics[/home/greg/dev/nethermind/warp/tests/semantic/solidity/test/libsolidity/semanticTests/viaYul/function_address.sol] 
tests/semantic/test_semantics.py::test_semantics[/home/greg/dev/nethermind/warp/tests/semantic/solidity/test/libsolidity/semanticTests/freeFunctions/new_operator.sol] FAILEDFAILED
tests/semantic/test_semantics.py::test_semantics[/home/greg/dev/nethermind/warp/tests/semantic/solidity/test/libsolidity/semanticTests/viaYul/array_storage_length_access.sol] FAILED
tests/semantic/test_semantics.py::test_semantics[/home/greg/dev/nethermind/warp/tests/semantic/solidity/test/libsolidity/semanticTests/array/push/byte_array_push_transition.sol] FAILED
tests/semantic/test_semantics.py::test_semantics[/home/greg/dev/nethermind/warp/tests/semantic/solidity/test/libsolidity/semanticTests/viaYul/array_function_pointers.sol] FAILED
tests/semantic/test_semantics.py::test_semantics[/home/greg/dev/nethermind/warp/tests/semantic/solidity/test/libsolidity/semanticTests/abiEncoderV2/cleanup/function.sol] FAILED
tests/semantic/test_semantics.py::test_semantics[/home/greg/dev/nethermind/warp/tests/semantic/solidity/test/libsolidity/semanticTests/viaYul/exp_literals_success.sol] FAILED
tests/semantic/test_semantics.py::test_semantics[/home/greg/dev/nethermind/warp/tests/semantic/solidity/test/libsolidity/semanticTests/viaYul/array_function_pointers.sol] FAILED
tests/semantic/test_semantics.py::test_semantics[/home/greg/dev/nethermind/warp/tests/semantic/solidity/test/libsolidity/semanticTests/viaYul/string_format.sol] 
tests/semantic/test_semantics.py::test_semantics[/home/greg/dev/nethermind/warp/tests/semantic/solidity/test/libsolidity/semanticTests/viaYul/string_format.sol] FAILEDFAILED
tests/semantic/test_semantics.py::test_semantics[/home/greg/dev/nethermind/warp/tests/semantic/solidity/test/libsolidity/semanticTests/viaYul/exp_various.sol] 
tests/semantic/test_semantics.py::test_semantics[/home/greg/dev/nethermind/warp/tests/semantic/solidity/test/libsolidity/semanticTests/viaYul/exp_various.sol] FAILEDFAILED
tests/semantic/test_semantics.py::test_semantics[/home/greg/dev/nethermind/warp/tests/semantic/solidity/test/libsolidity/semanticTests/viaYul/function_selector.sol] FAILED
tests/semantic/test_semantics.py::test_semantics[/home/greg/dev/nethermind/warp/tests/semantic/solidity/test/libsolidity/semanticTests/arithmetics/exp_associativity.sol] FAILED
tests/semantic/test_semantics.py::test_semantics[/home/greg/dev/nethermind/warp/tests/semantic/solidity/test/libsolidity/semanticTests/viaYul/keccak.sol] 
tests/semantic/test_semantics.py::test_semantics[/home/greg/dev/nethermind/warp/tests/semantic/solidity/test/libsolidity/semanticTests/abiEncoderV2/cleanup/intx.sol] FAILEDFAILED
tests/semantic/test_semantics.py::test_semantics[/home/greg/dev/nethermind/warp/tests/semantic/solidity/test/libsolidity/semanticTests/viaYul/array_storage_push_empty_length_address.sol] FAILED
tests/semantic/test_semantics.py::test_semantics[/home/greg/dev/nethermind/warp/tests/semantic/solidity/test/libsolidity/semanticTests/array/concat/bytes_concat_as_argument.sol] FAILED
tests/semantic/test_semantics.py::test_semantics[/home/greg/dev/nethermind/warp/tests/semantic/solidity/test/libsolidity/semanticTests/viaYul/exp.sol] FAILED
tests/semantic/test_semantics.py::test_semantics[/home/greg/dev/nethermind/warp/tests/semantic/solidity/test/libsolidity/semanticTests/array/byte_array_transitional_2.sol] FAILED
tests/semantic/test_semantics.py::test_semantics[/home/greg/dev/nethermind/warp/tests/semantic/solidity/test/libsolidity/semanticTests/viaYul/dirty_calldata_struct.sol] 
tests/semantic/test_semantics.py::test_semantics[/home/greg/dev/nethermind/warp/tests/semantic/solidity/test/libsolidity/semanticTests/array/indexAccess/index_access.sol] FAILEDFAILED
tests/semantic/test_semantics.py::test_semantics[/home/greg/dev/nethermind/warp/tests/semantic/solidity/test/libsolidity/semanticTests/viaYul/array_storage_index_zeroed_test.sol] FAILED
tests/semantic/test_semantics.py::test_semantics[/home/greg/dev/nethermind/warp/tests/semantic/solidity/test/libsolidity/semanticTests/optimizer/shift_bytes.sol] FAILED
tests/semantic/test_semantics.py::test_semantics[/home/greg/dev/nethermind/warp/tests/semantic/solidity/test/libsolidity/semanticTests/viaYul/array_storage_index_access.sol] 
tests/semantic/test_semantics.py::test_semantics[/home/greg/dev/nethermind/warp/tests/semantic/solidity/test/libsolidity/semanticTests/viaYul/function_address.sol] FAILEDFAILED
tests/semantic/test_semantics.py::test_semantics[/home/greg/dev/nethermind/warp/tests/semantic/solidity/test/libsolidity/semanticTests/viaYul/array_storage_push_pop.sol] FAILED
tests/semantic/test_semantics.py::test_semantics[/home/greg/dev/nethermind/warp/tests/semantic/solidity/test/libsolidity/semanticTests/array/slices/array_slice_calldata_as_argument_of_external_calls.sol] FAILED
tests/semantic/test_semantics.py::test_semantics[/home/greg/dev/nethermind/warp/tests/semantic/solidity/test/libsolidity/semanticTests/viaYul/storage/dirty_storage_dynamic_array.sol] 
tests/semantic/test_semantics.py::test_semantics[/home/greg/dev/nethermind/warp/tests/semantic/solidity/test/libsolidity/semanticTests/viaYul/array_storage_index_zeroed_test.sol] FAILEDFAILED
tests/semantic/test_semantics.py::test_semantics[/home/greg/dev/nethermind/warp/tests/semantic/solidity/test/libsolidity/semanticTests/viaYul/storage/mappings.sol] FAILED
tests/semantic/test_semantics.py::test_semantics[/home/greg/dev/nethermind/warp/tests/semantic/solidity/test/libsolidity/semanticTests/array/indexAccess/fixed_bytes_index_access.sol] FAILED
tests/semantic/test_semantics.py::test_semantics[/home/greg/dev/nethermind/warp/tests/semantic/solidity/test/libsolidity/semanticTests/viaYul/storage/dirty_storage_bytes_long.sol] 
tests/semantic/test_semantics.py::test_semantics[/home/greg/dev/nethermind/warp/tests/semantic/solidity/test/libsolidity/semanticTests/array/byte_array_storage_layout.sol] FAILEDFAILED
tests/semantic/test_semantics.py::test_semantics[/home/greg/dev/nethermind/warp/tests/semantic/solidity/test/libsolidity/semanticTests/viaYul/storage/dirty_storage_struct.sol] FAILED
tests/semantic/test_semantics.py::test_semantics[/home/greg/dev/nethermind/warp/tests/semantic/solidity/test/libsolidity/semanticTests/array/copying/array_copy_target_leftover.sol] FAILED
tests/semantic/test_semantics.py::test_semantics[/home/greg/dev/nethermind/warp/tests/semantic/solidity/test/libsolidity/semanticTests/viaYul/conversion/function_cast.sol] 
tests/semantic/test_semantics.py::test_semantics[/home/greg/dev/nethermind/warp/tests/semantic/solidity/test/libsolidity/semanticTests/array/copying/copy_byte_array_to_storage.sol] FAILEDFAILED
tests/semantic/test_semantics.py::test_semantics[/home/greg/dev/nethermind/warp/tests/semantic/solidity/test/libsolidity/semanticTests/viaYul/loops/continue.sol] FAILED
tests/semantic/test_semantics.py::test_semantics[/home/greg/dev/nethermind/warp/tests/semantic/solidity/test/libsolidity/semanticTests/viaYul/function_selector.sol] FAILED
tests/semantic/test_semantics.py::test_semantics[/home/greg/dev/nethermind/warp/tests/semantic/solidity/test/libsolidity/semanticTests/viaYul/loops/return.sol] 
tests/semantic/test_semantics.py::test_semantics[/home/greg/dev/nethermind/warp/tests/semantic/solidity/test/libsolidity/semanticTests/viaYul/loops/return.sol] FAILEDFAILED
tests/semantic/test_semantics.py::test_semantics[/home/greg/dev/nethermind/warp/tests/semantic/solidity/test/libsolidity/semanticTests/functionTypes/store_function.sol] 
tests/semantic/test_semantics.py::test_semantics[/home/greg/dev/nethermind/warp/tests/semantic/solidity/test/libsolidity/semanticTests/functionTypes/store_function.sol] FAILEDFAILED
tests/semantic/test_semantics.py::test_semantics[/home/greg/dev/nethermind/warp/tests/semantic/solidity/test/libsolidity/semanticTests/functionTypes/struct_with_external_function.sol] 
tests/semantic/test_semantics.py::test_semantics[/home/greg/dev/nethermind/warp/tests/semantic/solidity/test/libsolidity/semanticTests/viaYul/keccak.sol] FAILEDFAILED
tests/semantic/test_semantics.py::test_semantics[/home/greg/dev/nethermind/warp/tests/semantic/solidity/test/libsolidity/semanticTests/functionTypes/function_external_delete_storage.sol] FAILED
tests/semantic/test_semantics.py::test_semantics[/home/greg/dev/nethermind/warp/tests/semantic/solidity/test/libsolidity/semanticTests/functionTypes/struct_with_external_function.sol] FAILED
tests/semantic/test_semantics.py::test_semantics[/home/greg/dev/nethermind/warp/tests/semantic/solidity/test/libsolidity/semanticTests/functionTypes/address_member.sol] 
tests/semantic/test_semantics.py::test_semantics[/home/greg/dev/nethermind/warp/tests/semantic/solidity/test/libsolidity/semanticTests/functionTypes/function_external_delete_storage.sol] FAILEDFAILED
tests/semantic/test_semantics.py::test_semantics[/home/greg/dev/nethermind/warp/tests/semantic/solidity/test/libsolidity/semanticTests/functionTypes/pass_function_types_externally.sol] 
tests/semantic/test_semantics.py::test_semantics[/home/greg/dev/nethermind/warp/tests/semantic/solidity/test/libsolidity/semanticTests/viaYul/loops/continue.sol] FAILEDFAILED
tests/semantic/test_semantics.py::test_semantics[/home/greg/dev/nethermind/warp/tests/semantic/solidity/test/libsolidity/semanticTests/abiencodedecode/abi_encode_with_signature.sol] FAILED
tests/semantic/test_semantics.py::test_semantics[/home/greg/dev/nethermind/warp/tests/semantic/solidity/test/libsolidity/semanticTests/viaYul/exp_literals_success.sol] FAILED
tests/semantic/test_semantics.py::test_semantics[/home/greg/dev/nethermind/warp/tests/semantic/solidity/test/libsolidity/semanticTests/abiEncoderV1/abi_encode_calldata_slice.sol] 
tests/semantic/test_semantics.py::test_semantics[/home/greg/dev/nethermind/warp/tests/semantic/solidity/test/libsolidity/semanticTests/modifiers/continue_in_modifier.sol] FAILEDFAILED
tests/semantic/test_semantics.py::test_semantics[/home/greg/dev/nethermind/warp/tests/semantic/solidity/test/libsolidity/semanticTests/reverts/revert_return_area.sol] FAILED
tests/semantic/test_semantics.py::test_semantics[/home/greg/dev/nethermind/warp/tests/semantic/solidity/test/libsolidity/semanticTests/viaYul/dirty_calldata_struct.sol] FAILED
tests/semantic/test_semantics.py::test_semantics[/home/greg/dev/nethermind/warp/tests/semantic/solidity/test/libsolidity/semanticTests/builtinFunctions/keccak256_multiple_arguments_with_numeric_literals.sol] 
tests/semantic/test_semantics.py::test_semantics[/home/greg/dev/nethermind/warp/tests/semantic/solidity/test/libsolidity/semanticTests/viaYul/exp.sol] FAILEDFAILED
tests/semantic/test_semantics.py::test_semantics[/home/greg/dev/nethermind/warp/tests/semantic/solidity/test/libsolidity/semanticTests/builtinFunctions/keccak256_multiple_arguments_with_string_literals.sol] 
tests/semantic/test_semantics.py::test_semantics[/home/greg/dev/nethermind/warp/tests/semantic/solidity/test/libsolidity/semanticTests/viaYul/array_storage_push_empty_length_address.sol] FAILEDFAILED
tests/semantic/test_semantics.py::test_semantics[/home/greg/dev/nethermind/warp/tests/semantic/solidity/test/libsolidity/semanticTests/builtinFunctions/iterated_keccak256_with_bytes.sol] FAILED
tests/semantic/test_semantics.py::test_semantics[/home/greg/dev/nethermind/warp/tests/semantic/solidity/test/libsolidity/semanticTests/array/copying/array_copy_storage_abi_signed.sol] FAILED
tests/semantic/test_semantics.py::test_semantics[/home/greg/dev/nethermind/warp/tests/semantic/solidity/test/libsolidity/semanticTests/builtinFunctions/keccak256_with_bytes.sol] FAILED
tests/semantic/test_semantics.py::test_semantics[/home/greg/dev/nethermind/warp/tests/semantic/solidity/test/libsolidity/semanticTests/storage/chop_sign_bits.sol] FAILED
tests/semantic/test_semantics.py::test_semantics[/home/greg/dev/nethermind/warp/tests/semantic/solidity/test/libsolidity/semanticTests/builtinFunctions/sha256_empty.sol] FAILED
tests/semantic/test_semantics.py::test_semantics[/home/greg/dev/nethermind/warp/tests/semantic/solidity/test/libsolidity/semanticTests/viaYul/array_storage_push_pop.sol] FAILED
tests/semantic/test_semantics.py::test_semantics[/home/greg/dev/nethermind/warp/tests/semantic/solidity/test/libsolidity/semanticTests/structs/multislot_struct_allocation.sol] 
tests/semantic/test_semantics.py::test_semantics[/home/greg/dev/nethermind/warp/tests/semantic/solidity/test/libsolidity/semanticTests/viaYul/storage/dirty_storage_dynamic_array.sol] FAILEDFAILED
tests/semantic/test_semantics.py::test_semantics[/home/greg/dev/nethermind/warp/tests/semantic/solidity/test/libsolidity/semanticTests/structs/calldata/calldata_struct_to_memory.sol] FAILED
tests/semantic/test_semantics.py::test_semantics[/home/greg/dev/nethermind/warp/tests/semantic/solidity/test/libsolidity/semanticTests/functionTypes/address_member.sol] FAILED
tests/semantic/test_semantics.py::test_semantics[/home/greg/dev/nethermind/warp/tests/semantic/solidity/test/libsolidity/semanticTests/structs/calldata/calldata_struct_to_storage.sol] FAILED
tests/semantic/test_semantics.py::test_semantics[/home/greg/dev/nethermind/warp/tests/semantic/solidity/test/libsolidity/semanticTests/viaYul/array_storage_index_access.sol] FAILED
tests/semantic/test_semantics.py::test_semantics[/home/greg/dev/nethermind/warp/tests/semantic/solidity/test/libsolidity/semanticTests/uninitializedFunctionPointer/invalidStoredInConstructor.sol] 
tests/semantic/test_semantics.py::test_semantics[/home/greg/dev/nethermind/warp/tests/semantic/solidity/test/libsolidity/semanticTests/uninitializedFunctionPointer/invalidStoredInConstructor.sol] FAILEDFAILED
tests/semantic/test_semantics.py::test_semantics[/home/greg/dev/nethermind/warp/tests/semantic/solidity/test/libsolidity/semanticTests/uninitializedFunctionPointer/invalidInConstructor.sol] 
tests/semantic/test_semantics.py::test_semantics[/home/greg/dev/nethermind/warp/tests/semantic/solidity/test/libsolidity/semanticTests/viaYul/storage/dirty_storage_bytes_long.sol] FAILEDFAILED
tests/semantic/test_semantics.py::test_semantics[/home/greg/dev/nethermind/warp/tests/semantic/solidity/test/libsolidity/semanticTests/specialFunctions/abi_encode_with_signature_from_string.sol] 
tests/semantic/test_semantics.py::test_semantics[/home/greg/dev/nethermind/warp/tests/semantic/solidity/test/libsolidity/semanticTests/uninitializedFunctionPointer/invalidInConstructor.sol] FAILEDFAILED
tests/semantic/test_semantics.py::test_semantics[/home/greg/dev/nethermind/warp/tests/semantic/solidity/test/libsolidity/semanticTests/specialFunctions/keccak256_optimized.sol] FAILED
tests/semantic/test_semantics.py::test_semantics[/home/greg/dev/nethermind/warp/tests/semantic/solidity/test/libsolidity/semanticTests/viaYul/storage/dirty_storage_struct.sol] FAILED
tests/semantic/test_semantics.py::test_semantics[/home/greg/dev/nethermind/warp/tests/semantic/solidity/test/libsolidity/semanticTests/literals/hex_string_with_non_printable_characters.sol] FAILED
tests/semantic/test_semantics.py::test_semantics[/home/greg/dev/nethermind/warp/tests/semantic/solidity/test/libsolidity/semanticTests/reverts/revert_return_area.sol] FAILED
tests/semantic/test_semantics.py::test_semantics[/home/greg/dev/nethermind/warp/tests/semantic/solidity/test/libsolidity/semanticTests/literals/escape.sol] FAILED
tests/semantic/test_semantics.py::test_semantics[/home/greg/dev/nethermind/warp/tests/semantic/solidity/test/libsolidity/semanticTests/literals/hex_string_with_non_printable_characters.sol] FAILED
tests/semantic/test_semantics.py::test_semantics[/home/greg/dev/nethermind/warp/tests/semantic/solidity/test/libsolidity/semanticTests/enums/minmax.sol] 
tests/semantic/test_semantics.py::test_semantics[/home/greg/dev/nethermind/warp/tests/semantic/solidity/test/libsolidity/semanticTests/enums/minmax.sol] FAILEDFAILED
tests/semantic/test_semantics.py::test_semantics[/home/greg/dev/nethermind/warp/tests/semantic/solidity/test/libsolidity/semanticTests/externalSource/multiple_external_source.sol] 
tests/semantic/test_semantics.py::test_semantics[/home/greg/dev/nethermind/warp/tests/semantic/solidity/test/libsolidity/semanticTests/externalSource/multiple_external_source.sol] FAILEDFAILED
tests/semantic/test_semantics.py::test_semantics[/home/greg/dev/nethermind/warp/tests/semantic/solidity/test/libsolidity/semanticTests/functionCall/delegatecall_return_value.sol] 
tests/semantic/test_semantics.py::test_semantics[/home/greg/dev/nethermind/warp/tests/semantic/solidity/test/libsolidity/semanticTests/viaYul/conversion/function_cast.sol] FAILEDFAILED
tests/semantic/test_semantics.py::test_semantics[/home/greg/dev/nethermind/warp/tests/semantic/solidity/test/libsolidity/semanticTests/functionCall/creation_function_call_no_args.sol] 
tests/semantic/test_semantics.py::test_semantics[/home/greg/dev/nethermind/warp/tests/semantic/solidity/test/libsolidity/semanticTests/builtinFunctions/keccak256_multiple_arguments_with_numeric_literals.sol] FAILEDFAILED
tests/semantic/test_semantics.py::test_semantics[/home/greg/dev/nethermind/warp/tests/semantic/solidity/test/libsolidity/semanticTests/functionCall/bare_call_no_returndatacopy.sol] 
tests/semantic/test_semantics.py::test_semantics[/home/greg/dev/nethermind/warp/tests/semantic/solidity/test/libsolidity/semanticTests/functionCall/creation_function_call_no_args.sol] FAILEDFAILED
tests/semantic/test_semantics.py::test_semantics[/home/greg/dev/nethermind/warp/tests/semantic/solidity/test/libsolidity/semanticTests/functionCall/creation_function_call_with_args.sol] 
tests/semantic/test_semantics.py::test_semantics[/home/greg/dev/nethermind/warp/tests/semantic/solidity/test/libsolidity/semanticTests/functionCall/creation_function_call_with_args.sol] FAILEDFAILED
tests/semantic/test_semantics.py::test_semantics[/home/greg/dev/nethermind/warp/tests/semantic/solidity/test/libsolidity/semanticTests/asmForLoop/for_loop_nested.sol] FAILED
tests/semantic/test_semantics.py::test_semantics[/home/greg/dev/nethermind/warp/tests/semantic/solidity/test/libsolidity/semanticTests/functionTypes/pass_function_types_externally.sol] FAILED
tests/semantic/test_semantics.py::test_semantics[/home/greg/dev/nethermind/warp/tests/semantic/solidity/test/libsolidity/semanticTests/asmForLoop/for_loop_continue.sol] FAILED
tests/semantic/test_semantics.py::test_semantics[/home/greg/dev/nethermind/warp/tests/semantic/solidity/test/libsolidity/semanticTests/asmForLoop/for_loop_nested.sol] FAILED
tests/semantic/test_semantics.py::test_semantics[/home/greg/dev/nethermind/warp/tests/semantic/solidity/test/libsolidity/semanticTests/smoke/alignment.sol] FAILED
tests/semantic/test_semantics.py::test_semantics[/home/greg/dev/nethermind/warp/tests/semantic/solidity/test/libsolidity/semanticTests/viaYul/storage/mappings.sol] FAILED
tests/semantic/test_semantics.py::test_semantics[/home/greg/dev/nethermind/warp/tests/semantic/solidity/test/libsolidity/semanticTests/inlineAssembly/keccak_yul_optimization.sol] FAILED
tests/semantic/test_semantics.py::test_semantics[/home/greg/dev/nethermind/warp/tests/semantic/solidity/test/libsolidity/semanticTests/smoke/alignment.sol] FAILED
tests/semantic/test_semantics.py::test_semantics[/home/greg/dev/nethermind/warp/tests/semantic/solidity/test/libsolidity/semanticTests/inlineAssembly/inline_assembly_for2.sol] 
tests/semantic/test_semantics.py::test_semantics[/home/greg/dev/nethermind/warp/tests/semantic/solidity/test/libsolidity/semanticTests/inlineAssembly/inline_assembly_for2.sol] FAILEDFAILED
tests/semantic/test_semantics.py::test_semantics[/home/greg/dev/nethermind/warp/tests/semantic/solidity/test/libsolidity/semanticTests/inlineAssembly/keccak256_optimization.sol] 
tests/semantic/test_semantics.py::test_semantics[/home/greg/dev/nethermind/warp/tests/semantic/solidity/test/libsolidity/semanticTests/builtinFunctions/keccak256_multiple_arguments_with_string_literals.sol] FAILEDFAILED
tests/semantic/test_semantics.py::test_semantics[/home/greg/dev/nethermind/warp/tests/semantic/solidity/test/libsolidity/semanticTests/inlineAssembly/slot_access.sol] 
tests/semantic/test_semantics.py::test_semantics[/home/greg/dev/nethermind/warp/tests/semantic/solidity/test/libsolidity/semanticTests/inlineAssembly/keccak_yul_optimization.sol] FAILEDFAILED
tests/semantic/test_semantics.py::test_semantics[/home/greg/dev/nethermind/warp/tests/semantic/solidity/test/libsolidity/semanticTests/inlineAssembly/keccak256_optimizer_bug_different_memory_location.sol] FAILED
tests/semantic/test_semantics.py::test_semantics[/home/greg/dev/nethermind/warp/tests/semantic/solidity/test/libsolidity/semanticTests/builtinFunctions/sha256_empty.sol] FAILED
tests/semantic/test_semantics.py::test_semantics[/home/greg/dev/nethermind/warp/tests/semantic/solidity/test/libsolidity/semanticTests/inlineAssembly/keccak_optimization_bug_string.sol] 
tests/semantic/test_semantics.py::test_semantics[/home/greg/dev/nethermind/warp/tests/semantic/solidity/test/libsolidity/semanticTests/structs/calldata/calldata_struct_to_memory.sol] FAILEDFAILED
tests/semantic/test_semantics.py::test_semantics[/home/greg/dev/nethermind/warp/tests/semantic/solidity/test/libsolidity/semanticTests/inlineAssembly/chainid.sol] 
tests/semantic/test_semantics.py::test_semantics[/home/greg/dev/nethermind/warp/tests/semantic/solidity/test/libsolidity/semanticTests/inlineAssembly/chainid.sol] FAILEDFAILED
tests/semantic/test_semantics.py::test_semantics[/home/greg/dev/nethermind/warp/tests/semantic/solidity/test/libsolidity/semanticTests/inlineAssembly/calldata_struct_assign_and_return.sol] 
tests/semantic/test_semantics.py::test_semantics[/home/greg/dev/nethermind/warp/tests/semantic/solidity/test/libsolidity/semanticTests/inlineAssembly/keccak_optimization_bug_string.sol] FAILEDFAILED
tests/semantic/test_semantics.py::test_semantics[/home/greg/dev/nethermind/warp/tests/semantic/solidity/test/libsolidity/semanticTests/getters/value_types.sol] 
tests/semantic/test_semantics.py::test_semantics[/home/greg/dev/nethermind/warp/tests/semantic/solidity/test/libsolidity/semanticTests/getters/value_types.sol] FAILEDFAILED
tests/semantic/test_semantics.py::test_semantics[/home/greg/dev/nethermind/warp/tests/semantic/solidity/test/libsolidity/semanticTests/operators/shifts/bitwise_shifting_constantinople_combined.sol] 
tests/semantic/test_semantics.py::test_semantics[/home/greg/dev/nethermind/warp/tests/semantic/solidity/test/libsolidity/semanticTests/literals/escape.sol] FAILEDWarning string literal f\\ was parsed as f\
FAILED
tests/semantic/test_semantics.py::test_semantics[/home/greg/dev/nethermind/warp/tests/semantic/solidity/test/libsolidity/semanticTests/operators/shifts/shift_right_negative_lvalue_int32.sol] 
tests/semantic/test_semantics.py::test_semantics[/home/greg/dev/nethermind/warp/tests/semantic/solidity/test/libsolidity/semanticTests/structs/calldata/calldata_struct_to_storage.sol] FAILEDFAILED
tests/semantic/test_semantics.py::test_semantics[/home/greg/dev/nethermind/warp/tests/semantic/solidity/test/libsolidity/semanticTests/operators/shifts/bitwise_shifting_constantinople.sol] FAILED
tests/semantic/test_semantics.py::test_semantics[/home/greg/dev/nethermind/warp/tests/semantic/solidity/test/libsolidity/semanticTests/specialFunctions/keccak256_optimized.sol] FAILED
tests/semantic/test_semantics.py::test_semantics[/home/greg/dev/nethermind/warp/tests/semantic/solidity/test/libsolidity/semanticTests/operators/shifts/shift_right_garbled_signed_v2.sol] 
tests/semantic/test_semantics.py::test_semantics[/home/greg/dev/nethermind/warp/tests/semantic/solidity/test/libsolidity/semanticTests/structs/multislot_struct_allocation.sol] FAILEDFAILED
tests/semantic/test_semantics.py::test_semantics[/home/greg/dev/nethermind/warp/tests/semantic/solidity/test/libsolidity/semanticTests/operators/shifts/shift_right_negative_lvalue_int16.sol] 
tests/semantic/test_semantics.py::test_semantics[/home/greg/dev/nethermind/warp/tests/semantic/solidity/test/libsolidity/semanticTests/specialFunctions/abi_encode_with_signature_from_string.sol] FAILEDFAILED
tests/semantic/test_semantics.py::test_semantics[/home/greg/dev/nethermind/warp/tests/semantic/solidity/test/libsolidity/semanticTests/operators/shifts/shift_overflow.sol] 
tests/semantic/test_semantics.py::test_semantics[/home/greg/dev/nethermind/warp/tests/semantic/solidity/test/libsolidity/semanticTests/operators/shifts/shift_overflow.sol] SKIPPEDSKIPPED
tests/semantic/test_semantics.py::test_semantics[/home/greg/dev/nethermind/warp/tests/semantic/solidity/test/libsolidity/semanticTests/operators/shifts/shift_right_negative_lvalue_int8.sol] 
tests/semantic/test_semantics.py::test_semantics[/home/greg/dev/nethermind/warp/tests/semantic/solidity/test/libsolidity/semanticTests/abiencodedecode/abi_encode_with_signature.sol] FAILEDFAILED
tests/semantic/test_semantics.py::test_semantics[/home/greg/dev/nethermind/warp/tests/semantic/solidity/test/libsolidity/semanticTests/exponentiation/literal_base.sol] 
tests/semantic/test_semantics.py::test_semantics[/home/greg/dev/nethermind/warp/tests/semantic/solidity/test/libsolidity/semanticTests/inlineAssembly/keccak256_optimization.sol] FAILEDFAILED
tests/semantic/test_semantics.py::test_semantics[/home/greg/dev/nethermind/warp/tests/semantic/solidity/test/libsolidity/semanticTests/exponentiation/signed_base.sol] FAILED
tests/semantic/test_semantics.py::test_semantics[/home/greg/dev/nethermind/warp/tests/semantic/solidity/test/libsolidity/semanticTests/inlineAssembly/keccak256_optimizer_bug_different_memory_location.sol] FAILEDFAILED
tests/semantic/test_semantics.py::test_semantics[/home/greg/dev/nethermind/warp/tests/semantic/solidity/test/libsolidity/semanticTests/functionCall/bare_call_no_returndatacopy.sol] FAILEDFAILED
tests/semantic/test_semantics.py::test_semantics[/home/greg/dev/nethermind/warp/tests/semantic/solidity/test/libsolidity/semanticTests/builtinFunctions/keccak256_with_bytes.sol] FAILEDFAILED
tests/semantic/test_semantics.py::test_semantics[/home/greg/dev/nethermind/warp/tests/semantic/solidity/test/libsolidity/semanticTests/builtinFunctions/iterated_keccak256_with_bytes.sol] FAILEDFAILED
tests/semantic/test_semantics.py::test_semantics[/home/greg/dev/nethermind/warp/tests/semantic/solidity/test/libsolidity/semanticTests/functionCall/delegatecall_return_value.sol] FAILEDFAILED
tests/semantic/test_semantics.py::test_semantics[/home/greg/dev/nethermind/warp/tests/semantic/solidity/test/libsolidity/semanticTests/operators/shifts/shift_right_negative_lvalue_int32.sol] FAILEDFAILED
tests/semantic/test_semantics.py::test_semantics[/home/greg/dev/nethermind/warp/tests/semantic/solidity/test/libsolidity/semanticTests/inlineAssembly/slot_access.sol] FAILED
tests/semantic/test_semantics.py::test_semantics[/home/greg/dev/nethermind/warp/tests/semantic/solidity/test/libsolidity/semanticTests/inlineAssembly/calldata_struct_assign_and_return.sol] FAILEDFAILEDFAILED
tests/semantic/test_semantics.py::test_semantics[/home/greg/dev/nethermind/warp/tests/semantic/solidity/test/libsolidity/semanticTests/operators/shifts/bitwise_shifting_constantinople.sol] FAILEDFAILED
tests/semantic/test_semantics.py::test_semantics[/home/greg/dev/nethermind/warp/tests/semantic/solidity/test/libsolidity/semanticTests/operators/shifts/shift_right_garbled_signed_v2.sol] FAILEDFAILED
tests/semantic/test_semantics.py::test_semantics[/home/greg/dev/nethermind/warp/tests/semantic/solidity/test/libsolidity/semanticTests/operators/shifts/shift_right_negative_lvalue_int16.sol] FAILEDFAILED
tests/semantic/test_semantics.py::test_semantics[/home/greg/dev/nethermind/warp/tests/semantic/solidity/test/libsolidity/semanticTests/operators/shifts/shift_right_negative_lvalue_int8.sol] FAILEDFAILED
tests/semantic/test_semantics.py::test_semantics[/home/greg/dev/nethermind/warp/tests/semantic/solidity/test/libsolidity/semanticTests/exponentiation/literal_base.sol] FAILEDFAILED
tests/semantic/test_semantics.py::test_semantics[/home/greg/dev/nethermind/warp/tests/semantic/solidity/test/libsolidity/semanticTests/operators/shifts/bitwise_shifting_constantinople_combined.sol] FAILEDFAILED
tests/semantic/test_semantics.py::test_semantics[/home/greg/dev/nethermind/warp/tests/semantic/solidity/test/libsolidity/semanticTests/exponentiation/signed_base.sol] FAILEDFAILED
tests/semantic/test_semantics.py::test_semantics[/home/greg/dev/nethermind/warp/tests/semantic/solidity/test/libsolidity/semanticTests/abiEncoderV2/abi_encode_calldata_slice.sol] FAILEDFAILED
tests/semantic/test_semantics.py::test_semantics[/home/greg/dev/nethermind/warp/tests/semantic/solidity/test/libsolidity/semanticTests/viaYul/array_storage_length_access.sol] FAILEDFAILED
tests/semantic/test_semantics.py::test_semantics[/home/greg/dev/nethermind/warp/tests/semantic/solidity/test/libsolidity/semanticTests/asmForLoop/for_loop_continue.sol] FAILEDFAILED
tests/semantic/test_semantics.py::test_semantics[/home/greg/dev/nethermind/warp/tests/semantic/solidity/test/libsolidity/semanticTests/abiEncoderV1/abi_encode_calldata_slice.sol] FAILEDFAILED
tests/semantic/test_semantics.py::test_semantics[/home/greg/dev/nethermind/warp/tests/semantic/solidity/test/libsolidity/semanticTests/array/copying/bytes_storage_to_storage.sol] FAILED

=================================== FAILURES ===================================
_ test_semantics[/home/greg/dev/nethermind/warp/tests/semantic/solidity/test/libsolidity/semanticTests/storage/packed_functions.sol] _
tests/semantic/test_semantics.py:130: in test_semantics
    contract_file, get_last_contract(contract_file)
../../../warp_dev/lib/python3.7/site-packages/sol_warp-0.2.12-py3.7.egg/yul/main.py:53: in transpile_from_solidity
    codes = json.loads(result.stdout)
/usr/lib/python3.7/json/__init__.py:348: in loads
    return _default_decoder.decode(s)
/usr/lib/python3.7/json/decoder.py:337: in decode
    obj, end = self.raw_decode(s, idx=_w(s, 0).end())
/usr/lib/python3.7/json/decoder.py:355: in raw_decode
    raise JSONDecodeError("Expecting value", s, err.value) from None
E   json.decoder.JSONDecodeError: Expecting value: line 1 column 1 (char 0)
_ test_semantics[/home/greg/dev/nethermind/warp/tests/semantic/solidity/test/libsolidity/semanticTests/conversions/function_type_array_to_storage.sol] _
tests/semantic/test_semantics.py:130: in test_semantics
    contract_file, get_last_contract(contract_file)
../../../warp_dev/lib/python3.7/site-packages/sol_warp-0.2.12-py3.7.egg/yul/main.py:53: in transpile_from_solidity
    codes = json.loads(result.stdout)
/usr/lib/python3.7/json/__init__.py:348: in loads
    return _default_decoder.decode(s)
/usr/lib/python3.7/json/decoder.py:337: in decode
    obj, end = self.raw_decode(s, idx=_w(s, 0).end())
/usr/lib/python3.7/json/decoder.py:355: in raw_decode
    raise JSONDecodeError("Expecting value", s, err.value) from None
E   json.decoder.JSONDecodeError: Expecting value: line 1 column 1 (char 0)
_ test_semantics[/home/greg/dev/nethermind/warp/tests/semantic/solidity/test/libsolidity/semanticTests/array/function_array_cross_calls.sol] _
tests/semantic/test_semantics.py:130: in test_semantics
    contract_file, get_last_contract(contract_file)
../../../warp_dev/lib/python3.7/site-packages/sol_warp-0.2.12-py3.7.egg/yul/main.py:53: in transpile_from_solidity
    codes = json.loads(result.stdout)
/usr/lib/python3.7/json/__init__.py:348: in loads
    return _default_decoder.decode(s)
/usr/lib/python3.7/json/decoder.py:337: in decode
    obj, end = self.raw_decode(s, idx=_w(s, 0).end())
/usr/lib/python3.7/json/decoder.py:355: in raw_decode
    raise JSONDecodeError("Expecting value", s, err.value) from None
E   json.decoder.JSONDecodeError: Expecting value: line 1 column 1 (char 0)
_ test_semantics[/home/greg/dev/nethermind/warp/tests/semantic/solidity/test/libsolidity/semanticTests/constructor/constructor_function_argument.sol] _
../../../warp_dev/lib/python3.7/site-packages/cairo_lang-0.6.2-py3.7.egg/starkware/starknet/business_logic/internal_transaction.py:539: in _run
    verify_secure=True,
../../../warp_dev/lib/python3.7/site-packages/cairo_lang-0.6.2-py3.7.egg/starkware/cairo/common/cairo_function_runner.py:199: in run_from_entrypoint
    self.run_until_pc(addr=end, run_resources=run_resources)
../../../warp_dev/lib/python3.7/site-packages/cairo_lang-0.6.2-py3.7.egg/starkware/cairo/lang/vm/cairo_runner.py:284: in run_until_pc
    self.vm_step()
../../../warp_dev/lib/python3.7/site-packages/cairo_lang-0.6.2-py3.7.egg/starkware/cairo/lang/vm/cairo_runner.py:298: in vm_step
    self.vm.step()
../../../warp_dev/lib/python3.7/site-packages/cairo_lang-0.6.2-py3.7.egg/starkware/cairo/lang/vm/virtual_machine_base.py:255: in step
    self.run_instruction(instruction)
../../../warp_dev/lib/python3.7/site-packages/cairo_lang-0.6.2-py3.7.egg/starkware/cairo/lang/vm/vm_core.py:422: in run_instruction
    raise self.as_vm_exception(exc) from None
E   starkware.cairo.lang.vm.vm_exceptions.VmException: /home/greg/dev/nethermind/warp/tests/semantic/solidity/test/libsolidity/semanticTests/constructor/constructor_function_argument.cairo.temp:59:9: Error at pc=0:1238:
E   An ASSERT_EQ instruction failed: 1 != 0.
E           assert 0 = 1
E           ^**********^
E   Cairo traceback (most recent call last):
E   /home/greg/dev/nethermind/warp/tests/semantic/solidity/test/libsolidity/semanticTests/constructor/constructor_function_argument.cairo.temp:20:6: (pc=0:1107)
E   func constructor{bitwise_ptr : BitwiseBuiltin*, range_check_ptr}(
E        ^*********^
E   /home/greg/dev/nethermind/warp/tests/semantic/solidity/test/libsolidity/semanticTests/constructor/constructor_function_argument.cairo.temp:31:9: (pc=0:1079)
E           __constructor_meat()
E           ^******************^

During handling of the above exception, another exception occurred:
tests/semantic/test_semantics.py:148: in test_semantics
    starknet, contract_definition, constructor_args
../../../warp_dev/lib/python3.7/site-packages/sol_warp-0.2.12-py3.7.egg/yul/starknet_utils.py:54: in deploy_contract_evm_calldata
    contract_definition=contract_definition, constructor_calldata=cairo_calldata
../../../warp_dev/lib/python3.7/site-packages/cairo_lang-0.6.2-py3.7.egg/starkware/starknet/testing/state.py:104: in deploy
    await tx.apply_state_updates(state=state_copy, general_config=self.general_config)
../../../warp_dev/lib/python3.7/site-packages/cairo_lang-0.6.2-py3.7.egg/starkware/starknet/business_logic/internal_transaction_interface.py:213: in apply_state_updates
    state=state_to_update, general_config=general_config
../../../warp_dev/lib/python3.7/site-packages/cairo_lang-0.6.2-py3.7.egg/starkware/starknet/business_logic/internal_transaction.py:238: in _apply_specific_state_updates
    return await self.invoke_constructor(state=state, general_config=general_config)
../../../warp_dev/lib/python3.7/site-packages/cairo_lang-0.6.2-py3.7.egg/starkware/starknet/business_logic/internal_transaction.py:264: in invoke_constructor
    return await tx._apply_specific_state_updates(state=state, general_config=general_config)
../../../warp_dev/lib/python3.7/site-packages/cairo_lang-0.6.2-py3.7.egg/starkware/starknet/business_logic/internal_transaction.py:405: in _apply_specific_state_updates
    func=_synchronous_apply_specific_state_updates,
/usr/lib/python3.7/concurrent/futures/thread.py:57: in run
    result = self.fn(*self.args, **self.kwargs)
../../../warp_dev/lib/python3.7/site-packages/cairo_lang-0.6.2-py3.7.egg/starkware/starknet/business_logic/internal_transaction.py:433: in _synchronous_apply_specific_state_updates
    run_resources=run_resources,
../../../warp_dev/lib/python3.7/site-packages/cairo_lang-0.6.2-py3.7.egg/starkware/starknet/business_logic/internal_transaction.py:559: in _run
    raise StarkException(code=code, message=str(exception))
E   starkware.starkware_utils.error_handling.StarkException: (500, {'code': <StarknetErrorCode.TRANSACTION_FAILED: 28>, 'message': '/home/greg/dev/nethermind/warp/tests/semantic/solidity/test/libsolidity/semanticTests/constructor/constructor_function_argument.cairo.temp:59:9: Error at pc=0:1238:\nAn ASSERT_EQ instruction failed: 1 != 0.\n        assert 0 = 1\n        ^**********^\nCairo traceback (most recent call last):\n/home/greg/dev/nethermind/warp/tests/semantic/solidity/test/libsolidity/semanticTests/constructor/constructor_function_argument.cairo.temp:20:6: (pc=0:1107)\nfunc constructor{bitwise_ptr : BitwiseBuiltin*, range_check_ptr}(\n     ^*********^\n/home/greg/dev/nethermind/warp/tests/semantic/solidity/test/libsolidity/semanticTests/constructor/constructor_function_argument.cairo.temp:31:9: (pc=0:1079)\n        __constructor_meat()\n        ^******************^'})
_ test_semantics[/home/greg/dev/nethermind/warp/tests/semantic/solidity/test/libsolidity/semanticTests/types/external_function_to_address.sol] _
../../../warp_dev/lib/python3.7/site-packages/cairo_lang-0.6.2-py3.7.egg/starkware/starknet/business_logic/internal_transaction.py:539: in _run
    verify_secure=True,
../../../warp_dev/lib/python3.7/site-packages/cairo_lang-0.6.2-py3.7.egg/starkware/cairo/common/cairo_function_runner.py:199: in run_from_entrypoint
    self.run_until_pc(addr=end, run_resources=run_resources)
../../../warp_dev/lib/python3.7/site-packages/cairo_lang-0.6.2-py3.7.egg/starkware/cairo/lang/vm/cairo_runner.py:284: in run_until_pc
    self.vm_step()
../../../warp_dev/lib/python3.7/site-packages/cairo_lang-0.6.2-py3.7.egg/starkware/cairo/lang/vm/cairo_runner.py:298: in vm_step
    self.vm.step()
../../../warp_dev/lib/python3.7/site-packages/cairo_lang-0.6.2-py3.7.egg/starkware/cairo/lang/vm/virtual_machine_base.py:255: in step
    self.run_instruction(instruction)
../../../warp_dev/lib/python3.7/site-packages/cairo_lang-0.6.2-py3.7.egg/starkware/cairo/lang/vm/vm_core.py:422: in run_instruction
    raise self.as_vm_exception(exc) from None
E   starkware.cairo.lang.vm.vm_exceptions.VmException: /home/greg/dev/nethermind/warp/tests/semantic/solidity/test/libsolidity/semanticTests/types/external_function_to_address.cairo.temp:102:9: Error at pc=0:1873:
E   An ASSERT_EQ instruction failed: 1 != 0.
E           assert 0 = 1
E           ^**********^
E   Cairo traceback (most recent call last):
E   /home/greg/dev/nethermind/warp/tests/semantic/solidity/test/libsolidity/semanticTests/types/external_function_to_address.cairo.temp:35:6: (pc=0:1705)
E   func __main{bitwise_ptr : BitwiseBuiltin*, range_check_ptr}(
E        ^****^
E   /home/greg/dev/nethermind/warp/tests/semantic/solidity/test/libsolidity/semanticTests/types/external_function_to_address.cairo.temp:48:9: (pc=0:1650)
E           __main_meat()
E           ^***********^
E   /home/greg/dev/nethermind/warp/tests/semantic/solidity/test/libsolidity/semanticTests/types/external_function_to_address.cairo.temp:205:5: (pc=0:2174)
E       __warp_if_0(__warp_subexpr_0)
E       ^***************************^
E   /home/greg/dev/nethermind/warp/tests/semantic/solidity/test/libsolidity/semanticTests/types/external_function_to_address.cairo.temp:190:9: (pc=0:2130)
E           __warp_block_0()
E           ^**************^
E   /home/greg/dev/nethermind/warp/tests/semantic/solidity/test/libsolidity/semanticTests/types/external_function_to_address.cairo.temp:181:5: (pc=0:2109)
E       __warp_block_1()
E       ^**************^
E   /home/greg/dev/nethermind/warp/tests/semantic/solidity/test/libsolidity/semanticTests/types/external_function_to_address.cairo.temp:173:5: (pc=0:2098)
E       __warp_block_2(match_var)
E       ^***********************^
E   /home/greg/dev/nethermind/warp/tests/semantic/solidity/test/libsolidity/semanticTests/types/external_function_to_address.cairo.temp:163:5: (pc=0:2065)
E       __warp_if_1(__warp_subexpr_0, match_var)
E       ^**************************************^
E   /home/greg/dev/nethermind/warp/tests/semantic/solidity/test/libsolidity/semanticTests/types/external_function_to_address.cairo.temp:153:9: (pc=0:2032)
E           __warp_block_4(match_var)
E           ^***********************^
E   /home/greg/dev/nethermind/warp/tests/semantic/solidity/test/libsolidity/semanticTests/types/external_function_to_address.cairo.temp:140:5: (pc=0:2016)
E       __warp_if_2(__warp_subexpr_0)
E       ^***************************^
E   /home/greg/dev/nethermind/warp/tests/semantic/solidity/test/libsolidity/semanticTests/types/external_function_to_address.cairo.temp:128:9: (pc=0:1994)
E           __warp_block_5()
E           ^**************^

During handling of the above exception, another exception occurred:
tests/semantic/test_semantics.py:168: in test_semantics
    res = await invoke_method_evm_calldata(starknet, contract_address, argument)
../../../warp_dev/lib/python3.7/site-packages/sol_warp-0.2.12-py3.7.egg/yul/starknet_utils.py:30: in invoke_method_evm_calldata
    caller_address=0,
../../../warp_dev/lib/python3.7/site-packages/cairo_lang-0.6.2-py3.7.egg/starkware/starknet/testing/state.py:153: in invoke_raw
    state=state_copy, general_config=self.general_config
../../../warp_dev/lib/python3.7/site-packages/cairo_lang-0.6.2-py3.7.egg/starkware/starknet/business_logic/internal_transaction_interface.py:213: in apply_state_updates
    state=state_to_update, general_config=general_config
../../../warp_dev/lib/python3.7/site-packages/cairo_lang-0.6.2-py3.7.egg/starkware/starknet/business_logic/internal_transaction.py:405: in _apply_specific_state_updates
    func=_synchronous_apply_specific_state_updates,
/usr/lib/python3.7/concurrent/futures/thread.py:57: in run
    result = self.fn(*self.args, **self.kwargs)
../../../warp_dev/lib/python3.7/site-packages/cairo_lang-0.6.2-py3.7.egg/starkware/starknet/business_logic/internal_transaction.py:433: in _synchronous_apply_specific_state_updates
    run_resources=run_resources,
../../../warp_dev/lib/python3.7/site-packages/cairo_lang-0.6.2-py3.7.egg/starkware/starknet/business_logic/internal_transaction.py:559: in _run
    raise StarkException(code=code, message=str(exception))
E   starkware.starkware_utils.error_handling.StarkException: (500, {'code': <StarknetErrorCode.TRANSACTION_FAILED: 28>, 'message': '/home/greg/dev/nethermind/warp/tests/semantic/solidity/test/libsolidity/semanticTests/types/external_function_to_address.cairo.temp:102:9: Error at pc=0:1873:\nAn ASSERT_EQ instruction failed: 1 != 0.\n        assert 0 = 1\n        ^**********^\nCairo traceback (most recent call last):\n/home/greg/dev/nethermind/warp/tests/semantic/solidity/test/libsolidity/semanticTests/types/external_function_to_address.cairo.temp:35:6: (pc=0:1705)\nfunc __main{bitwise_ptr : BitwiseBuiltin*, range_check_ptr}(\n     ^****^\n/home/greg/dev/nethermind/warp/tests/semantic/solidity/test/libsolidity/semanticTests/types/external_function_to_address.cairo.temp:48:9: (pc=0:1650)\n        __main_meat()\n        ^***********^\n/home/greg/dev/nethermind/warp/tests/semantic/solidity/test/libsolidity/semanticTests/types/external_function_to_address.cairo.temp:205:5: (pc=0:2174)\n    __warp_if_0(__warp_subexpr_0)\n    ^***************************^\n/home/greg/dev/nethermind/warp/tests/semantic/solidity/test/libsolidity/semanticTests/types/external_function_to_address.cairo.temp:190:9: (pc=0:2130)\n        __warp_block_0()\n        ^**************^\n/home/greg/dev/nethermind/warp/tests/semantic/solidity/test/libsolidity/semanticTests/types/external_function_to_address.cairo.temp:181:5: (pc=0:2109)\n    __warp_block_1()\n    ^**************^\n/home/greg/dev/nethermind/warp/tests/semantic/solidity/test/libsolidity/semanticTests/types/external_function_to_address.cairo.temp:173:5: (pc=0:2098)\n    __warp_block_2(match_var)\n    ^***********************^\n/home/greg/dev/nethermind/warp/tests/semantic/solidity/test/libsolidity/semanticTests/types/external_function_to_address.cairo.temp:163:5: (pc=0:2065)\n    __warp_if_1(__warp_subexpr_0, match_var)\n    ^**************************************^\n/home/greg/dev/nethermind/warp/tests/semantic/solidity/test/libsolidity/semanticTests/types/external_function_to_address.cairo.temp:153:9: (pc=0:2032)\n        __warp_block_4(match_var)\n        ^***********************^\n/home/greg/dev/nethermind/warp/tests/semantic/solidity/test/libsolidity/semanticTests/types/external_function_to_address.cairo.temp:140:5: (pc=0:2016)\n    __warp_if_2(__warp_subexpr_0)\n    ^***************************^\n/home/greg/dev/nethermind/warp/tests/semantic/solidity/test/libsolidity/semanticTests/types/external_function_to_address.cairo.temp:128:9: (pc=0:1994)\n        __warp_block_5()\n        ^**************^'})
_ test_semantics[/home/greg/dev/nethermind/warp/tests/semantic/solidity/test/libsolidity/semanticTests/abiEncoderV2/struct/validation_function_type_inside_struct.sol] _
../../../warp_dev/lib/python3.7/site-packages/cairo_lang-0.6.2-py3.7.egg/starkware/starknet/business_logic/internal_transaction.py:539: in _run
    verify_secure=True,
../../../warp_dev/lib/python3.7/site-packages/cairo_lang-0.6.2-py3.7.egg/starkware/cairo/common/cairo_function_runner.py:199: in run_from_entrypoint
    self.run_until_pc(addr=end, run_resources=run_resources)
../../../warp_dev/lib/python3.7/site-packages/cairo_lang-0.6.2-py3.7.egg/starkware/cairo/lang/vm/cairo_runner.py:284: in run_until_pc
    self.vm_step()
../../../warp_dev/lib/python3.7/site-packages/cairo_lang-0.6.2-py3.7.egg/starkware/cairo/lang/vm/cairo_runner.py:298: in vm_step
    self.vm.step()
../../../warp_dev/lib/python3.7/site-packages/cairo_lang-0.6.2-py3.7.egg/starkware/cairo/lang/vm/virtual_machine_base.py:255: in step
    self.run_instruction(instruction)
../../../warp_dev/lib/python3.7/site-packages/cairo_lang-0.6.2-py3.7.egg/starkware/cairo/lang/vm/vm_core.py:422: in run_instruction
    raise self.as_vm_exception(exc) from None
E   starkware.cairo.lang.vm.vm_exceptions.VmException: /home/greg/dev/nethermind/warp/tests/semantic/solidity/test/libsolidity/semanticTests/abiEncoderV2/struct/validation_function_type_inside_struct.cairo.temp:140:9: Error at pc=0:2024:
E   An ASSERT_EQ instruction failed: 1 != 0.
E           assert 0 = 1
E           ^**********^
E   Cairo traceback (most recent call last):
E   /home/greg/dev/nethermind/warp/tests/semantic/solidity/test/libsolidity/semanticTests/abiEncoderV2/struct/validation_function_type_inside_struct.cairo.temp:35:6: (pc=0:1736)
E   func __main{bitwise_ptr : BitwiseBuiltin*, range_check_ptr}(
E        ^****^
E   /home/greg/dev/nethermind/warp/tests/semantic/solidity/test/libsolidity/semanticTests/abiEncoderV2/struct/validation_function_type_inside_struct.cairo.temp:48:9: (pc=0:1681)
E           __main_meat()
E           ^***********^
E   /home/greg/dev/nethermind/warp/tests/semantic/solidity/test/libsolidity/semanticTests/abiEncoderV2/struct/validation_function_type_inside_struct.cairo.temp:260:5: (pc=0:2408)
E       __warp_if_0(__warp_subexpr_0)
E       ^***************************^
E   /home/greg/dev/nethermind/warp/tests/semantic/solidity/test/libsolidity/semanticTests/abiEncoderV2/struct/validation_function_type_inside_struct.cairo.temp:245:9: (pc=0:2364)
E           __warp_block_0()
E           ^**************^
E   /home/greg/dev/nethermind/warp/tests/semantic/solidity/test/libsolidity/semanticTests/abiEncoderV2/struct/validation_function_type_inside_struct.cairo.temp:236:5: (pc=0:2343)
E       __warp_block_1(match_var)
E       ^***********************^
E   /home/greg/dev/nethermind/warp/tests/semantic/solidity/test/libsolidity/semanticTests/abiEncoderV2/struct/validation_function_type_inside_struct.cairo.temp:226:5: (pc=0:2310)
E       __warp_if_1(__warp_subexpr_0, match_var)
E       ^**************************************^
E   /home/greg/dev/nethermind/warp/tests/semantic/solidity/test/libsolidity/semanticTests/abiEncoderV2/struct/validation_function_type_inside_struct.cairo.temp:216:9: (pc=0:2277)
E           __warp_block_3(match_var)
E           ^***********************^
E   /home/greg/dev/nethermind/warp/tests/semantic/solidity/test/libsolidity/semanticTests/abiEncoderV2/struct/validation_function_type_inside_struct.cairo.temp:203:5: (pc=0:2261)
E       __warp_if_2(__warp_subexpr_0, match_var)
E       ^**************************************^
E   /home/greg/dev/nethermind/warp/tests/semantic/solidity/test/libsolidity/semanticTests/abiEncoderV2/struct/validation_function_type_inside_struct.cairo.temp:193:9: (pc=0:2228)
E           __warp_block_5(match_var)
E           ^***********************^
E   /home/greg/dev/nethermind/warp/tests/semantic/solidity/test/libsolidity/semanticTests/abiEncoderV2/struct/validation_function_type_inside_struct.cairo.temp:180:5: (pc=0:2212)
E       __warp_if_3(__warp_subexpr_0)
E       ^***************************^
E   /home/greg/dev/nethermind/warp/tests/semantic/solidity/test/libsolidity/semanticTests/abiEncoderV2/struct/validation_function_type_inside_struct.cairo.temp:168:9: (pc=0:2190)
E           __warp_block_6()
E           ^**************^

During handling of the above exception, another exception occurred:
tests/semantic/test_semantics.py:168: in test_semantics
    res = await invoke_method_evm_calldata(starknet, contract_address, argument)
../../../warp_dev/lib/python3.7/site-packages/sol_warp-0.2.12-py3.7.egg/yul/starknet_utils.py:30: in invoke_method_evm_calldata
    caller_address=0,
../../../warp_dev/lib/python3.7/site-packages/cairo_lang-0.6.2-py3.7.egg/starkware/starknet/testing/state.py:153: in invoke_raw
    state=state_copy, general_config=self.general_config
../../../warp_dev/lib/python3.7/site-packages/cairo_lang-0.6.2-py3.7.egg/starkware/starknet/business_logic/internal_transaction_interface.py:213: in apply_state_updates
    state=state_to_update, general_config=general_config
../../../warp_dev/lib/python3.7/site-packages/cairo_lang-0.6.2-py3.7.egg/starkware/starknet/business_logic/internal_transaction.py:405: in _apply_specific_state_updates
    func=_synchronous_apply_specific_state_updates,
/usr/lib/python3.7/concurrent/futures/thread.py:57: in run
    result = self.fn(*self.args, **self.kwargs)
../../../warp_dev/lib/python3.7/site-packages/cairo_lang-0.6.2-py3.7.egg/starkware/starknet/business_logic/internal_transaction.py:433: in _synchronous_apply_specific_state_updates
    run_resources=run_resources,
../../../warp_dev/lib/python3.7/site-packages/cairo_lang-0.6.2-py3.7.egg/starkware/starknet/business_logic/internal_transaction.py:559: in _run
    raise StarkException(code=code, message=str(exception))
E   starkware.starkware_utils.error_handling.StarkException: (500, {'code': <StarknetErrorCode.TRANSACTION_FAILED: 28>, 'message': '/home/greg/dev/nethermind/warp/tests/semantic/solidity/test/libsolidity/semanticTests/abiEncoderV2/struct/validation_function_type_inside_struct.cairo.temp:140:9: Error at pc=0:2024:\nAn ASSERT_EQ instruction failed: 1 != 0.\n        assert 0 = 1\n        ^**********^\nCairo traceback (most recent call last):\n/home/greg/dev/nethermind/warp/tests/semantic/solidity/test/libsolidity/semanticTests/abiEncoderV2/struct/validation_function_type_inside_struct.cairo.temp:35:6: (pc=0:1736)\nfunc __main{bitwise_ptr : BitwiseBuiltin*, range_check_ptr}(\n     ^****^\n/home/greg/dev/nethermind/warp/tests/semantic/solidity/test/libsolidity/semanticTests/abiEncoderV2/struct/validation_function_type_inside_struct.cairo.temp:48:9: (pc=0:1681)\n        __main_meat()\n        ^***********^\n/home/greg/dev/nethermind/warp/tests/semantic/solidity/test/libsolidity/semanticTests/abiEncoderV2/struct/validation_function_type_inside_struct.cairo.temp:260:5: (pc=0:2408)\n    __warp_if_0(__warp_subexpr_0)\n    ^***************************^\n/home/greg/dev/nethermind/warp/tests/semantic/solidity/test/libsolidity/semanticTests/abiEncoderV2/struct/validation_function_type_inside_struct.cairo.temp:245:9: (pc=0:2364)\n        __warp_block_0()\n        ^**************^\n/home/greg/dev/nethermind/warp/tests/semantic/solidity/test/libsolidity/semanticTests/abiEncoderV2/struct/validation_function_type_inside_struct.cairo.temp:236:5: (pc=0:2343)\n    __warp_block_1(match_var)\n    ^***********************^\n/home/greg/dev/nethermind/warp/tests/semantic/solidity/test/libsolidity/semanticTests/abiEncoderV2/struct/validation_function_type_inside_struct.cairo.temp:226:5: (pc=0:2310)\n    __warp_if_1(__warp_subexpr_0, match_var)\n    ^**************************************^\n/home/greg/dev/nethermind/warp/tests/semantic/solidity/test/libsolidity/semanticTests/abiEncoderV2/struct/validation_function_type_inside_struct.cairo.temp:216:9: (pc=0:2277)\n        __warp_block_3(match_var)\n        ^***********************^\n/home/greg/dev/nethermind/warp/tests/semantic/solidity/test/libsolidity/semanticTests/abiEncoderV2/struct/validation_function_type_inside_struct.cairo.temp:203:5: (pc=0:2261)\n    __warp_if_2(__warp_subexpr_0, match_var)\n    ^**************************************^\n/home/greg/dev/nethermind/warp/tests/semantic/solidity/test/libsolidity/semanticTests/abiEncoderV2/struct/validation_function_type_inside_struct.cairo.temp:193:9: (pc=0:2228)\n        __warp_block_5(match_var)\n        ^***********************^\n/home/greg/dev/nethermind/warp/tests/semantic/solidity/test/libsolidity/semanticTests/abiEncoderV2/struct/validation_function_type_inside_struct.cairo.temp:180:5: (pc=0:2212)\n    __warp_if_3(__warp_subexpr_0)\n    ^***************************^\n/home/greg/dev/nethermind/warp/tests/semantic/solidity/test/libsolidity/semanticTests/abiEncoderV2/struct/validation_function_type_inside_struct.cairo.temp:168:9: (pc=0:2190)\n        __warp_block_6()\n        ^**************^'})
_ test_semantics[/home/greg/dev/nethermind/warp/tests/semantic/solidity/test/libsolidity/semanticTests/various/byte_optimization_bug.sol] _
FAILURE: /home/greg/dev/nethermind/warp/tests/semantic/solidity/test/libsolidity/semanticTests/various/byte_optimization_bug.cairo.temp
assert '0x0000000000...0000000000002' == '0x0000000000...0000000000000'
  - 0x0000000000000000000000000000000000000000000000000000000000000000
  ?                                                                  ^
  + 0x0000000000000000000000000000000000000000000000000000000000000002
  ?                                                                  ^
tests/semantic/test_semantics.py:182 in test_semantics() -> check.equal(final_res, expected_result, cairo_file_path)
------------------------------------------------------------
Failed Checks: 1
_ test_semantics[/home/greg/dev/nethermind/warp/tests/semantic/solidity/test/libsolidity/semanticTests/calldata/calldata_bytes_to_memory.sol] _
../../../warp_dev/lib/python3.7/site-packages/cairo_lang-0.6.2-py3.7.egg/starkware/starknet/business_logic/internal_transaction.py:539: in _run
    verify_secure=True,
../../../warp_dev/lib/python3.7/site-packages/cairo_lang-0.6.2-py3.7.egg/starkware/cairo/common/cairo_function_runner.py:199: in run_from_entrypoint
    self.run_until_pc(addr=end, run_resources=run_resources)
../../../warp_dev/lib/python3.7/site-packages/cairo_lang-0.6.2-py3.7.egg/starkware/cairo/lang/vm/cairo_runner.py:284: in run_until_pc
    self.vm_step()
../../../warp_dev/lib/python3.7/site-packages/cairo_lang-0.6.2-py3.7.egg/starkware/cairo/lang/vm/cairo_runner.py:298: in vm_step
    self.vm.step()
../../../warp_dev/lib/python3.7/site-packages/cairo_lang-0.6.2-py3.7.egg/starkware/cairo/lang/vm/virtual_machine_base.py:241: in step
    self.exec_hint(hint.compiled, exec_locals, hint_index=hint_index)
../../../warp_dev/lib/python3.7/site-packages/cairo_lang-0.6.2-py3.7.egg/starkware/cairo/lang/vm/virtual_machine_base.py:281: in exec_hint
    ) from None
E   starkware.cairo.lang.vm.vm_exceptions.VmException: /home/greg/warp_dev/lib/python3.7/site-packages/cairo_lang-0.6.2-py3.7.egg/starkware/cairo/common/keccak.cairo:12:5: Error at pc=0:1700:
E   Got an exception while executing a hint.
E       %{
E       ^^
E   Cairo traceback (most recent call last):
E   /home/greg/dev/nethermind/warp/tests/semantic/solidity/test/libsolidity/semanticTests/calldata/calldata_bytes_to_memory.cairo.temp:36:6: (pc=0:1942)
E   func __main{bitwise_ptr : BitwiseBuiltin*, range_check_ptr}(
E        ^****^
E   /home/greg/dev/nethermind/warp/tests/semantic/solidity/test/libsolidity/semanticTests/calldata/calldata_bytes_to_memory.cairo.temp:49:9: (pc=0:1887)
E           __main_meat()
E           ^***********^
E   /home/greg/dev/nethermind/warp/tests/semantic/solidity/test/libsolidity/semanticTests/calldata/calldata_bytes_to_memory.cairo.temp:215:5: (pc=0:2620)
E       __warp_if_0(__warp_subexpr_0)
E       ^***************************^
E   /home/greg/dev/nethermind/warp/tests/semantic/solidity/test/libsolidity/semanticTests/calldata/calldata_bytes_to_memory.cairo.temp:200:9: (pc=0:2576)
E           __warp_block_0()
E           ^**************^
E   /home/greg/dev/nethermind/warp/tests/semantic/solidity/test/libsolidity/semanticTests/calldata/calldata_bytes_to_memory.cairo.temp:191:5: (pc=0:2555)
E       __warp_if_1(__warp_subexpr_0)
E       ^***************************^
E   /home/greg/dev/nethermind/warp/tests/semantic/solidity/test/libsolidity/semanticTests/calldata/calldata_bytes_to_memory.cairo.temp:177:9: (pc=0:2512)
E           __warp_block_1()
E           ^**************^
E   /home/greg/dev/nethermind/warp/tests/semantic/solidity/test/libsolidity/semanticTests/calldata/calldata_bytes_to_memory.cairo.temp:164:41: (pc=0:2445)
E       let (ret__warp_mangled : Uint256) = fun_f(__warp_subexpr_14, length)
E                                           ^******************************^
E   /home/greg/dev/nethermind/warp/tests/semantic/solidity/test/libsolidity/semanticTests/calldata/calldata_bytes_to_memory.cairo.temp:108:27: (pc=0:2216)
E       let (var : Uint256) = uint256_sha(dst, __warp_subexpr_13)
E                             ^*********************************^
E   /home/greg/dev/nethermind/warp/warp/cairo-src/evm/hashing.cairo:22:12: (pc=0:1735)
E       return sha(offset.low, size.low)
E              ^***********************^
E   /home/greg/dev/nethermind/warp/warp/cairo-src/evm/hashing.cairo:16:23: (pc=0:1720)
E       let (low, high) = unsafe_keccak(memval, size)
E                         ^*************************^
E   
E   Traceback (most recent call last):
E     File "/home/greg/warp_dev/lib/python3.7/site-packages/cairo_lang-0.6.2-py3.7.egg/starkware/cairo/common/keccak.cairo", line 26, in <module>
E       assert 0 <= word < 2 ** (8 * n_bytes)
E   AssertionError

During handling of the above exception, another exception occurred:
tests/semantic/test_semantics.py:168: in test_semantics
    res = await invoke_method_evm_calldata(starknet, contract_address, argument)
../../../warp_dev/lib/python3.7/site-packages/sol_warp-0.2.12-py3.7.egg/yul/starknet_utils.py:30: in invoke_method_evm_calldata
    caller_address=0,
../../../warp_dev/lib/python3.7/site-packages/cairo_lang-0.6.2-py3.7.egg/starkware/starknet/testing/state.py:153: in invoke_raw
    state=state_copy, general_config=self.general_config
../../../warp_dev/lib/python3.7/site-packages/cairo_lang-0.6.2-py3.7.egg/starkware/starknet/business_logic/internal_transaction_interface.py:213: in apply_state_updates
    state=state_to_update, general_config=general_config
../../../warp_dev/lib/python3.7/site-packages/cairo_lang-0.6.2-py3.7.egg/starkware/starknet/business_logic/internal_transaction.py:405: in _apply_specific_state_updates
    func=_synchronous_apply_specific_state_updates,
/usr/lib/python3.7/concurrent/futures/thread.py:57: in run
    result = self.fn(*self.args, **self.kwargs)
../../../warp_dev/lib/python3.7/site-packages/cairo_lang-0.6.2-py3.7.egg/starkware/starknet/business_logic/internal_transaction.py:433: in _synchronous_apply_specific_state_updates
    run_resources=run_resources,
../../../warp_dev/lib/python3.7/site-packages/cairo_lang-0.6.2-py3.7.egg/starkware/starknet/business_logic/internal_transaction.py:559: in _run
    raise StarkException(code=code, message=str(exception))
E   starkware.starkware_utils.error_handling.StarkException: (500, {'code': <StarknetErrorCode.TRANSACTION_FAILED: 28>, 'message': '/home/greg/warp_dev/lib/python3.7/site-packages/cairo_lang-0.6.2-py3.7.egg/starkware/cairo/common/keccak.cairo:12:5: Error at pc=0:1700:\nGot an exception while executing a hint.\n    %{\n    ^^\nCairo traceback (most recent call last):\n/home/greg/dev/nethermind/warp/tests/semantic/solidity/test/libsolidity/semanticTests/calldata/calldata_bytes_to_memory.cairo.temp:36:6: (pc=0:1942)\nfunc __main{bitwise_ptr : BitwiseBuiltin*, range_check_ptr}(\n     ^****^\n/home/greg/dev/nethermind/warp/tests/semantic/solidity/test/libsolidity/semanticTests/calldata/calldata_bytes_to_memory.cairo.temp:49:9: (pc=0:1887)\n        __main_meat()\n        ^***********^\n/home/greg/dev/nethermind/warp/tests/semantic/solidity/test/libsolidity/semanticTests/calldata/calldata_bytes_to_memory.cairo.temp:215:5: (pc=0:2620)\n    __warp_if_0(__warp_subexpr_0)\n    ^***************************^\n/home/greg/dev/nethermind/warp/tests/semantic/solidity/test/libsolidity/semanticTests/calldata/calldata_bytes_to_memory.cairo.temp:200:9: (pc=0:2576)\n        __warp_block_0()\n        ^**************^\n/home/greg/dev/nethermind/warp/tests/semantic/solidity/test/libsolidity/semanticTests/calldata/calldata_bytes_to_memory.cairo.temp:191:5: (pc=0:2555)\n    __warp_if_1(__warp_subexpr_0)\n    ^***************************^\n/home/greg/dev/nethermind/warp/tests/semantic/solidity/test/libsolidity/semanticTests/calldata/calldata_bytes_to_memory.cairo.temp:177:9: (pc=0:2512)\n        __warp_block_1()\n        ^**************^\n/home/greg/dev/nethermind/warp/tests/semantic/solidity/test/libsolidity/semanticTests/calldata/calldata_bytes_to_memory.cairo.temp:164:41: (pc=0:2445)\n    let (ret__warp_mangled : Uint256) = fun_f(__warp_subexpr_14, length)\n                                        ^******************************^\n/home/greg/dev/nethermind/warp/tests/semantic/solidity/test/libsolidity/semanticTests/calldata/calldata_bytes_to_memory.cairo.temp:108:27: (pc=0:2216)\n    let (var : Uint256) = uint256_sha(dst, __warp_subexpr_13)\n                          ^*********************************^\n/home/greg/dev/nethermind/warp/warp/cairo-src/evm/hashing.cairo:22:12: (pc=0:1735)\n    return sha(offset.low, size.low)\n           ^***********************^\n/home/greg/dev/nethermind/warp/warp/cairo-src/evm/hashing.cairo:16:23: (pc=0:1720)\n    let (low, high) = unsafe_keccak(memval, size)\n                      ^*************************^\n\nTraceback (most recent call last):\n  File "/home/greg/warp_dev/lib/python3.7/site-packages/cairo_lang-0.6.2-py3.7.egg/starkware/cairo/common/keccak.cairo", line 26, in <module>\n    assert 0 <= word < 2 ** (8 * n_bytes)\nAssertionError'})
_ test_semantics[/home/greg/dev/nethermind/warp/tests/semantic/solidity/test/libsolidity/semanticTests/abiEncoderV2/struct/struct_validation.sol] _
../../../warp_dev/lib/python3.7/site-packages/cairo_lang-0.6.2-py3.7.egg/starkware/starknet/business_logic/internal_transaction.py:539: in _run
    verify_secure=True,
../../../warp_dev/lib/python3.7/site-packages/cairo_lang-0.6.2-py3.7.egg/starkware/cairo/common/cairo_function_runner.py:199: in run_from_entrypoint
    self.run_until_pc(addr=end, run_resources=run_resources)
../../../warp_dev/lib/python3.7/site-packages/cairo_lang-0.6.2-py3.7.egg/starkware/cairo/lang/vm/cairo_runner.py:284: in run_until_pc
    self.vm_step()
../../../warp_dev/lib/python3.7/site-packages/cairo_lang-0.6.2-py3.7.egg/starkware/cairo/lang/vm/cairo_runner.py:298: in vm_step
    self.vm.step()
../../../warp_dev/lib/python3.7/site-packages/cairo_lang-0.6.2-py3.7.egg/starkware/cairo/lang/vm/virtual_machine_base.py:255: in step
    self.run_instruction(instruction)
../../../warp_dev/lib/python3.7/site-packages/cairo_lang-0.6.2-py3.7.egg/starkware/cairo/lang/vm/vm_core.py:422: in run_instruction
    raise self.as_vm_exception(exc) from None
E   starkware.cairo.lang.vm.vm_exceptions.VmException: /home/greg/dev/nethermind/warp/warp/cairo-src/evm/uint256.cairo:157:5: Error at pc=0:1253:
E   An ASSERT_EQ instruction failed: 0 != 1.
E       assert overflow_check = 1
E       ^***********************^
E   Cairo traceback (most recent call last):
E   /home/greg/dev/nethermind/warp/tests/semantic/solidity/test/libsolidity/semanticTests/abiEncoderV2/struct/struct_validation.cairo.temp:35:6: (pc=0:2169)
E   func __main{bitwise_ptr : BitwiseBuiltin*, range_check_ptr}(
E        ^****^
E   /home/greg/dev/nethermind/warp/tests/semantic/solidity/test/libsolidity/semanticTests/abiEncoderV2/struct/struct_validation.cairo.temp:48:9: (pc=0:2114)
E           __main_meat()
E           ^***********^
E   /home/greg/dev/nethermind/warp/tests/semantic/solidity/test/libsolidity/semanticTests/abiEncoderV2/struct/struct_validation.cairo.temp:189:5: (pc=0:2683)
E       __warp_if_0(__warp_subexpr_0)
E       ^***************************^
E   /home/greg/dev/nethermind/warp/tests/semantic/solidity/test/libsolidity/semanticTests/abiEncoderV2/struct/struct_validation.cairo.temp:174:9: (pc=0:2639)
E           __warp_block_0()
E           ^**************^
E   /home/greg/dev/nethermind/warp/tests/semantic/solidity/test/libsolidity/semanticTests/abiEncoderV2/struct/struct_validation.cairo.temp:165:5: (pc=0:2618)
E       __warp_if_1(__warp_subexpr_0)
E       ^***************************^
E   /home/greg/dev/nethermind/warp/tests/semantic/solidity/test/libsolidity/semanticTests/abiEncoderV2/struct/struct_validation.cairo.temp:151:9: (pc=0:2575)
E           __warp_block_1()
E           ^**************^
E   /home/greg/dev/nethermind/warp/tests/semantic/solidity/test/libsolidity/semanticTests/abiEncoderV2/struct/struct_validation.cairo.temp:117:40: (pc=0:2413)
E       let (__warp_subexpr_5 : Uint256) = uint256_signextend(Uint256(low=1, high=0), value)
E                                          ^***********************************************^

During handling of the above exception, another exception occurred:
tests/semantic/test_semantics.py:168: in test_semantics
    res = await invoke_method_evm_calldata(starknet, contract_address, argument)
../../../warp_dev/lib/python3.7/site-packages/sol_warp-0.2.12-py3.7.egg/yul/starknet_utils.py:30: in invoke_method_evm_calldata
    caller_address=0,
../../../warp_dev/lib/python3.7/site-packages/cairo_lang-0.6.2-py3.7.egg/starkware/starknet/testing/state.py:153: in invoke_raw
    state=state_copy, general_config=self.general_config
../../../warp_dev/lib/python3.7/site-packages/cairo_lang-0.6.2-py3.7.egg/starkware/starknet/business_logic/internal_transaction_interface.py:213: in apply_state_updates
    state=state_to_update, general_config=general_config
../../../warp_dev/lib/python3.7/site-packages/cairo_lang-0.6.2-py3.7.egg/starkware/starknet/business_logic/internal_transaction.py:405: in _apply_specific_state_updates
    func=_synchronous_apply_specific_state_updates,
/usr/lib/python3.7/concurrent/futures/thread.py:57: in run
    result = self.fn(*self.args, **self.kwargs)
../../../warp_dev/lib/python3.7/site-packages/cairo_lang-0.6.2-py3.7.egg/starkware/starknet/business_logic/internal_transaction.py:433: in _synchronous_apply_specific_state_updates
    run_resources=run_resources,
../../../warp_dev/lib/python3.7/site-packages/cairo_lang-0.6.2-py3.7.egg/starkware/starknet/business_logic/internal_transaction.py:559: in _run
    raise StarkException(code=code, message=str(exception))
[...]
    RemovedInMarshmallow4Warning,

-- Docs: https://docs.pytest.org/en/stable/warnings.html
=========================== short test summary info ============================
FAILED tests/semantic/test_semantics.py::test_semantics[/home/greg/dev/nethermind/warp/tests/semantic/solidity/test/libsolidity/semanticTests/storage/packed_functions.sol]
FAILED tests/semantic/test_semantics.py::test_semantics[/home/greg/dev/nethermind/warp/tests/semantic/solidity/test/libsolidity/semanticTests/conversions/function_type_array_to_storage.sol]
FAILED tests/semantic/test_semantics.py::test_semantics[/home/greg/dev/nethermind/warp/tests/semantic/solidity/test/libsolidity/semanticTests/array/function_array_cross_calls.sol]
FAILED tests/semantic/test_semantics.py::test_semantics[/home/greg/dev/nethermind/warp/tests/semantic/solidity/test/libsolidity/semanticTests/constructor/constructor_function_argument.sol]
FAILED tests/semantic/test_semantics.py::test_semantics[/home/greg/dev/nethermind/warp/tests/semantic/solidity/test/libsolidity/semanticTests/types/external_function_to_address.sol]
FAILED tests/semantic/test_semantics.py::test_semantics[/home/greg/dev/nethermind/warp/tests/semantic/solidity/test/libsolidity/semanticTests/abiEncoderV2/struct/validation_function_type_inside_struct.sol]
FAILED tests/semantic/test_semantics.py::test_semantics[/home/greg/dev/nethermind/warp/tests/semantic/solidity/test/libsolidity/semanticTests/various/byte_optimization_bug.sol]
FAILED tests/semantic/test_semantics.py::test_semantics[/home/greg/dev/nethermind/warp/tests/semantic/solidity/test/libsolidity/semanticTests/calldata/calldata_bytes_to_memory.sol]
FAILED tests/semantic/test_semantics.py::test_semantics[/home/greg/dev/nethermind/warp/tests/semantic/solidity/test/libsolidity/semanticTests/abiEncoderV2/struct/struct_validation.sol]
FAILED tests/semantic/test_semantics.py::test_semantics[/home/greg/dev/nethermind/warp/tests/semantic/solidity/test/libsolidity/semanticTests/dirty_calldata_dynamic_array.sol]
FAILED tests/semantic/test_semantics.py::test_semantics[/home/greg/dev/nethermind/warp/tests/semantic/solidity/test/libsolidity/semanticTests/storage/packed_storage_signed.sol]
FAILED tests/semantic/test_semantics.py::test_semantics[/home/greg/dev/nethermind/warp/tests/semantic/solidity/test/libsolidity/semanticTests/various/positive_integers_to_signed.sol]
FAILED tests/semantic/test_semantics.py::test_semantics[/home/greg/dev/nethermind/warp/tests/semantic/solidity/test/libsolidity/semanticTests/modifiers/modifer_recursive.sol]
FAILED tests/semantic/test_semantics.py::test_semantics[/home/greg/dev/nethermind/warp/tests/semantic/solidity/test/libsolidity/semanticTests/inheritance/inherited_function_calldata_memory_interface.sol]
FAILED tests/semantic/test_semantics.py::test_semantics[/home/greg/dev/nethermind/warp/tests/semantic/solidity/test/libsolidity/semanticTests/inheritance/inherited_function_calldata_calldata_interface.sol]
FAILED tests/semantic/test_semantics.py::test_semantics[/home/greg/dev/nethermind/warp/tests/semantic/solidity/test/libsolidity/semanticTests/inheritance/address_overload_resolution.sol]
FAILED tests/semantic/test_semantics.py::test_semantics[/home/greg/dev/nethermind/warp/tests/semantic/solidity/test/libsolidity/semanticTests/array/delete/delete_storage_array.sol]
FAILED tests/semantic/test_semantics.py::test_semantics[/home/greg/dev/nethermind/warp/tests/semantic/solidity/test/libsolidity/semanticTests/abiEncoderV2/struct/struct_function.sol]
FAILED tests/semantic/test_semantics.py::test_semantics[/home/greg/dev/nethermind/warp/tests/semantic/solidity/test/libsolidity/semanticTests/freeFunctions/free_runtimecode.sol]
FAILED tests/semantic/test_semantics.py::test_semantics[/home/greg/dev/nethermind/warp/tests/semantic/solidity/test/libsolidity/semanticTests/freeFunctions/new_operator.sol]
FAILED tests/semantic/test_semantics.py::test_semantics[/home/greg/dev/nethermind/warp/tests/semantic/solidity/test/libsolidity/semanticTests/array/push/byte_array_push_transition.sol]
FAILED tests/semantic/test_semantics.py::test_semantics[/home/greg/dev/nethermind/warp/tests/semantic/solidity/test/libsolidity/semanticTests/abiEncoderV2/cleanup/function.sol]
FAILED tests/semantic/test_semantics.py::test_semantics[/home/greg/dev/nethermind/warp/tests/semantic/solidity/test/libsolidity/semanticTests/viaYul/array_function_pointers.sol]
FAILED tests/semantic/test_semantics.py::test_semantics[/home/greg/dev/nethermind/warp/tests/semantic/solidity/test/libsolidity/semanticTests/viaYul/string_format.sol]
FAILED tests/semantic/test_semantics.py::test_semantics[/home/greg/dev/nethermind/warp/tests/semantic/solidity/test/libsolidity/semanticTests/viaYul/exp_various.sol]
FAILED tests/semantic/test_semantics.py::test_semantics[/home/greg/dev/nethermind/warp/tests/semantic/solidity/test/libsolidity/semanticTests/arithmetics/exp_associativity.sol]
FAILED tests/semantic/test_semantics.py::test_semantics[/home/greg/dev/nethermind/warp/tests/semantic/solidity/test/libsolidity/semanticTests/abiEncoderV2/cleanup/intx.sol]
FAILED tests/semantic/test_semantics.py::test_semantics[/home/greg/dev/nethermind/warp/tests/semantic/solidity/test/libsolidity/semanticTests/array/concat/bytes_concat_as_argument.sol]
FAILED tests/semantic/test_semantics.py::test_semantics[/home/greg/dev/nethermind/warp/tests/semantic/solidity/test/libsolidity/semanticTests/array/byte_array_transitional_2.sol]
FAILED tests/semantic/test_semantics.py::test_semantics[/home/greg/dev/nethermind/warp/tests/semantic/solidity/test/libsolidity/semanticTests/array/indexAccess/index_access.sol]
FAILED tests/semantic/test_semantics.py::test_semantics[/home/greg/dev/nethermind/warp/tests/semantic/solidity/test/libsolidity/semanticTests/optimizer/shift_bytes.sol]
FAILED tests/semantic/test_semantics.py::test_semantics[/home/greg/dev/nethermind/warp/tests/semantic/solidity/test/libsolidity/semanticTests/viaYul/function_address.sol]
FAILED tests/semantic/test_semantics.py::test_semantics[/home/greg/dev/nethermind/warp/tests/semantic/solidity/test/libsolidity/semanticTests/array/slices/array_slice_calldata_as_argument_of_external_calls.sol]
FAILED tests/semantic/test_semantics.py::test_semantics[/home/greg/dev/nethermind/warp/tests/semantic/solidity/test/libsolidity/semanticTests/viaYul/array_storage_index_zeroed_test.sol]
FAILED tests/semantic/test_semantics.py::test_semantics[/home/greg/dev/nethermind/warp/tests/semantic/solidity/test/libsolidity/semanticTests/array/indexAccess/fixed_bytes_index_access.sol]
FAILED tests/semantic/test_semantics.py::test_semantics[/home/greg/dev/nethermind/warp/tests/semantic/solidity/test/libsolidity/semanticTests/array/byte_array_storage_layout.sol]
FAILED tests/semantic/test_semantics.py::test_semantics[/home/greg/dev/nethermind/warp/tests/semantic/solidity/test/libsolidity/semanticTests/array/copying/array_copy_target_leftover.sol]
FAILED tests/semantic/test_semantics.py::test_semantics[/home/greg/dev/nethermind/warp/tests/semantic/solidity/test/libsolidity/semanticTests/array/copying/copy_byte_array_to_storage.sol]
FAILED tests/semantic/test_semantics.py::test_semantics[/home/greg/dev/nethermind/warp/tests/semantic/solidity/test/libsolidity/semanticTests/viaYul/function_selector.sol]
FAILED tests/semantic/test_semantics.py::test_semantics[/home/greg/dev/nethermind/warp/tests/semantic/solidity/test/libsolidity/semanticTests/viaYul/loops/return.sol]
FAILED tests/semantic/test_semantics.py::test_semantics[/home/greg/dev/nethermind/warp/tests/semantic/solidity/test/libsolidity/semanticTests/functionTypes/store_function.sol]
FAILED tests/semantic/test_semantics.py::test_semantics[/home/greg/dev/nethermind/warp/tests/semantic/solidity/test/libsolidity/semanticTests/viaYul/keccak.sol]
FAILED tests/semantic/test_semantics.py::test_semantics[/home/greg/dev/nethermind/warp/tests/semantic/solidity/test/libsolidity/semanticTests/functionTypes/struct_with_external_function.sol]
FAILED tests/semantic/test_semantics.py::test_semantics[/home/greg/dev/nethermind/warp/tests/semantic/solidity/test/libsolidity/semanticTests/functionTypes/function_external_delete_storage.sol]
FAILED tests/semantic/test_semantics.py::test_semantics[/home/greg/dev/nethermind/warp/tests/semantic/solidity/test/libsolidity/semanticTests/viaYul/loops/continue.sol]
FAILED tests/semantic/test_semantics.py::test_semantics[/home/greg/dev/nethermind/warp/tests/semantic/solidity/test/libsolidity/semanticTests/viaYul/exp_literals_success.sol]
FAILED tests/semantic/test_semantics.py::test_semantics[/home/greg/dev/nethermind/warp/tests/semantic/solidity/test/libsolidity/semanticTests/modifiers/continue_in_modifier.sol]
FAILED tests/semantic/test_semantics.py::test_semantics[/home/greg/dev/nethermind/warp/tests/semantic/solidity/test/libsolidity/semanticTests/viaYul/dirty_calldata_struct.sol]
FAILED tests/semantic/test_semantics.py::test_semantics[/home/greg/dev/nethermind/warp/tests/semantic/solidity/test/libsolidity/semanticTests/viaYul/exp.sol]
FAILED tests/semantic/test_semantics.py::test_semantics[/home/greg/dev/nethermind/warp/tests/semantic/solidity/test/libsolidity/semanticTests/viaYul/array_storage_push_empty_length_address.sol]
FAILED tests/semantic/test_semantics.py::test_semantics[/home/greg/dev/nethermind/warp/tests/semantic/solidity/test/libsolidity/semanticTests/array/copying/array_copy_storage_abi_signed.sol]
FAILED tests/semantic/test_semantics.py::test_semantics[/home/greg/dev/nethermind/warp/tests/semantic/solidity/test/libsolidity/semanticTests/storage/chop_sign_bits.sol]
FAILED tests/semantic/test_semantics.py::test_semantics[/home/greg/dev/nethermind/warp/tests/semantic/solidity/test/libsolidity/semanticTests/viaYul/array_storage_push_pop.sol]
FAILED tests/semantic/test_semantics.py::test_semantics[/home/greg/dev/nethermind/warp/tests/semantic/solidity/test/libsolidity/semanticTests/viaYul/storage/dirty_storage_dynamic_array.sol]
FAILED tests/semantic/test_semantics.py::test_semantics[/home/greg/dev/nethermind/warp/tests/semantic/solidity/test/libsolidity/semanticTests/functionTypes/address_member.sol]
FAILED tests/semantic/test_semantics.py::test_semantics[/home/greg/dev/nethermind/warp/tests/semantic/solidity/test/libsolidity/semanticTests/viaYul/array_storage_index_access.sol]
FAILED tests/semantic/test_semantics.py::test_semantics[/home/greg/dev/nethermind/warp/tests/semantic/solidity/test/libsolidity/semanticTests/uninitializedFunctionPointer/invalidStoredInConstructor.sol]
FAILED tests/semantic/test_semantics.py::test_semantics[/home/greg/dev/nethermind/warp/tests/semantic/solidity/test/libsolidity/semanticTests/viaYul/storage/dirty_storage_bytes_long.sol]
FAILED tests/semantic/test_semantics.py::test_semantics[/home/greg/dev/nethermind/warp/tests/semantic/solidity/test/libsolidity/semanticTests/uninitializedFunctionPointer/invalidInConstructor.sol]
FAILED tests/semantic/test_semantics.py::test_semantics[/home/greg/dev/nethermind/warp/tests/semantic/solidity/test/libsolidity/semanticTests/viaYul/storage/dirty_storage_struct.sol]
FAILED tests/semantic/test_semantics.py::test_semantics[/home/greg/dev/nethermind/warp/tests/semantic/solidity/test/libsolidity/semanticTests/reverts/revert_return_area.sol]
FAILED tests/semantic/test_semantics.py::test_semantics[/home/greg/dev/nethermind/warp/tests/semantic/solidity/test/libsolidity/semanticTests/literals/hex_string_with_non_printable_characters.sol]
FAILED tests/semantic/test_semantics.py::test_semantics[/home/greg/dev/nethermind/warp/tests/semantic/solidity/test/libsolidity/semanticTests/enums/minmax.sol]
FAILED tests/semantic/test_semantics.py::test_semantics[/home/greg/dev/nethermind/warp/tests/semantic/solidity/test/libsolidity/semanticTests/externalSource/multiple_external_source.sol]
FAILED tests/semantic/test_semantics.py::test_semantics[/home/greg/dev/nethermind/warp/tests/semantic/solidity/test/libsolidity/semanticTests/viaYul/conversion/function_cast.sol]
FAILED tests/semantic/test_semantics.py::test_semantics[/home/greg/dev/nethermind/warp/tests/semantic/solidity/test/libsolidity/semanticTests/builtinFunctions/keccak256_multiple_arguments_with_numeric_literals.sol]
FAILED tests/semantic/test_semantics.py::test_semantics[/home/greg/dev/nethermind/warp/tests/semantic/solidity/test/libsolidity/semanticTests/functionCall/creation_function_call_no_args.sol]
FAILED tests/semantic/test_semantics.py::test_semantics[/home/greg/dev/nethermind/warp/tests/semantic/solidity/test/libsolidity/semanticTests/functionCall/creation_function_call_with_args.sol]
FAILED tests/semantic/test_semantics.py::test_semantics[/home/greg/dev/nethermind/warp/tests/semantic/solidity/test/libsolidity/semanticTests/functionTypes/pass_function_types_externally.sol]
FAILED tests/semantic/test_semantics.py::test_semantics[/home/greg/dev/nethermind/warp/tests/semantic/solidity/test/libsolidity/semanticTests/asmForLoop/for_loop_nested.sol]
FAILED tests/semantic/test_semantics.py::test_semantics[/home/greg/dev/nethermind/warp/tests/semantic/solidity/test/libsolidity/semanticTests/viaYul/storage/mappings.sol]
FAILED tests/semantic/test_semantics.py::test_semantics[/home/greg/dev/nethermind/warp/tests/semantic/solidity/test/libsolidity/semanticTests/smoke/alignment.sol]
FAILED tests/semantic/test_semantics.py::test_semantics[/home/greg/dev/nethermind/warp/tests/semantic/solidity/test/libsolidity/semanticTests/inlineAssembly/inline_assembly_for2.sol]
FAILED tests/semantic/test_semantics.py::test_semantics[/home/greg/dev/nethermind/warp/tests/semantic/solidity/test/libsolidity/semanticTests/builtinFunctions/keccak256_multiple_arguments_with_string_literals.sol]
FAILED tests/semantic/test_semantics.py::test_semantics[/home/greg/dev/nethermind/warp/tests/semantic/solidity/test/libsolidity/semanticTests/inlineAssembly/keccak_yul_optimization.sol]
FAILED tests/semantic/test_semantics.py::test_semantics[/home/greg/dev/nethermind/warp/tests/semantic/solidity/test/libsolidity/semanticTests/builtinFunctions/sha256_empty.sol]
FAILED tests/semantic/test_semantics.py::test_semantics[/home/greg/dev/nethermind/warp/tests/semantic/solidity/test/libsolidity/semanticTests/structs/calldata/calldata_struct_to_memory.sol]
FAILED tests/semantic/test_semantics.py::test_semantics[/home/greg/dev/nethermind/warp/tests/semantic/solidity/test/libsolidity/semanticTests/inlineAssembly/chainid.sol]
FAILED tests/semantic/test_semantics.py::test_semantics[/home/greg/dev/nethermind/warp/tests/semantic/solidity/test/libsolidity/semanticTests/inlineAssembly/keccak_optimization_bug_string.sol]
FAILED tests/semantic/test_semantics.py::test_semantics[/home/greg/dev/nethermind/warp/tests/semantic/solidity/test/libsolidity/semanticTests/getters/value_types.sol]
FAILED tests/semantic/test_semantics.py::test_semantics[/home/greg/dev/nethermind/warp/tests/semantic/solidity/test/libsolidity/semanticTests/literals/escape.sol]
FAILED tests/semantic/test_semantics.py::test_semantics[/home/greg/dev/nethermind/warp/tests/semantic/solidity/test/libsolidity/semanticTests/structs/calldata/calldata_struct_to_storage.sol]
FAILED tests/semantic/test_semantics.py::test_semantics[/home/greg/dev/nethermind/warp/tests/semantic/solidity/test/libsolidity/semanticTests/specialFunctions/keccak256_optimized.sol]
FAILED tests/semantic/test_semantics.py::test_semantics[/home/greg/dev/nethermind/warp/tests/semantic/solidity/test/libsolidity/semanticTests/structs/multislot_struct_allocation.sol]
FAILED tests/semantic/test_semantics.py::test_semantics[/home/greg/dev/nethermind/warp/tests/semantic/solidity/test/libsolidity/semanticTests/specialFunctions/abi_encode_with_signature_from_string.sol]
FAILED tests/semantic/test_semantics.py::test_semantics[/home/greg/dev/nethermind/warp/tests/semantic/solidity/test/libsolidity/semanticTests/abiencodedecode/abi_encode_with_signature.sol]
FAILED tests/semantic/test_semantics.py::test_semantics[/home/greg/dev/nethermind/warp/tests/semantic/solidity/test/libsolidity/semanticTests/inlineAssembly/keccak256_optimization.sol]
FAILED tests/semantic/test_semantics.py::test_semantics[/home/greg/dev/nethermind/warp/tests/semantic/solidity/test/libsolidity/semanticTests/inlineAssembly/keccak256_optimizer_bug_different_memory_location.sol]
FAILED tests/semantic/test_semantics.py::test_semantics[/home/greg/dev/nethermind/warp/tests/semantic/solidity/test/libsolidity/semanticTests/functionCall/bare_call_no_returndatacopy.sol]
FAILED tests/semantic/test_semantics.py::test_semantics[/home/greg/dev/nethermind/warp/tests/semantic/solidity/test/libsolidity/semanticTests/builtinFunctions/keccak256_with_bytes.sol]
FAILED tests/semantic/test_semantics.py::test_semantics[/home/greg/dev/nethermind/warp/tests/semantic/solidity/test/libsolidity/semanticTests/builtinFunctions/iterated_keccak256_with_bytes.sol]
FAILED tests/semantic/test_semantics.py::test_semantics[/home/greg/dev/nethermind/warp/tests/semantic/solidity/test/libsolidity/semanticTests/functionCall/delegatecall_return_value.sol]
FAILED tests/semantic/test_semantics.py::test_semantics[/home/greg/dev/nethermind/warp/tests/semantic/solidity/test/libsolidity/semanticTests/operators/shifts/shift_right_negative_lvalue_int32.sol]
FAILED tests/semantic/test_semantics.py::test_semantics[/home/greg/dev/nethermind/warp/tests/semantic/solidity/test/libsolidity/semanticTests/inlineAssembly/slot_access.sol]
FAILED tests/semantic/test_semantics.py::test_semantics[/home/greg/dev/nethermind/warp/tests/semantic/solidity/test/libsolidity/semanticTests/inlineAssembly/calldata_struct_assign_and_return.sol]
FAILED tests/semantic/test_semantics.py::test_semantics[/home/greg/dev/nethermind/warp/tests/semantic/solidity/test/libsolidity/semanticTests/operators/shifts/bitwise_shifting_constantinople.sol]
FAILED tests/semantic/test_semantics.py::test_semantics[/home/greg/dev/nethermind/warp/tests/semantic/solidity/test/libsolidity/semanticTests/operators/shifts/shift_right_garbled_signed_v2.sol]
FAILED tests/semantic/test_semantics.py::test_semantics[/home/greg/dev/nethermind/warp/tests/semantic/solidity/test/libsolidity/semanticTests/operators/shifts/shift_right_negative_lvalue_int16.sol]
FAILED tests/semantic/test_semantics.py::test_semantics[/home/greg/dev/nethermind/warp/tests/semantic/solidity/test/libsolidity/semanticTests/operators/shifts/shift_right_negative_lvalue_int8.sol]
FAILED tests/semantic/test_semantics.py::test_semantics[/home/greg/dev/nethermind/warp/tests/semantic/solidity/test/libsolidity/semanticTests/exponentiation/literal_base.sol]
FAILED tests/semantic/test_semantics.py::test_semantics[/home/greg/dev/nethermind/warp/tests/semantic/solidity/test/libsolidity/semanticTests/operators/shifts/bitwise_shifting_constantinople_combined.sol]
FAILED tests/semantic/test_semantics.py::test_semantics[/home/greg/dev/nethermind/warp/tests/semantic/solidity/test/libsolidity/semanticTests/exponentiation/signed_base.sol]
FAILED tests/semantic/test_semantics.py::test_semantics[/home/greg/dev/nethermind/warp/tests/semantic/solidity/test/libsolidity/semanticTests/abiEncoderV2/abi_encode_calldata_slice.sol]
FAILED tests/semantic/test_semantics.py::test_semantics[/home/greg/dev/nethermind/warp/tests/semantic/solidity/test/libsolidity/semanticTests/viaYul/array_storage_length_access.sol]
FAILED tests/semantic/test_semantics.py::test_semantics[/home/greg/dev/nethermind/warp/tests/semantic/solidity/test/libsolidity/semanticTests/asmForLoop/for_loop_continue.sol]
FAILED tests/semantic/test_semantics.py::test_semantics[/home/greg/dev/nethermind/warp/tests/semantic/solidity/test/libsolidity/semanticTests/abiEncoderV1/abi_encode_calldata_slice.sol]
FAILED tests/semantic/test_semantics.py::test_semantics[/home/greg/dev/nethermind/warp/tests/semantic/solidity/test/libsolidity/semanticTests/array/copying/bytes_storage_to_storage.sol]
=== 107 failed, 1 skipped, 1162 deselected, 5 warnings in 330.03s (0:05:30) ====
