============================= test session starts ==============================
platform linux -- Python 3.7.12, pytest-6.2.4, py-1.11.0, pluggy-1.0.0.dev0 -- /home/greg/warp_dev/bin/python
cachedir: .pytest_cache
rootdir: /home/greg/dev/nethermind/warp
plugins: pylama-8.3.6, pytest_check-1.0.4, parallel-0.1.1, web3-5.25.0, typeguard-2.13.2, asyncio-0.16.0
collecting ... collected 1270 items
run-last-failure: rerun previous 1270 failures
pytest-parallel: 20 workers (processes), 1 test per worker (thread)

tests/semantic/test_semantics.py::test_semantics[/home/greg/dev/nethermind/warp/tests/semantic/solidity/test/libsolidity/semanticTests/constructor_with_params_diamond_inheritance.sol] 
tests/semantic/test_semantics.py::test_semantics[/home/greg/dev/nethermind/warp/tests/semantic/solidity/test/libsolidity/semanticTests/empty_for_loop.sol] 
tests/semantic/test_semantics.py::test_semantics[/home/greg/dev/nethermind/warp/tests/semantic/solidity/test/libsolidity/semanticTests/dirty_calldata_dynamic_array.sol] 
tests/semantic/test_semantics.py::test_semantics[/home/greg/dev/nethermind/warp/tests/semantic/solidity/test/libsolidity/semanticTests/empty_contract.sol] 
tests/semantic/test_semantics.py::test_semantics[/home/greg/dev/nethermind/warp/tests/semantic/solidity/test/libsolidity/semanticTests/isoltestFormatting.sol] 
tests/semantic/test_semantics.py::test_semantics[/home/greg/dev/nethermind/warp/tests/semantic/solidity/test/libsolidity/semanticTests/state_variables_init_order_3.sol] 
tests/semantic/test_semantics.py::test_semantics[/home/greg/dev/nethermind/warp/tests/semantic/solidity/test/libsolidity/semanticTests/interface_inheritance_conversions.sol] SKIPPED
tests/semantic/test_semantics.py::test_semantics[/home/greg/dev/nethermind/warp/tests/semantic/solidity/test/libsolidity/semanticTests/dirty_calldata_bytes.sol] 
tests/semantic/test_semantics.py::test_semantics[/home/greg/dev/nethermind/warp/tests/semantic/solidity/test/libsolidity/semanticTests/state_variables_init_order.sol] 
tests/semantic/test_semantics.py::test_semantics[/home/greg/dev/nethermind/warp/tests/semantic/solidity/test/libsolidity/semanticTests/state_var_initialization.sol] 
tests/semantic/test_semantics.py::test_semantics[/home/greg/dev/nethermind/warp/tests/semantic/solidity/test/libsolidity/semanticTests/constructor_with_params_inheritance.sol] 
tests/semantic/test_semantics.py::test_semantics[/home/greg/dev/nethermind/warp/tests/semantic/solidity/test/libsolidity/semanticTests/constructor_with_params.sol] 
tests/semantic/test_semantics.py::test_semantics[/home/greg/dev/nethermind/warp/tests/semantic/solidity/test/libsolidity/semanticTests/c99_scoping_activation.sol] 
tests/semantic/test_semantics.py::test_semantics[/home/greg/dev/nethermind/warp/tests/semantic/solidity/test/libsolidity/semanticTests/constructor_ihneritance_init_order_2.sol] 
tests/semantic/test_semantics.py::test_semantics[/home/greg/dev/nethermind/warp/tests/semantic/solidity/test/libsolidity/semanticTests/state_variables_init_order_2.sol] SKIPPED
tests/semantic/test_semantics.py::test_semantics[/home/greg/dev/nethermind/warp/tests/semantic/solidity/test/libsolidity/semanticTests/interface_inheritance_conversions.sol] SKIPPED
tests/semantic/test_semantics.py::test_semantics[/home/greg/dev/nethermind/warp/tests/semantic/solidity/test/libsolidity/semanticTests/constructor_inheritance_init_order.sol] 
tests/semantic/test_semantics.py::test_semantics[/home/greg/dev/nethermind/warp/tests/semantic/solidity/test/libsolidity/semanticTests/constructor_with_params_inheritance_2.sol] 
tests/semantic/test_semantics.py::test_semantics[/home/greg/dev/nethermind/warp/tests/semantic/solidity/test/libsolidity/semanticTests/integer/small_signed_types.sol] 
tests/semantic/test_semantics.py::test_semantics[/home/greg/dev/nethermind/warp/tests/semantic/solidity/test/libsolidity/semanticTests/integer/basic.sol] 
tests/semantic/test_semantics.py::test_semantics[/home/greg/dev/nethermind/warp/tests/semantic/solidity/test/libsolidity/semanticTests/constructor_ihneritance_init_order_2.sol] SKIPPED
tests/semantic/test_semantics.py::test_semantics[/home/greg/dev/nethermind/warp/tests/semantic/solidity/test/libsolidity/semanticTests/integer/many_local_variables.sol] 
tests/semantic/test_semantics.py::test_semantics[/home/greg/dev/nethermind/warp/tests/semantic/solidity/test/libsolidity/semanticTests/integer/int.sol] 
tests/semantic/test_semantics.py::test_semantics[/home/greg/dev/nethermind/warp/tests/semantic/solidity/test/libsolidity/semanticTests/integer/uint.sol] 
tests/semantic/test_semantics.py::test_semantics[/home/greg/dev/nethermind/warp/tests/semantic/solidity/test/libsolidity/semanticTests/empty_contract.sol] PASSEDPASSED
tests/semantic/test_semantics.py::test_semantics[/home/greg/dev/nethermind/warp/tests/semantic/solidity/test/libsolidity/semanticTests/constructor/functions_called_by_constructor.sol] PASSED
tests/semantic/test_semantics.py::test_semantics[/home/greg/dev/nethermind/warp/tests/semantic/solidity/test/libsolidity/semanticTests/integer/small_signed_types.sol] PASSED
tests/semantic/test_semantics.py::test_semantics[/home/greg/dev/nethermind/warp/tests/semantic/solidity/test/libsolidity/semanticTests/constructor/constructor_function_argument.sol] 
tests/semantic/test_semantics.py::test_semantics[/home/greg/dev/nethermind/warp/tests/semantic/solidity/test/libsolidity/semanticTests/constructor/constructor_function_argument.sol] SKIPPEDSKIPPED
tests/semantic/test_semantics.py::test_semantics[/home/greg/dev/nethermind/warp/tests/semantic/solidity/test/libsolidity/semanticTests/constructor/constructor_static_array_argument.sol] 
tests/semantic/test_semantics.py::test_semantics[/home/greg/dev/nethermind/warp/tests/semantic/solidity/test/libsolidity/semanticTests/integer/basic.sol] PASSEDPASSED
tests/semantic/test_semantics.py::test_semantics[/home/greg/dev/nethermind/warp/tests/semantic/solidity/test/libsolidity/semanticTests/constructor/store_function_in_constructor_packed.sol] PASSED
tests/semantic/test_semantics.py::test_semantics[/home/greg/dev/nethermind/warp/tests/semantic/solidity/test/libsolidity/semanticTests/empty_for_loop.sol] PASSED
tests/semantic/test_semantics.py::test_semantics[/home/greg/dev/nethermind/warp/tests/semantic/solidity/test/libsolidity/semanticTests/constructor/no_callvalue_check.sol] 
tests/semantic/test_semantics.py::test_semantics[/home/greg/dev/nethermind/warp/tests/semantic/solidity/test/libsolidity/semanticTests/constructor/no_callvalue_check.sol] SKIPPEDSKIPPED
tests/semantic/test_semantics.py::test_semantics[/home/greg/dev/nethermind/warp/tests/semantic/solidity/test/libsolidity/semanticTests/constructor/constructor_arguments_external.sol] PASSED
tests/semantic/test_semantics.py::test_semantics[/home/greg/dev/nethermind/warp/tests/semantic/solidity/test/libsolidity/semanticTests/integer/many_local_variables.sol] PASSED
tests/semantic/test_semantics.py::test_semantics[/home/greg/dev/nethermind/warp/tests/semantic/solidity/test/libsolidity/semanticTests/constructor/store_internal_unused_library_function_in_constructor.sol] 
tests/semantic/test_semantics.py::test_semantics[/home/greg/dev/nethermind/warp/tests/semantic/solidity/test/libsolidity/semanticTests/dirty_calldata_bytes.sol] PASSEDPASSED
tests/semantic/test_semantics.py::test_semantics[/home/greg/dev/nethermind/warp/tests/semantic/solidity/test/libsolidity/semanticTests/constructor/store_function_in_constructor.sol] 
tests/semantic/test_semantics.py::test_semantics[/home/greg/dev/nethermind/warp/tests/semantic/solidity/test/libsolidity/semanticTests/constructor_with_params_inheritance_2.sol] PASSEDPASSED
tests/semantic/test_semantics.py::test_semantics[/home/greg/dev/nethermind/warp/tests/semantic/solidity/test/libsolidity/semanticTests/constructor/evm_exceptions_in_constructor_call_fail.sol] 
tests/semantic/test_semantics.py::test_semantics[/home/greg/dev/nethermind/warp/tests/semantic/solidity/test/libsolidity/semanticTests/constructor/evm_exceptions_in_constructor_call_fail.sol] SKIPPEDSKIPPED
tests/semantic/test_semantics.py::test_semantics[/home/greg/dev/nethermind/warp/tests/semantic/solidity/test/libsolidity/semanticTests/constructor/payable_constructor.sol] SKIPPED
tests/semantic/test_semantics.py::test_semantics[/home/greg/dev/nethermind/warp/tests/semantic/solidity/test/libsolidity/semanticTests/constructor/payable_constructor.sol] SKIPPED
tests/semantic/test_semantics.py::test_semantics[/home/greg/dev/nethermind/warp/tests/semantic/solidity/test/libsolidity/semanticTests/constructor/bytes_in_constructors_packer.sol] SKIPPED
tests/semantic/test_semantics.py::test_semantics[/home/greg/dev/nethermind/warp/tests/semantic/solidity/test/libsolidity/semanticTests/constructor/bytes_in_constructors_packer.sol] SKIPPED
tests/semantic/test_semantics.py::test_semantics[/home/greg/dev/nethermind/warp/tests/semantic/solidity/test/libsolidity/semanticTests/constructor/functions_called_by_constructor_through_dispatch.sol] PASSED
tests/semantic/test_semantics.py::test_semantics[/home/greg/dev/nethermind/warp/tests/semantic/solidity/test/libsolidity/semanticTests/state_var_initialization.sol] PASSED
tests/semantic/test_semantics.py::test_semantics[/home/greg/dev/nethermind/warp/tests/semantic/solidity/test/libsolidity/semanticTests/constructor/arrays_in_constructors.sol] 
tests/semantic/test_semantics.py::test_semantics[/home/greg/dev/nethermind/warp/tests/semantic/solidity/test/libsolidity/semanticTests/constructor/arrays_in_constructors.sol] SKIPPEDSKIPPED
tests/semantic/test_semantics.py::test_semantics[/home/greg/dev/nethermind/warp/tests/semantic/solidity/test/libsolidity/semanticTests/constructor/callvalue_check.sol] 
tests/semantic/test_semantics.py::test_semantics[/home/greg/dev/nethermind/warp/tests/semantic/solidity/test/libsolidity/semanticTests/constructor/callvalue_check.sol] SKIPPEDSKIPPED
tests/semantic/test_semantics.py::test_semantics[/home/greg/dev/nethermind/warp/tests/semantic/solidity/test/libsolidity/semanticTests/constructor/function_usage_in_constructor_arguments.sol] PASSED
tests/semantic/test_semantics.py::test_semantics[/home/greg/dev/nethermind/warp/tests/semantic/solidity/test/libsolidity/semanticTests/constructor_inheritance_init_order.sol] PASSED
tests/semantic/test_semantics.py::test_semantics[/home/greg/dev/nethermind/warp/tests/semantic/solidity/test/libsolidity/semanticTests/constructor/constructor_function_complex.sol] 
tests/semantic/test_semantics.py::test_semantics[/home/greg/dev/nethermind/warp/tests/semantic/solidity/test/libsolidity/semanticTests/constructor/constructor_function_complex.sol] SKIPPEDSKIPPED
tests/semantic/test_semantics.py::test_semantics[/home/greg/dev/nethermind/warp/tests/semantic/solidity/test/libsolidity/semanticTests/constructor/inline_member_init_inheritence_without_constructor.sol] 
tests/semantic/test_semantics.py::test_semantics[/home/greg/dev/nethermind/warp/tests/semantic/solidity/test/libsolidity/semanticTests/state_variables_init_order.sol] PASSEDPASSED
tests/semantic/test_semantics.py::test_semantics[/home/greg/dev/nethermind/warp/tests/semantic/solidity/test/libsolidity/semanticTests/constructor/store_internal_unused_function_in_constructor.sol] 
tests/semantic/test_semantics.py::test_semantics[/home/greg/dev/nethermind/warp/tests/semantic/solidity/test/libsolidity/semanticTests/constructor_with_params.sol] PASSEDPASSED
tests/semantic/test_semantics.py::test_semantics[/home/greg/dev/nethermind/warp/tests/semantic/solidity/test/libsolidity/semanticTests/constructor/bytes_in_constructors_unpacker.sol] 
tests/semantic/test_semantics.py::test_semantics[/home/greg/dev/nethermind/warp/tests/semantic/solidity/test/libsolidity/semanticTests/constructor_with_params_inheritance.sol] PASSEDPASSED
tests/semantic/test_semantics.py::test_semantics[/home/greg/dev/nethermind/warp/tests/semantic/solidity/test/libsolidity/semanticTests/constructor/order_of_evaluation.sol] PASSED
tests/semantic/test_semantics.py::test_semantics[/home/greg/dev/nethermind/warp/tests/semantic/solidity/test/libsolidity/semanticTests/c99_scoping_activation.sol] PASSED
tests/semantic/test_semantics.py::test_semantics[/home/greg/dev/nethermind/warp/tests/semantic/solidity/test/libsolidity/semanticTests/constructor/base_constructor_arguments.sol] 
tests/semantic/test_semantics.py::test_semantics[/home/greg/dev/nethermind/warp/tests/semantic/solidity/test/libsolidity/semanticTests/dirty_calldata_dynamic_array.sol] PASSEDPASSED
tests/semantic/test_semantics.py::test_semantics[/home/greg/dev/nethermind/warp/tests/semantic/solidity/test/libsolidity/semanticTests/constructor/constructor_arguments_internal.sol] 
tests/semantic/test_semantics.py::test_semantics[/home/greg/dev/nethermind/warp/tests/semantic/solidity/test/libsolidity/semanticTests/constructor/constructor_arguments_internal.sol] SKIPPEDSKIPPED
tests/semantic/test_semantics.py::test_semantics[/home/greg/dev/nethermind/warp/tests/semantic/solidity/test/libsolidity/semanticTests/metaTypes/name_other_contract.sol] 
tests/semantic/test_semantics.py::test_semantics[/home/greg/dev/nethermind/warp/tests/semantic/solidity/test/libsolidity/semanticTests/state_variables_init_order_2.sol] PASSEDPASSED
tests/semantic/test_semantics.py::test_semantics[/home/greg/dev/nethermind/warp/tests/semantic/solidity/test/libsolidity/semanticTests/statements/do_while_loop_continue.sol] 
tests/semantic/test_semantics.py::test_semantics[/home/greg/dev/nethermind/warp/tests/semantic/solidity/test/libsolidity/semanticTests/constructor_with_params_diamond_inheritance.sol] PASSEDPASSED
tests/semantic/test_semantics.py::test_semantics[/home/greg/dev/nethermind/warp/tests/semantic/solidity/test/libsolidity/semanticTests/various/nested_calldata_struct.sol] 
tests/semantic/test_semantics.py::test_semantics[/home/greg/dev/nethermind/warp/tests/semantic/solidity/test/libsolidity/semanticTests/integer/uint.sol] PASSEDPASSED
tests/semantic/test_semantics.py::test_semantics[/home/greg/dev/nethermind/warp/tests/semantic/solidity/test/libsolidity/semanticTests/various/positive_integers_to_signed.sol] PASSED
tests/semantic/test_semantics.py::test_semantics[/home/greg/dev/nethermind/warp/tests/semantic/solidity/test/libsolidity/semanticTests/isoltestFormatting.sol] PASSED
tests/semantic/test_semantics.py::test_semantics[/home/greg/dev/nethermind/warp/tests/semantic/solidity/test/libsolidity/semanticTests/various/skip_dynamic_types.sol] 
tests/semantic/test_semantics.py::test_semantics[/home/greg/dev/nethermind/warp/tests/semantic/solidity/test/libsolidity/semanticTests/integer/int.sol] PASSEDPASSED
tests/semantic/test_semantics.py::test_semantics[/home/greg/dev/nethermind/warp/tests/semantic/solidity/test/libsolidity/semanticTests/various/inline_tuple_with_rational_numbers.sol] 
tests/semantic/test_semantics.py::test_semantics[/home/greg/dev/nethermind/warp/tests/semantic/solidity/test/libsolidity/semanticTests/constructor/functions_called_by_constructor.sol] PASSEDPASSED
tests/semantic/test_semantics.py::test_semantics[/home/greg/dev/nethermind/warp/tests/semantic/solidity/test/libsolidity/semanticTests/various/assignment_to_const_var_involving_expression.sol] 
tests/semantic/test_semantics.py::test_semantics[/home/greg/dev/nethermind/warp/tests/semantic/solidity/test/libsolidity/semanticTests/state_variables_init_order_3.sol] PASSEDPASSED
tests/semantic/test_semantics.py::test_semantics[/home/greg/dev/nethermind/warp/tests/semantic/solidity/test/libsolidity/semanticTests/various/swap_in_storage_overwrite.sol] PASSED
tests/semantic/test_semantics.py::test_semantics[/home/greg/dev/nethermind/warp/tests/semantic/solidity/test/libsolidity/semanticTests/constructor/store_internal_unused_library_function_in_constructor.sol] PASSED
tests/semantic/test_semantics.py::test_semantics[/home/greg/dev/nethermind/warp/tests/semantic/solidity/test/libsolidity/semanticTests/various/flipping_sign_tests.sol] 
tests/semantic/test_semantics.py::test_semantics[/home/greg/dev/nethermind/warp/tests/semantic/solidity/test/libsolidity/semanticTests/constructor/function_usage_in_constructor_arguments.sol] PASSEDPASSED
tests/semantic/test_semantics.py::test_semantics[/home/greg/dev/nethermind/warp/tests/semantic/solidity/test/libsolidity/semanticTests/various/crazy_elementary_typenames_on_stack.sol] 
tests/semantic/test_semantics.py::test_semantics[/home/greg/dev/nethermind/warp/tests/semantic/solidity/test/libsolidity/semanticTests/constructor/base_constructor_arguments.sol] PASSEDPASSED
tests/semantic/test_semantics.py::test_semantics[/home/greg/dev/nethermind/warp/tests/semantic/solidity/test/libsolidity/semanticTests/various/destructuring_assignment.sol] 
tests/semantic/test_semantics.py::test_semantics[/home/greg/dev/nethermind/warp/tests/semantic/solidity/test/libsolidity/semanticTests/various/nested_calldata_struct.sol] PASSEDPASSED
tests/semantic/test_semantics.py::test_semantics[/home/greg/dev/nethermind/warp/tests/semantic/solidity/test/libsolidity/semanticTests/various/byte_optimization_bug.sol] 
tests/semantic/test_semantics.py::test_semantics[/home/greg/dev/nethermind/warp/tests/semantic/solidity/test/libsolidity/semanticTests/constructor/store_internal_unused_function_in_constructor.sol] PASSEDPASSED
tests/semantic/test_semantics.py::test_semantics[/home/greg/dev/nethermind/warp/tests/semantic/solidity/test/libsolidity/semanticTests/various/code_access_padding.sol] 
tests/semantic/test_semantics.py::test_semantics[/home/greg/dev/nethermind/warp/tests/semantic/solidity/test/libsolidity/semanticTests/various/code_access_padding.sol] SKIPPEDSKIPPED
tests/semantic/test_semantics.py::test_semantics[/home/greg/dev/nethermind/warp/tests/semantic/solidity/test/libsolidity/semanticTests/various/typed_multi_variable_declaration.sol] 
tests/semantic/test_semantics.py::test_semantics[/home/greg/dev/nethermind/warp/tests/semantic/solidity/test/libsolidity/semanticTests/constructor/inline_member_init_inheritence_without_constructor.sol] PASSEDPASSED
tests/semantic/test_semantics.py::test_semantics[/home/greg/dev/nethermind/warp/tests/semantic/solidity/test/libsolidity/semanticTests/various/skip_dynamic_types_for_static_arrays_with_dynamic_elements.sol] 
tests/semantic/test_semantics.py::test_semantics[/home/greg/dev/nethermind/warp/tests/semantic/solidity/test/libsolidity/semanticTests/constructor/constructor_static_array_argument.sol] PASSEDPASSED
tests/semantic/test_semantics.py::test_semantics[/home/greg/dev/nethermind/warp/tests/semantic/solidity/test/libsolidity/semanticTests/various/codehash.sol] 
tests/semantic/test_semantics.py::test_semantics[/home/greg/dev/nethermind/warp/tests/semantic/solidity/test/libsolidity/semanticTests/various/codehash.sol] SKIPPEDSKIPPED
tests/semantic/test_semantics.py::test_semantics[/home/greg/dev/nethermind/warp/tests/semantic/solidity/test/libsolidity/semanticTests/various/store_bytes.sol] 
tests/semantic/test_semantics.py::test_semantics[/home/greg/dev/nethermind/warp/tests/semantic/solidity/test/libsolidity/semanticTests/statements/do_while_loop_continue.sol] PASSEDPASSED
tests/semantic/test_semantics.py::test_semantics[/home/greg/dev/nethermind/warp/tests/semantic/solidity/test/libsolidity/semanticTests/various/erc20.sol] 
tests/semantic/test_semantics.py::test_semantics[/home/greg/dev/nethermind/warp/tests/semantic/solidity/test/libsolidity/semanticTests/various/erc20.sol] SKIPPEDSKIPPED
tests/semantic/test_semantics.py::test_semantics[/home/greg/dev/nethermind/warp/tests/semantic/solidity/test/libsolidity/semanticTests/various/code_access_runtime.sol] 
tests/semantic/test_semantics.py::test_semantics[/home/greg/dev/nethermind/warp/tests/semantic/solidity/test/libsolidity/semanticTests/various/code_access_runtime.sol] SKIPPEDSKIPPED
tests/semantic/test_semantics.py::test_semantics[/home/greg/dev/nethermind/warp/tests/semantic/solidity/test/libsolidity/semanticTests/various/multi_variable_declaration.sol] PASSED
tests/semantic/test_semantics.py::test_semantics[/home/greg/dev/nethermind/warp/tests/semantic/solidity/test/libsolidity/semanticTests/various/inline_tuple_with_rational_numbers.sol] PASSED
tests/semantic/test_semantics.py::test_semantics[/home/greg/dev/nethermind/warp/tests/semantic/solidity/test/libsolidity/semanticTests/various/inline_member_init_inheritence.sol] 
tests/semantic/test_semantics.py::test_semantics[/home/greg/dev/nethermind/warp/tests/semantic/solidity/test/libsolidity/semanticTests/various/assignment_to_const_var_involving_expression.sol] PASSEDPASSED
tests/semantic/test_semantics.py::test_semantics[/home/greg/dev/nethermind/warp/tests/semantic/solidity/test/libsolidity/semanticTests/various/state_variable_local_variable_mixture.sol] 
tests/semantic/test_semantics.py::test_semantics[/home/greg/dev/nethermind/warp/tests/semantic/solidity/test/libsolidity/semanticTests/constructor/constructor_arguments_external.sol] PASSEDPASSED
tests/semantic/test_semantics.py::test_semantics[/home/greg/dev/nethermind/warp/tests/semantic/solidity/test/libsolidity/semanticTests/various/decayed_tuple.sol] 
tests/semantic/test_semantics.py::test_semantics[/home/greg/dev/nethermind/warp/tests/semantic/solidity/test/libsolidity/semanticTests/constructor/functions_called_by_constructor_through_dispatch.sol] PASSEDPASSED
tests/semantic/test_semantics.py::test_semantics[/home/greg/dev/nethermind/warp/tests/semantic/solidity/test/libsolidity/semanticTests/various/value_complex.sol] 
tests/semantic/test_semantics.py::test_semantics[/home/greg/dev/nethermind/warp/tests/semantic/solidity/test/libsolidity/semanticTests/various/value_complex.sol] SKIPPEDSKIPPED
tests/semantic/test_semantics.py::test_semantics[/home/greg/dev/nethermind/warp/tests/semantic/solidity/test/libsolidity/semanticTests/various/multi_modifiers.sol] 
tests/semantic/test_semantics.py::test_semantics[/home/greg/dev/nethermind/warp/tests/semantic/solidity/test/libsolidity/semanticTests/various/multi_modifiers.sol] SKIPPEDSKIPPED
tests/semantic/test_semantics.py::test_semantics[/home/greg/dev/nethermind/warp/tests/semantic/solidity/test/libsolidity/semanticTests/various/code_access_create.sol] 
tests/semantic/test_semantics.py::test_semantics[/home/greg/dev/nethermind/warp/tests/semantic/solidity/test/libsolidity/semanticTests/various/code_access_create.sol] SKIPPEDSKIPPED
tests/semantic/test_semantics.py::test_semantics[/home/greg/dev/nethermind/warp/tests/semantic/solidity/test/libsolidity/semanticTests/various/codehash_assembly.sol] 
tests/semantic/test_semantics.py::test_semantics[/home/greg/dev/nethermind/warp/tests/semantic/solidity/test/libsolidity/semanticTests/various/codehash_assembly.sol] SKIPPEDSKIPPED
tests/semantic/test_semantics.py::test_semantics[/home/greg/dev/nethermind/warp/tests/semantic/solidity/test/libsolidity/semanticTests/various/gasleft_shadow_resolution.sol] SKIPPED
tests/semantic/test_semantics.py::test_semantics[/home/greg/dev/nethermind/warp/tests/semantic/solidity/test/libsolidity/semanticTests/various/gasleft_shadow_resolution.sol] SKIPPED
tests/semantic/test_semantics.py::test_semantics[/home/greg/dev/nethermind/warp/tests/semantic/solidity/test/libsolidity/semanticTests/various/super_alone.sol] 
tests/semantic/test_semantics.py::test_semantics[/home/greg/dev/nethermind/warp/tests/semantic/solidity/test/libsolidity/semanticTests/constructor/store_function_in_constructor.sol] PASSEDPASSED
tests/semantic/test_semantics.py::test_semantics[/home/greg/dev/nethermind/warp/tests/semantic/solidity/test/libsolidity/semanticTests/various/memory_overwrite.sol] 
tests/semantic/test_semantics.py::test_semantics[/home/greg/dev/nethermind/warp/tests/semantic/solidity/test/libsolidity/semanticTests/constructor/store_function_in_constructor_packed.sol] PASSEDPASSED
tests/semantic/test_semantics.py::test_semantics[/home/greg/dev/nethermind/warp/tests/semantic/solidity/test/libsolidity/semanticTests/various/super_parentheses.sol] 
tests/semantic/test_semantics.py::test_semantics[/home/greg/dev/nethermind/warp/tests/semantic/solidity/test/libsolidity/semanticTests/metaTypes/name_other_contract.sol] PASSEDPASSED
tests/semantic/test_semantics.py::test_semantics[/home/greg/dev/nethermind/warp/tests/semantic/solidity/test/libsolidity/semanticTests/various/staticcall_for_view_and_pure.sol] 
tests/semantic/test_semantics.py::test_semantics[/home/greg/dev/nethermind/warp/tests/semantic/solidity/test/libsolidity/semanticTests/various/staticcall_for_view_and_pure.sol] SKIPPEDSKIPPED
tests/semantic/test_semantics.py::test_semantics[/home/greg/dev/nethermind/warp/tests/semantic/solidity/test/libsolidity/semanticTests/various/staticcall_for_view_and_pure_pre_byzantium.sol] 
tests/semantic/test_semantics.py::test_semantics[/home/greg/dev/nethermind/warp/tests/semantic/solidity/test/libsolidity/semanticTests/various/staticcall_for_view_and_pure_pre_byzantium.sol] SKIPPEDSKIPPED
tests/semantic/test_semantics.py::test_semantics[/home/greg/dev/nethermind/warp/tests/semantic/solidity/test/libsolidity/semanticTests/various/iszero_bnot_correct.sol] PASSED
tests/semantic/test_semantics.py::test_semantics[/home/greg/dev/nethermind/warp/tests/semantic/solidity/test/libsolidity/semanticTests/constructor/order_of_evaluation.sol] PASSED
tests/semantic/test_semantics.py::test_semantics[/home/greg/dev/nethermind/warp/tests/semantic/solidity/test/libsolidity/semanticTests/various/balance.sol] 
tests/semantic/test_semantics.py::test_semantics[/home/greg/dev/nethermind/warp/tests/semantic/solidity/test/libsolidity/semanticTests/various/balance.sol] SKIPPEDSKIPPED
tests/semantic/test_semantics.py::test_semantics[/home/greg/dev/nethermind/warp/tests/semantic/solidity/test/libsolidity/semanticTests/various/code_length.sol] 
tests/semantic/test_semantics.py::test_semantics[/home/greg/dev/nethermind/warp/tests/semantic/solidity/test/libsolidity/semanticTests/various/code_length.sol] SKIPPEDSKIPPED
tests/semantic/test_semantics.py::test_semantics[/home/greg/dev/nethermind/warp/tests/semantic/solidity/test/libsolidity/semanticTests/various/code_length_contract_member.sol] 
tests/semantic/test_semantics.py::test_semantics[/home/greg/dev/nethermind/warp/tests/semantic/solidity/test/libsolidity/semanticTests/various/code_length_contract_member.sol] SKIPPEDSKIPPED
tests/semantic/test_semantics.py::test_semantics[/home/greg/dev/nethermind/warp/tests/semantic/solidity/test/libsolidity/semanticTests/various/empty_name_return_parameter.sol] PASSED
tests/semantic/test_semantics.py::test_semantics[/home/greg/dev/nethermind/warp/tests/semantic/solidity/test/libsolidity/semanticTests/various/positive_integers_to_signed.sol] PASSED
tests/semantic/test_semantics.py::test_semantics[/home/greg/dev/nethermind/warp/tests/semantic/solidity/test/libsolidity/semanticTests/various/negative_stack_height.sol] 
tests/semantic/test_semantics.py::test_semantics[/home/greg/dev/nethermind/warp/tests/semantic/solidity/test/libsolidity/semanticTests/various/negative_stack_height.sol] SKIPPEDSKIPPED
tests/semantic/test_semantics.py::test_semantics[/home/greg/dev/nethermind/warp/tests/semantic/solidity/test/libsolidity/semanticTests/various/address_code_complex.sol] 
tests/semantic/test_semantics.py::test_semantics[/home/greg/dev/nethermind/warp/tests/semantic/solidity/test/libsolidity/semanticTests/various/address_code_complex.sol] SKIPPEDSKIPPED
tests/semantic/test_semantics.py::test_semantics[/home/greg/dev/nethermind/warp/tests/semantic/solidity/test/libsolidity/semanticTests/various/cross_contract_types.sol] PASSED
tests/semantic/test_semantics.py::test_semantics[/home/greg/dev/nethermind/warp/tests/semantic/solidity/test/libsolidity/semanticTests/various/flipping_sign_tests.sol] PASSED
tests/semantic/test_semantics.py::test_semantics[/home/greg/dev/nethermind/warp/tests/semantic/solidity/test/libsolidity/semanticTests/various/code_access_content.sol] 
tests/semantic/test_semantics.py::test_semantics[/home/greg/dev/nethermind/warp/tests/semantic/solidity/test/libsolidity/semanticTests/various/code_access_content.sol] SKIPPEDSKIPPED
tests/semantic/test_semantics.py::test_semantics[/home/greg/dev/nethermind/warp/tests/semantic/solidity/test/libsolidity/semanticTests/various/nested_calldata_struct_to_memory.sol] 
tests/semantic/test_semantics.py::test_semantics[/home/greg/dev/nethermind/warp/tests/semantic/solidity/test/libsolidity/semanticTests/various/crazy_elementary_typenames_on_stack.sol] PASSEDPASSED
tests/semantic/test_semantics.py::test_semantics[/home/greg/dev/nethermind/warp/tests/semantic/solidity/test/libsolidity/semanticTests/various/skip_dynamic_types_for_structs.sol] 
tests/semantic/test_semantics.py::test_semantics[/home/greg/dev/nethermind/warp/tests/semantic/solidity/test/libsolidity/semanticTests/various/skip_dynamic_types.sol] PASSEDPASSED
tests/semantic/test_semantics.py::test_semantics[/home/greg/dev/nethermind/warp/tests/semantic/solidity/test/libsolidity/semanticTests/various/contract_binary_dependencies.sol] 
tests/semantic/test_semantics.py::test_semantics[/home/greg/dev/nethermind/warp/tests/semantic/solidity/test/libsolidity/semanticTests/various/contract_binary_dependencies.sol] SKIPPEDSKIPPED
tests/semantic/test_semantics.py::test_semantics[/home/greg/dev/nethermind/warp/tests/semantic/solidity/test/libsolidity/semanticTests/various/gasleft_decrease.sol] 
tests/semantic/test_semantics.py::test_semantics[/home/greg/dev/nethermind/warp/tests/semantic/solidity/test/libsolidity/semanticTests/various/gasleft_decrease.sol] SKIPPEDSKIPPED
tests/semantic/test_semantics.py::test_semantics[/home/greg/dev/nethermind/warp/tests/semantic/solidity/test/libsolidity/semanticTests/various/single_copy_with_multiple_inheritance.sol] PASSED
tests/semantic/test_semantics.py::test_semantics[/home/greg/dev/nethermind/warp/tests/semantic/solidity/test/libsolidity/semanticTests/various/swap_in_storage_overwrite.sol] PASSED
tests/semantic/test_semantics.py::test_semantics[/home/greg/dev/nethermind/warp/tests/semantic/solidity/test/libsolidity/semanticTests/various/tuples.sol] 
tests/semantic/test_semantics.py::test_semantics[/home/greg/dev/nethermind/warp/tests/semantic/solidity/test/libsolidity/semanticTests/various/typed_multi_variable_declaration.sol] PASSEDPASSED
tests/semantic/test_semantics.py::test_semantics[/home/greg/dev/nethermind/warp/tests/semantic/solidity/test/libsolidity/semanticTests/various/string_tuples.sol] 
tests/semantic/test_semantics.py::test_semantics[/home/greg/dev/nethermind/warp/tests/semantic/solidity/test/libsolidity/semanticTests/various/decayed_tuple.sol] PASSEDPASSED
tests/semantic/test_semantics.py::test_semantics[/home/greg/dev/nethermind/warp/tests/semantic/solidity/test/libsolidity/semanticTests/various/write_storage_external.sol] 
tests/semantic/test_semantics.py::test_semantics[/home/greg/dev/nethermind/warp/tests/semantic/solidity/test/libsolidity/semanticTests/various/write_storage_external.sol] SKIPPEDSKIPPED
tests/semantic/test_semantics.py::test_semantics[/home/greg/dev/nethermind/warp/tests/semantic/solidity/test/libsolidity/semanticTests/various/value_insane.sol] 
tests/semantic/test_semantics.py::test_semantics[/home/greg/dev/nethermind/warp/tests/semantic/solidity/test/libsolidity/semanticTests/various/value_insane.sol] SKIPPEDSKIPPED
tests/semantic/test_semantics.py::test_semantics[/home/greg/dev/nethermind/warp/tests/semantic/solidity/test/libsolidity/semanticTests/various/test_underscore_in_hex.sol] 
tests/semantic/test_semantics.py::test_semantics[/home/greg/dev/nethermind/warp/tests/semantic/solidity/test/libsolidity/semanticTests/various/byte_optimization_bug.sol] FAILEDFAILED
tests/semantic/test_semantics.py::test_semantics[/home/greg/dev/nethermind/warp/tests/semantic/solidity/test/libsolidity/semanticTests/various/storage_string_as_mapping_key_without_variable.sol] 
tests/semantic/test_semantics.py::test_semantics[/home/greg/dev/nethermind/warp/tests/semantic/solidity/test/libsolidity/semanticTests/various/state_variable_local_variable_mixture.sol] PASSEDPASSED
tests/semantic/test_semantics.py::test_semantics[/home/greg/dev/nethermind/warp/tests/semantic/solidity/test/libsolidity/semanticTests/various/inline_member_init.sol] 
tests/semantic/test_semantics.py::test_semantics[/home/greg/dev/nethermind/warp/tests/semantic/solidity/test/libsolidity/semanticTests/various/super_alone.sol] PASSEDPASSED
tests/semantic/test_semantics.py::test_semantics[/home/greg/dev/nethermind/warp/tests/semantic/solidity/test/libsolidity/semanticTests/various/codebalance_assembly.sol] 
tests/semantic/test_semantics.py::test_semantics[/home/greg/dev/nethermind/warp/tests/semantic/solidity/test/libsolidity/semanticTests/various/codebalance_assembly.sol] SKIPPEDSKIPPED
tests/semantic/test_semantics.py::test_semantics[/home/greg/dev/nethermind/warp/tests/semantic/solidity/test/libsolidity/semanticTests/various/address_code.sol] 
tests/semantic/test_semantics.py::test_semantics[/home/greg/dev/nethermind/warp/tests/semantic/solidity/test/libsolidity/semanticTests/various/address_code.sol] SKIPPEDSKIPPED
tests/semantic/test_semantics.py::test_semantics[/home/greg/dev/nethermind/warp/tests/semantic/solidity/test/libsolidity/semanticTests/various/senders_balance.sol] 
tests/semantic/test_semantics.py::test_semantics[/home/greg/dev/nethermind/warp/tests/semantic/solidity/test/libsolidity/semanticTests/various/senders_balance.sol] SKIPPEDSKIPPED
tests/semantic/test_semantics.py::test_semantics[/home/greg/dev/nethermind/warp/tests/semantic/solidity/test/libsolidity/semanticTests/various/external_types_in_calls.sol] 
tests/semantic/test_semantics.py::test_semantics[/home/greg/dev/nethermind/warp/tests/semantic/solidity/test/libsolidity/semanticTests/various/external_types_in_calls.sol] SKIPPEDSKIPPED
tests/semantic/test_semantics.py::test_semantics[/home/greg/dev/nethermind/warp/tests/semantic/solidity/test/libsolidity/semanticTests/various/literal_empty_string.sol] 
tests/semantic/test_semantics.py::test_semantics[/home/greg/dev/nethermind/warp/tests/semantic/solidity/test/libsolidity/semanticTests/various/inline_member_init_inheritence.sol] PASSEDPASSED
tests/semantic/test_semantics.py::test_semantics[/home/greg/dev/nethermind/warp/tests/semantic/solidity/test/libsolidity/semanticTests/various/state_variable_under_contract_name.sol] PASSED
tests/semantic/test_semantics.py::test_semantics[/home/greg/dev/nethermind/warp/tests/semantic/solidity/test/libsolidity/semanticTests/various/iszero_bnot_correct.sol] PASSED
tests/semantic/test_semantics.py::test_semantics[/home/greg/dev/nethermind/warp/tests/semantic/solidity/test/libsolidity/semanticTests/various/super.sol] 
tests/semantic/test_semantics.py::test_semantics[/home/greg/dev/nethermind/warp/tests/semantic/solidity/test/libsolidity/semanticTests/various/empty_name_return_parameter.sol] PASSEDPASSED
tests/semantic/test_semantics.py::test_semantics[/home/greg/dev/nethermind/warp/tests/semantic/solidity/test/libsolidity/semanticTests/cleanup/cleanup_bytes_types_shortening.sol] 
tests/semantic/test_semantics.py::test_semantics[/home/greg/dev/nethermind/warp/tests/semantic/solidity/test/libsolidity/semanticTests/constructor/bytes_in_constructors_unpacker.sol] PASSEDPASSED
tests/semantic/test_semantics.py::test_semantics[/home/greg/dev/nethermind/warp/tests/semantic/solidity/test/libsolidity/semanticTests/cleanup/cleanup_in_compound_assign.sol] PASSED
tests/semantic/test_semantics.py::test_semantics[/home/greg/dev/nethermind/warp/tests/semantic/solidity/test/libsolidity/semanticTests/various/multi_variable_declaration.sol] PASSED
tests/semantic/test_semantics.py::test_semantics[/home/greg/dev/nethermind/warp/tests/semantic/solidity/test/libsolidity/semanticTests/cleanup/exp_cleanup.sol] 
tests/semantic/test_semantics.py::test_semantics[/home/greg/dev/nethermind/warp/tests/semantic/solidity/test/libsolidity/semanticTests/various/super_parentheses.sol] PASSEDPASSED
tests/semantic/test_semantics.py::test_semantics[/home/greg/dev/nethermind/warp/tests/semantic/solidity/test/libsolidity/semanticTests/cleanup/bool_conversion_v1.sol] 
tests/semantic/test_semantics.py::test_semantics[/home/greg/dev/nethermind/warp/tests/semantic/solidity/test/libsolidity/semanticTests/cleanup/bool_conversion_v1.sol] SKIPPEDSKIPPED
tests/semantic/test_semantics.py::test_semantics[/home/greg/dev/nethermind/warp/tests/semantic/solidity/test/libsolidity/semanticTests/cleanup/cleanup_address_types_shortening.sol] 
tests/semantic/test_semantics.py::test_semantics[/home/greg/dev/nethermind/warp/tests/semantic/solidity/test/libsolidity/semanticTests/cleanup/cleanup_address_types_shortening.sol] SKIPPEDSKIPPED
tests/semantic/test_semantics.py::test_semantics[/home/greg/dev/nethermind/warp/tests/semantic/solidity/test/libsolidity/semanticTests/cleanup/cleanup_address_types_v1.sol] 
tests/semantic/test_semantics.py::test_semantics[/home/greg/dev/nethermind/warp/tests/semantic/solidity/test/libsolidity/semanticTests/cleanup/cleanup_address_types_v1.sol] SKIPPEDSKIPPED
tests/semantic/test_semantics.py::test_semantics[/home/greg/dev/nethermind/warp/tests/semantic/solidity/test/libsolidity/semanticTests/cleanup/cleanup_address_types_v2.sol] PASSED
tests/semantic/test_semantics.py::test_semantics[/home/greg/dev/nethermind/warp/tests/semantic/solidity/test/libsolidity/semanticTests/various/cross_contract_types.sol] PASSED
tests/semantic/test_semantics.py::test_semantics[/home/greg/dev/nethermind/warp/tests/semantic/solidity/test/libsolidity/semanticTests/cleanup/exp_cleanup_direct.sol] 
tests/semantic/test_semantics.py::test_semantics[/home/greg/dev/nethermind/warp/tests/semantic/solidity/test/libsolidity/semanticTests/various/memory_overwrite.sol] PASSEDPASSED
tests/semantic/test_semantics.py::test_semantics[/home/greg/dev/nethermind/warp/tests/semantic/solidity/test/libsolidity/semanticTests/cleanup/bool_conversion_v2.sol] 
tests/semantic/test_semantics.py::test_semantics[/home/greg/dev/nethermind/warp/tests/semantic/solidity/test/libsolidity/semanticTests/various/store_bytes.sol] PASSEDPASSED
tests/semantic/test_semantics.py::test_semantics[/home/greg/dev/nethermind/warp/tests/semantic/solidity/test/libsolidity/semanticTests/cleanup/exp_cleanup_smaller_base.sol] 
tests/semantic/test_semantics.py::test_semantics[/home/greg/dev/nethermind/warp/tests/semantic/solidity/test/libsolidity/semanticTests/various/nested_calldata_struct_to_memory.sol] PASSEDPASSED
tests/semantic/test_semantics.py::test_semantics[/home/greg/dev/nethermind/warp/tests/semantic/solidity/test/libsolidity/semanticTests/cleanup/cleanup_bytes_types_v1.sol] 
tests/semantic/test_semantics.py::test_semantics[/home/greg/dev/nethermind/warp/tests/semantic/solidity/test/libsolidity/semanticTests/cleanup/cleanup_bytes_types_v1.sol] SKIPPEDSKIPPED
tests/semantic/test_semantics.py::test_semantics[/home/greg/dev/nethermind/warp/tests/semantic/solidity/test/libsolidity/semanticTests/cleanup/exp_cleanup_nonzero_base.sol] 
tests/semantic/test_semantics.py::test_semantics[/home/greg/dev/nethermind/warp/tests/semantic/solidity/test/libsolidity/semanticTests/various/test_underscore_in_hex.sol] PASSEDPASSED
tests/semantic/test_semantics.py::test_semantics[/home/greg/dev/nethermind/warp/tests/semantic/solidity/test/libsolidity/semanticTests/cleanup/cleanup_bytes_types_v2.sol] 
tests/semantic/test_semantics.py::test_semantics[/home/greg/dev/nethermind/warp/tests/semantic/solidity/test/libsolidity/semanticTests/various/single_copy_with_multiple_inheritance.sol] PASSEDPASSED
tests/semantic/test_semantics.py::test_semantics[/home/greg/dev/nethermind/warp/tests/semantic/solidity/test/libsolidity/semanticTests/calldata/calldata_internal_library.sol] 
tests/semantic/test_semantics.py::test_semantics[/home/greg/dev/nethermind/warp/tests/semantic/solidity/test/libsolidity/semanticTests/various/super.sol] PASSEDPASSED
tests/semantic/test_semantics.py::test_semantics[/home/greg/dev/nethermind/warp/tests/semantic/solidity/test/libsolidity/semanticTests/calldata/calldata_bound_struct.sol] 
tests/semantic/test_semantics.py::test_semantics[/home/greg/dev/nethermind/warp/tests/semantic/solidity/test/libsolidity/semanticTests/various/storage_string_as_mapping_key_without_variable.sol] PASSEDPASSED
tests/semantic/test_semantics.py::test_semantics[/home/greg/dev/nethermind/warp/tests/semantic/solidity/test/libsolidity/semanticTests/calldata/calldata_internal_multi_fixed_array.sol] 
tests/semantic/test_semantics.py::test_semantics[/home/greg/dev/nethermind/warp/tests/semantic/solidity/test/libsolidity/semanticTests/various/inline_member_init.sol] PASSEDPASSED
tests/semantic/test_semantics.py::test_semantics[/home/greg/dev/nethermind/warp/tests/semantic/solidity/test/libsolidity/semanticTests/calldata/calldata_array_dynamic_bytes.sol] 
tests/semantic/test_semantics.py::test_semantics[/home/greg/dev/nethermind/warp/tests/semantic/solidity/test/libsolidity/semanticTests/calldata/calldata_array_dynamic_bytes.sol] SKIPPEDSKIPPED
tests/semantic/test_semantics.py::test_semantics[/home/greg/dev/nethermind/warp/tests/semantic/solidity/test/libsolidity/semanticTests/calldata/calldata_bytes_to_memory_encode.sol] PASSED
tests/semantic/test_semantics.py::test_semantics[/home/greg/dev/nethermind/warp/tests/semantic/solidity/test/libsolidity/semanticTests/various/state_variable_under_contract_name.sol] PASSED
tests/semantic/test_semantics.py::test_semantics[/home/greg/dev/nethermind/warp/tests/semantic/solidity/test/libsolidity/semanticTests/calldata/calldata_bound_bytes.sol] PASSED
tests/semantic/test_semantics.py::test_semantics[/home/greg/dev/nethermind/warp/tests/semantic/solidity/test/libsolidity/semanticTests/cleanup/cleanup_bytes_types_shortening.sol] PASSED
tests/semantic/test_semantics.py::test_semantics[/home/greg/dev/nethermind/warp/tests/semantic/solidity/test/libsolidity/semanticTests/calldata/calldata_bytes_internal.sol] 
tests/semantic/test_semantics.py::test_semantics[/home/greg/dev/nethermind/warp/tests/semantic/solidity/test/libsolidity/semanticTests/cleanup/cleanup_in_compound_assign.sol] PASSEDPASSED
tests/semantic/test_semantics.py::test_semantics[/home/greg/dev/nethermind/warp/tests/semantic/solidity/test/libsolidity/semanticTests/calldata/calldata_memory_mixed.sol] PASSED
tests/semantic/test_semantics.py::test_semantics[/home/greg/dev/nethermind/warp/tests/semantic/solidity/test/libsolidity/semanticTests/cleanup/exp_cleanup.sol] PASSED
tests/semantic/test_semantics.py::test_semantics[/home/greg/dev/nethermind/warp/tests/semantic/solidity/test/libsolidity/semanticTests/calldata/calldata_internal_function_pointer.sol] 
tests/semantic/test_semantics.py::test_semantics[/home/greg/dev/nethermind/warp/tests/semantic/solidity/test/libsolidity/semanticTests/cleanup/exp_cleanup_direct.sol] PASSEDPASSED
tests/semantic/test_semantics.py::test_semantics[/home/greg/dev/nethermind/warp/tests/semantic/solidity/test/libsolidity/semanticTests/calldata/calldata_bytes_to_memory.sol] 
tests/semantic/test_semantics.py::test_semantics[/home/greg/dev/nethermind/warp/tests/semantic/solidity/test/libsolidity/semanticTests/calldata/calldata_bytes_to_memory.sol] SKIPPEDSKIPPED
tests/semantic/test_semantics.py::test_semantics[/home/greg/dev/nethermind/warp/tests/semantic/solidity/test/libsolidity/semanticTests/calldata/calldata_bytes_external.sol] 
tests/semantic/test_semantics.py::test_semantics[/home/greg/dev/nethermind/warp/tests/semantic/solidity/test/libsolidity/semanticTests/various/string_tuples.sol] PASSEDPASSED
tests/semantic/test_semantics.py::test_semantics[/home/greg/dev/nethermind/warp/tests/semantic/solidity/test/libsolidity/semanticTests/calldata/calldata_struct_internal.sol] 
tests/semantic/test_semantics.py::test_semantics[/home/greg/dev/nethermind/warp/tests/semantic/solidity/test/libsolidity/semanticTests/cleanup/cleanup_address_types_v2.sol] PASSEDPASSED
tests/semantic/test_semantics.py::test_semantics[/home/greg/dev/nethermind/warp/tests/semantic/solidity/test/libsolidity/semanticTests/calldata/calldata_struct_cleaning.sol] 
tests/semantic/test_semantics.py::test_semantics[/home/greg/dev/nethermind/warp/tests/semantic/solidity/test/libsolidity/semanticTests/cleanup/exp_cleanup_smaller_base.sol] PASSEDPASSED
tests/semantic/test_semantics.py::test_semantics[/home/greg/dev/nethermind/warp/tests/semantic/solidity/test/libsolidity/semanticTests/calldata/calldata_bound_static_array.sol] 
tests/semantic/test_semantics.py::test_semantics[/home/greg/dev/nethermind/warp/tests/semantic/solidity/test/libsolidity/semanticTests/cleanup/bool_conversion_v2.sol] PASSEDPASSED
tests/semantic/test_semantics.py::test_semantics[/home/greg/dev/nethermind/warp/tests/semantic/solidity/test/libsolidity/semanticTests/calldata/calldata_struct.sol] 
tests/semantic/test_semantics.py::test_semantics[/home/greg/dev/nethermind/warp/tests/semantic/solidity/test/libsolidity/semanticTests/various/tuples.sol] PASSEDPASSED
tests/semantic/test_semantics.py::test_semantics[/home/greg/dev/nethermind/warp/tests/semantic/solidity/test/libsolidity/semanticTests/calldata/calldata_string_array.sol] 
tests/semantic/test_semantics.py::test_semantics[/home/greg/dev/nethermind/warp/tests/semantic/solidity/test/libsolidity/semanticTests/various/skip_dynamic_types_for_static_arrays_with_dynamic_elements.sol] PASSEDPASSED
tests/semantic/test_semantics.py::test_semantics[/home/greg/dev/nethermind/warp/tests/semantic/solidity/test/libsolidity/semanticTests/calldata/calldata_bound_dynamic_array_or_slice.sol] 
tests/semantic/test_semantics.py::test_semantics[/home/greg/dev/nethermind/warp/tests/semantic/solidity/test/libsolidity/semanticTests/various/literal_empty_string.sol] PASSEDPASSED
tests/semantic/test_semantics.py::test_semantics[/home/greg/dev/nethermind/warp/tests/semantic/solidity/test/libsolidity/semanticTests/calldata/calldata_internal_multi_array.sol] 
tests/semantic/test_semantics.py::test_semantics[/home/greg/dev/nethermind/warp/tests/semantic/solidity/test/libsolidity/semanticTests/cleanup/exp_cleanup_nonzero_base.sol] PASSEDPASSED
tests/semantic/test_semantics.py::test_semantics[/home/greg/dev/nethermind/warp/tests/semantic/solidity/test/libsolidity/semanticTests/storage/state_smoke_test.sol] PASSED
tests/semantic/test_semantics.py::test_semantics[/home/greg/dev/nethermind/warp/tests/semantic/solidity/test/libsolidity/semanticTests/calldata/calldata_bound_struct.sol] PASSED
tests/semantic/test_semantics.py::test_semantics[/home/greg/dev/nethermind/warp/tests/semantic/solidity/test/libsolidity/semanticTests/storage/packed_storage_signed.sol] 
tests/semantic/test_semantics.py::test_semantics[/home/greg/dev/nethermind/warp/tests/semantic/solidity/test/libsolidity/semanticTests/cleanup/cleanup_bytes_types_v2.sol] PASSEDPASSED
tests/semantic/test_semantics.py::test_semantics[/home/greg/dev/nethermind/warp/tests/semantic/solidity/test/libsolidity/semanticTests/storage/mappings_array_pop_delete.sol] 
tests/semantic/test_semantics.py::test_semantics[/home/greg/dev/nethermind/warp/tests/semantic/solidity/test/libsolidity/semanticTests/calldata/calldata_bound_bytes.sol] PASSEDPASSED
tests/semantic/test_semantics.py::test_semantics[/home/greg/dev/nethermind/warp/tests/semantic/solidity/test/libsolidity/semanticTests/storage/empty_nonempty_empty.sol] 
tests/semantic/test_semantics.py::test_semantics[/home/greg/dev/nethermind/warp/tests/semantic/solidity/test/libsolidity/semanticTests/calldata/calldata_bytes_internal.sol] PASSEDPASSED
tests/semantic/test_semantics.py::test_semantics[/home/greg/dev/nethermind/warp/tests/semantic/solidity/test/libsolidity/semanticTests/storage/struct_accessor.sol] 
tests/semantic/test_semantics.py::test_semantics[/home/greg/dev/nethermind/warp/tests/semantic/solidity/test/libsolidity/semanticTests/various/skip_dynamic_types_for_structs.sol] PASSEDPASSED
tests/semantic/test_semantics.py::test_semantics[/home/greg/dev/nethermind/warp/tests/semantic/solidity/test/libsolidity/semanticTests/storage/mapping_string_key.sol] PASSED
tests/semantic/test_semantics.py::test_semantics[/home/greg/dev/nethermind/warp/tests/semantic/solidity/test/libsolidity/semanticTests/calldata/calldata_struct_internal.sol] PASSED
tests/semantic/test_semantics.py::test_semantics[/home/greg/dev/nethermind/warp/tests/semantic/solidity/test/libsolidity/semanticTests/storage/simple_accessor.sol] 
tests/semantic/test_semantics.py::test_semantics[/home/greg/dev/nethermind/warp/tests/semantic/solidity/test/libsolidity/semanticTests/calldata/calldata_struct_cleaning.sol] PASSEDPASSED
tests/semantic/test_semantics.py::test_semantics[/home/greg/dev/nethermind/warp/tests/semantic/solidity/test/libsolidity/semanticTests/storage/packed_storage_structs_enum.sol] 
tests/semantic/test_semantics.py::test_semantics[/home/greg/dev/nethermind/warp/tests/semantic/solidity/test/libsolidity/semanticTests/calldata/calldata_bound_static_array.sol] PASSEDPASSED
tests/semantic/test_semantics.py::test_semantics[/home/greg/dev/nethermind/warp/tests/semantic/solidity/test/libsolidity/semanticTests/storage/packed_storage_overflow.sol] 
tests/semantic/test_semantics.py::test_semantics[/home/greg/dev/nethermind/warp/tests/semantic/solidity/test/libsolidity/semanticTests/calldata/calldata_bytes_to_memory_encode.sol] PASSEDPASSED
tests/semantic/test_semantics.py::test_semantics[/home/greg/dev/nethermind/warp/tests/semantic/solidity/test/libsolidity/semanticTests/storage/chop_sign_bits.sol] 
tests/semantic/test_semantics.py::test_semantics[/home/greg/dev/nethermind/warp/tests/semantic/solidity/test/libsolidity/semanticTests/calldata/calldata_struct.sol] PASSEDPASSED
tests/semantic/test_semantics.py::test_semantics[/home/greg/dev/nethermind/warp/tests/semantic/solidity/test/libsolidity/semanticTests/storage/packed_storage_structs_bytes.sol] 
tests/semantic/test_semantics.py::test_semantics[/home/greg/dev/nethermind/warp/tests/semantic/solidity/test/libsolidity/semanticTests/various/destructuring_assignment.sol] PASSEDPASSED
tests/semantic/test_semantics.py::test_semantics[/home/greg/dev/nethermind/warp/tests/semantic/solidity/test/libsolidity/semanticTests/storage/packed_functions.sol] 
tests/semantic/test_semantics.py::test_semantics[/home/greg/dev/nethermind/warp/tests/semantic/solidity/test/libsolidity/semanticTests/storage/packed_functions.sol] SKIPPEDSKIPPED
tests/semantic/test_semantics.py::test_semantics[/home/greg/dev/nethermind/warp/tests/semantic/solidity/test/libsolidity/semanticTests/storage/mappings_array2d_pop_delete.sol] PASSED
tests/semantic/test_semantics.py::test_semantics[/home/greg/dev/nethermind/warp/tests/semantic/solidity/test/libsolidity/semanticTests/calldata/calldata_internal_library.sol] PASSED
tests/semantic/test_semantics.py::test_semantics[/home/greg/dev/nethermind/warp/tests/semantic/solidity/test/libsolidity/semanticTests/storage/accessors_mapping_for_array.sol] 
tests/semantic/test_semantics.py::test_semantics[/home/greg/dev/nethermind/warp/tests/semantic/solidity/test/libsolidity/semanticTests/calldata/calldata_internal_multi_fixed_array.sol] PASSEDPASSED
tests/semantic/test_semantics.py::test_semantics[/home/greg/dev/nethermind/warp/tests/semantic/solidity/test/libsolidity/semanticTests/storage/packed_storage_structs_uint.sol] 
tests/semantic/test_semantics.py::test_semantics[/home/greg/dev/nethermind/warp/tests/semantic/solidity/test/libsolidity/semanticTests/calldata/calldata_bound_dynamic_array_or_slice.sol] PASSEDPASSED
tests/semantic/test_semantics.py::test_semantics[/home/greg/dev/nethermind/warp/tests/semantic/solidity/test/libsolidity/semanticTests/storage/mapping_state.sol] 
tests/semantic/test_semantics.py::test_semantics[/home/greg/dev/nethermind/warp/tests/semantic/solidity/test/libsolidity/semanticTests/calldata/calldata_bytes_external.sol] PASSEDPASSED
tests/semantic/test_semantics.py::test_semantics[/home/greg/dev/nethermind/warp/tests/semantic/solidity/test/libsolidity/semanticTests/storage/complex_accessors.sol] PASSED
tests/semantic/test_semantics.py::test_semantics[/home/greg/dev/nethermind/warp/tests/semantic/solidity/test/libsolidity/semanticTests/storage/state_smoke_test.sol] PASSED
tests/semantic/test_semantics.py::test_semantics[/home/greg/dev/nethermind/warp/tests/semantic/solidity/test/libsolidity/semanticTests/storage/array_accessor.sol] 
tests/semantic/test_semantics.py::test_semantics[/home/greg/dev/nethermind/warp/tests/semantic/solidity/test/libsolidity/semanticTests/calldata/calldata_string_array.sol] PASSEDPASSED
tests/semantic/test_semantics.py::test_semantics[/home/greg/dev/nethermind/warp/tests/semantic/solidity/test/libsolidity/semanticTests/modifiers/modifiers_in_construction_context.sol] PASSED
tests/semantic/test_semantics.py::test_semantics[/home/greg/dev/nethermind/warp/tests/semantic/solidity/test/libsolidity/semanticTests/calldata/calldata_internal_function_pointer.sol] PASSED
tests/semantic/test_semantics.py::test_semantics[/home/greg/dev/nethermind/warp/tests/semantic/solidity/test/libsolidity/semanticTests/modifiers/function_modifier_library.sol] 
tests/semantic/test_semantics.py::test_semantics[/home/greg/dev/nethermind/warp/tests/semantic/solidity/test/libsolidity/semanticTests/storage/simple_accessor.sol] PASSEDPASSED
tests/semantic/test_semantics.py::test_semantics[/home/greg/dev/nethermind/warp/tests/semantic/solidity/test/libsolidity/semanticTests/modifiers/access_through_contract_name.sol] PASSED
tests/semantic/test_semantics.py::test_semantics[/home/greg/dev/nethermind/warp/tests/semantic/solidity/test/libsolidity/semanticTests/storage/packed_storage_signed.sol] PASSED
tests/semantic/test_semantics.py::test_semantics[/home/greg/dev/nethermind/warp/tests/semantic/solidity/test/libsolidity/semanticTests/modifiers/stacked_return_with_modifiers.sol] 
tests/semantic/test_semantics.py::test_semantics[/home/greg/dev/nethermind/warp/tests/semantic/solidity/test/libsolidity/semanticTests/storage/struct_accessor.sol] PASSEDPASSED
tests/semantic/test_semantics.py::test_semantics[/home/greg/dev/nethermind/warp/tests/semantic/solidity/test/libsolidity/semanticTests/modifiers/function_modifier_loop.sol] 
tests/semantic/test_semantics.py::test_semantics[/home/greg/dev/nethermind/warp/tests/semantic/solidity/test/libsolidity/semanticTests/modifiers/function_modifier_loop.sol] SKIPPEDSKIPPED
tests/semantic/test_semantics.py::test_semantics[/home/greg/dev/nethermind/warp/tests/semantic/solidity/test/libsolidity/semanticTests/modifiers/evaluation_order.sol] 
tests/semantic/test_semantics.py::test_semantics[/home/greg/dev/nethermind/warp/tests/semantic/solidity/test/libsolidity/semanticTests/calldata/calldata_memory_mixed.sol] PASSEDPASSED
tests/semantic/test_semantics.py::test_semantics[/home/greg/dev/nethermind/warp/tests/semantic/solidity/test/libsolidity/semanticTests/modifiers/function_modifier_multi_with_return.sol] 
tests/semantic/test_semantics.py::test_semantics[/home/greg/dev/nethermind/warp/tests/semantic/solidity/test/libsolidity/semanticTests/modifiers/function_modifier_multi_with_return.sol] SKIPPEDSKIPPED
tests/semantic/test_semantics.py::test_semantics[/home/greg/dev/nethermind/warp/tests/semantic/solidity/test/libsolidity/semanticTests/modifiers/access_through_module_name.sol] 
tests/semantic/test_semantics.py::test_semantics[/home/greg/dev/nethermind/warp/tests/semantic/solidity/test/libsolidity/semanticTests/modifiers/access_through_module_name.sol] SKIPPEDSKIPPED
tests/semantic/test_semantics.py::test_semantics[/home/greg/dev/nethermind/warp/tests/semantic/solidity/test/libsolidity/semanticTests/modifiers/function_modifier_loop_viair.sol] 
tests/semantic/test_semantics.py::test_semantics[/home/greg/dev/nethermind/warp/tests/semantic/solidity/test/libsolidity/semanticTests/storage/packed_storage_overflow.sol] PASSEDPASSED
tests/semantic/test_semantics.py::test_semantics[/home/greg/dev/nethermind/warp/tests/semantic/solidity/test/libsolidity/semanticTests/modifiers/modifier_in_constructor_ice.sol] 
tests/semantic/test_semantics.py::test_semantics[/home/greg/dev/nethermind/warp/tests/semantic/solidity/test/libsolidity/semanticTests/modifiers/modifiers_in_construction_context.sol] PASSEDPASSED
tests/semantic/test_semantics.py::test_semantics[/home/greg/dev/nethermind/warp/tests/semantic/solidity/test/libsolidity/semanticTests/modifiers/continue_in_modifier.sol] 
tests/semantic/test_semantics.py::test_semantics[/home/greg/dev/nethermind/warp/tests/semantic/solidity/test/libsolidity/semanticTests/storage/mappings_array_pop_delete.sol] PASSEDPASSED
tests/semantic/test_semantics.py::test_semantics[/home/greg/dev/nethermind/warp/tests/semantic/solidity/test/libsolidity/semanticTests/modifiers/return_in_modifier.sol] 
tests/semantic/test_semantics.py::test_semantics[/home/greg/dev/nethermind/warp/tests/semantic/solidity/test/libsolidity/semanticTests/storage/packed_storage_structs_enum.sol] PASSEDPASSED
tests/semantic/test_semantics.py::test_semantics[/home/greg/dev/nethermind/warp/tests/semantic/solidity/test/libsolidity/semanticTests/modifiers/function_modifier_empty.sol] PASSED
tests/semantic/test_semantics.py::test_semantics[/home/greg/dev/nethermind/warp/tests/semantic/solidity/test/libsolidity/semanticTests/calldata/calldata_internal_multi_array.sol] PASSED
tests/semantic/test_semantics.py::test_semantics[/home/greg/dev/nethermind/warp/tests/semantic/solidity/test/libsolidity/semanticTests/modifiers/function_modifier_local_variables.sol] 
tests/semantic/test_semantics.py::test_semantics[/home/greg/dev/nethermind/warp/tests/semantic/solidity/test/libsolidity/semanticTests/storage/mapping_string_key.sol] PASSEDPASSED
tests/semantic/test_semantics.py::test_semantics[/home/greg/dev/nethermind/warp/tests/semantic/solidity/test/libsolidity/semanticTests/modifiers/function_modifier.sol] 
tests/semantic/test_semantics.py::test_semantics[/home/greg/dev/nethermind/warp/tests/semantic/solidity/test/libsolidity/semanticTests/modifiers/function_modifier.sol] SKIPPEDSKIPPED
tests/semantic/test_semantics.py::test_semantics[/home/greg/dev/nethermind/warp/tests/semantic/solidity/test/libsolidity/semanticTests/modifiers/function_modifier_calling_functions_in_creation_context.sol] PASSED
tests/semantic/test_semantics.py::test_semantics[/home/greg/dev/nethermind/warp/tests/semantic/solidity/test/libsolidity/semanticTests/storage/packed_storage_structs_bytes.sol] PASSED
tests/semantic/test_semantics.py::test_semantics[/home/greg/dev/nethermind/warp/tests/semantic/solidity/test/libsolidity/semanticTests/modifiers/function_return_parameter.sol] 
tests/semantic/test_semantics.py::test_semantics[/home/greg/dev/nethermind/warp/tests/semantic/solidity/test/libsolidity/semanticTests/modifiers/modifier_in_constructor_ice.sol] PASSEDPASSED
tests/semantic/test_semantics.py::test_semantics[/home/greg/dev/nethermind/warp/tests/semantic/solidity/test/libsolidity/semanticTests/modifiers/modifier_init_return.sol] 
tests/semantic/test_semantics.py::test_semantics[/home/greg/dev/nethermind/warp/tests/semantic/solidity/test/libsolidity/semanticTests/storage/packed_storage_structs_uint.sol] PASSEDPASSED
tests/semantic/test_semantics.py::test_semantics[/home/greg/dev/nethermind/warp/tests/semantic/solidity/test/libsolidity/semanticTests/modifiers/function_modifier_for_constructor.sol] 
tests/semantic/test_semantics.py::test_semantics[/home/greg/dev/nethermind/warp/tests/semantic/solidity/test/libsolidity/semanticTests/modifiers/function_modifier_library.sol] PASSEDPASSED
tests/semantic/test_semantics.py::test_semantics[/home/greg/dev/nethermind/warp/tests/semantic/solidity/test/libsolidity/semanticTests/modifiers/function_modifier_library_inheritance.sol] 
tests/semantic/test_semantics.py::test_semantics[/home/greg/dev/nethermind/warp/tests/semantic/solidity/test/libsolidity/semanticTests/storage/empty_nonempty_empty.sol] PASSEDPASSED
tests/semantic/test_semantics.py::test_semantics[/home/greg/dev/nethermind/warp/tests/semantic/solidity/test/libsolidity/semanticTests/modifiers/function_modifier_multiple_times.sol] 
tests/semantic/test_semantics.py::test_semantics[/home/greg/dev/nethermind/warp/tests/semantic/solidity/test/libsolidity/semanticTests/storage/accessors_mapping_for_array.sol] PASSEDPASSED
tests/semantic/test_semantics.py::test_semantics[/home/greg/dev/nethermind/warp/tests/semantic/solidity/test/libsolidity/semanticTests/modifiers/modifer_recursive.sol] 
tests/semantic/test_semantics.py::test_semantics[/home/greg/dev/nethermind/warp/tests/semantic/solidity/test/libsolidity/semanticTests/storage/mappings_array2d_pop_delete.sol] PASSEDPASSED
tests/semantic/test_semantics.py::test_semantics[/home/greg/dev/nethermind/warp/tests/semantic/solidity/test/libsolidity/semanticTests/modifiers/function_modifier_overriding.sol] 
tests/semantic/test_semantics.py::test_semantics[/home/greg/dev/nethermind/warp/tests/semantic/solidity/test/libsolidity/semanticTests/modifiers/access_through_contract_name.sol] PASSEDPASSED
tests/semantic/test_semantics.py::test_semantics[/home/greg/dev/nethermind/warp/tests/semantic/solidity/test/libsolidity/semanticTests/modifiers/function_modifier_multi_invocation.sol] 
tests/semantic/test_semantics.py::test_semantics[/home/greg/dev/nethermind/warp/tests/semantic/solidity/test/libsolidity/semanticTests/modifiers/function_modifier_multi_invocation.sol] SKIPPEDSKIPPED
tests/semantic/test_semantics.py::test_semantics[/home/greg/dev/nethermind/warp/tests/semantic/solidity/test/libsolidity/semanticTests/modifiers/break_in_modifier.sol] PASSED
tests/semantic/test_semantics.py::test_semantics[/home/greg/dev/nethermind/warp/tests/semantic/solidity/test/libsolidity/semanticTests/modifiers/stacked_return_with_modifiers.sol] PASSED
tests/semantic/test_semantics.py::test_semantics[/home/greg/dev/nethermind/warp/tests/semantic/solidity/test/libsolidity/semanticTests/modifiers/function_modifier_multi_invocation_viair.sol] 
tests/semantic/test_semantics.py::test_semantics[/home/greg/dev/nethermind/warp/tests/semantic/solidity/test/libsolidity/semanticTests/modifiers/function_modifier_loop_viair.sol] PASSEDPASSED
tests/semantic/test_semantics.py::test_semantics[/home/greg/dev/nethermind/warp/tests/semantic/solidity/test/libsolidity/semanticTests/modifiers/return_does_not_skip_modifier.sol] PASSED
tests/semantic/test_semantics.py::test_semantics[/home/greg/dev/nethermind/warp/tests/semantic/solidity/test/libsolidity/semanticTests/modifiers/function_modifier_empty.sol] PASSED
tests/semantic/test_semantics.py::test_semantics[/home/greg/dev/nethermind/warp/tests/semantic/solidity/test/libsolidity/semanticTests/modifiers/function_modifier_multiple_times_local_vars.sol] 
tests/semantic/test_semantics.py::test_semantics[/home/greg/dev/nethermind/warp/tests/semantic/solidity/test/libsolidity/semanticTests/storage/complex_accessors.sol] PASSEDPASSED
tests/semantic/test_semantics.py::test_semantics[/home/greg/dev/nethermind/warp/tests/semantic/solidity/test/libsolidity/semanticTests/modifiers/function_return_parameter_complex.sol] 
tests/semantic/test_semantics.py::test_semantics[/home/greg/dev/nethermind/warp/tests/semantic/solidity/test/libsolidity/semanticTests/modifiers/function_modifier_local_variables.sol] PASSEDPASSED
tests/semantic/test_semantics.py::test_semantics[/home/greg/dev/nethermind/warp/tests/semantic/solidity/test/libsolidity/semanticTests/arithmetics/unchecked_called_by_checked.sol] 
tests/semantic/test_semantics.py::test_semantics[/home/greg/dev/nethermind/warp/tests/semantic/solidity/test/libsolidity/semanticTests/storage/mapping_state.sol] PASSEDPASSED
tests/semantic/test_semantics.py::test_semantics[/home/greg/dev/nethermind/warp/tests/semantic/solidity/test/libsolidity/semanticTests/arithmetics/checked_add_v1.sol] 
tests/semantic/test_semantics.py::test_semantics[/home/greg/dev/nethermind/warp/tests/semantic/solidity/test/libsolidity/semanticTests/arithmetics/checked_add_v1.sol] SKIPPEDSKIPPED
tests/semantic/test_semantics.py::test_semantics[/home/greg/dev/nethermind/warp/tests/semantic/solidity/test/libsolidity/semanticTests/arithmetics/checked_called_by_unchecked.sol] PASSED
tests/semantic/test_semantics.py::test_semantics[/home/greg/dev/nethermind/warp/tests/semantic/solidity/test/libsolidity/semanticTests/modifiers/return_in_modifier.sol] PASSED
tests/semantic/test_semantics.py::test_semantics[/home/greg/dev/nethermind/warp/tests/semantic/solidity/test/libsolidity/semanticTests/arithmetics/divisiod_by_zero.sol] PASSED
tests/semantic/test_semantics.py::test_semantics[/home/greg/dev/nethermind/warp/tests/semantic/solidity/test/libsolidity/semanticTests/modifiers/function_return_parameter.sol] PASSED
tests/semantic/test_semantics.py::test_semantics[/home/greg/dev/nethermind/warp/tests/semantic/solidity/test/libsolidity/semanticTests/arithmetics/unchecked_div_by_zero.sol] PASSED
tests/semantic/test_semantics.py::test_semantics[/home/greg/dev/nethermind/warp/tests/semantic/solidity/test/libsolidity/semanticTests/modifiers/function_modifier_for_constructor.sol] PASSED
tests/semantic/test_semantics.py::test_semantics[/home/greg/dev/nethermind/warp/tests/semantic/solidity/test/libsolidity/semanticTests/arithmetics/check_var_init.sol] 
tests/semantic/test_semantics.py::test_semantics[/home/greg/dev/nethermind/warp/tests/semantic/solidity/test/libsolidity/semanticTests/arithmetics/check_var_init.sol] SKIPPEDSKIPPED
tests/semantic/test_semantics.py::test_semantics[/home/greg/dev/nethermind/warp/tests/semantic/solidity/test/libsolidity/semanticTests/arithmetics/signed_mod.sol] 
tests/semantic/test_semantics.py::test_semantics[/home/greg/dev/nethermind/warp/tests/semantic/solidity/test/libsolidity/semanticTests/modifiers/evaluation_order.sol] PASSEDPASSED
tests/semantic/test_semantics.py::test_semantics[/home/greg/dev/nethermind/warp/tests/semantic/solidity/test/libsolidity/semanticTests/arithmetics/addmod_mulmod_zero.sol] 
tests/semantic/test_semantics.py::test_semantics[/home/greg/dev/nethermind/warp/tests/semantic/solidity/test/libsolidity/semanticTests/modifiers/function_modifier_calling_functions_in_creation_context.sol] PASSEDPASSED
tests/semantic/test_semantics.py::test_semantics[/home/greg/dev/nethermind/warp/tests/semantic/solidity/test/libsolidity/semanticTests/arithmetics/checked_modifier_called_by_unchecked.sol] PASSED
tests/semantic/test_semantics.py::test_semantics[/home/greg/dev/nethermind/warp/tests/semantic/solidity/test/libsolidity/semanticTests/modifiers/modifier_init_return.sol] PASSED
tests/semantic/test_semantics.py::test_semantics[/home/greg/dev/nethermind/warp/tests/semantic/solidity/test/libsolidity/semanticTests/arithmetics/addmod_mulmod.sol] 
tests/semantic/test_semantics.py::test_semantics[/home/greg/dev/nethermind/warp/tests/semantic/solidity/test/libsolidity/semanticTests/modifiers/function_modifier_overriding.sol] PASSEDPASSED
tests/semantic/test_semantics.py::test_semantics[/home/greg/dev/nethermind/warp/tests/semantic/solidity/test/libsolidity/semanticTests/arithmetics/checked_add_v2.sol] PASSED
tests/semantic/test_semantics.py::test_semantics[/home/greg/dev/nethermind/warp/tests/semantic/solidity/test/libsolidity/semanticTests/modifiers/function_modifier_multi_invocation_viair.sol] PASSED
tests/semantic/test_semantics.py::test_semantics[/home/greg/dev/nethermind/warp/tests/semantic/solidity/test/libsolidity/semanticTests/arithmetics/block_inside_unchecked.sol] 
tests/semantic/test_semantics.py::test_semantics[/home/greg/dev/nethermind/warp/tests/semantic/solidity/test/libsolidity/semanticTests/modifiers/function_modifier_library_inheritance.sol] PASSEDPASSED
tests/semantic/test_semantics.py::test_semantics[/home/greg/dev/nethermind/warp/tests/semantic/solidity/test/libsolidity/semanticTests/arithmetics/exp_associativity.sol] PASSED
tests/semantic/test_semantics.py::test_semantics[/home/greg/dev/nethermind/warp/tests/semantic/solidity/test/libsolidity/semanticTests/modifiers/function_modifier_multiple_times.sol] PASSED
tests/semantic/test_semantics.py::test_semantics[/home/greg/dev/nethermind/warp/tests/semantic/solidity/test/libsolidity/semanticTests/isoltestTesting/balance_without_balance.sol] 
tests/semantic/test_semantics.py::test_semantics[/home/greg/dev/nethermind/warp/tests/semantic/solidity/test/libsolidity/semanticTests/isoltestTesting/balance_without_balance.sol] SKIPPEDSKIPPED
tests/semantic/test_semantics.py::test_semantics[/home/greg/dev/nethermind/warp/tests/semantic/solidity/test/libsolidity/semanticTests/isoltestTesting/builtins.sol] 
tests/semantic/test_semantics.py::test_semantics[/home/greg/dev/nethermind/warp/tests/semantic/solidity/test/libsolidity/semanticTests/isoltestTesting/builtins.sol] SKIPPEDSKIPPED
tests/semantic/test_semantics.py::test_semantics[/home/greg/dev/nethermind/warp/tests/semantic/solidity/test/libsolidity/semanticTests/isoltestTesting/effects.sol] 
tests/semantic/test_semantics.py::test_semantics[/home/greg/dev/nethermind/warp/tests/semantic/solidity/test/libsolidity/semanticTests/isoltestTesting/effects.sol] SKIPPEDSKIPPED
tests/semantic/test_semantics.py::test_semantics[/home/greg/dev/nethermind/warp/tests/semantic/solidity/test/libsolidity/semanticTests/isoltestTesting/balance_with_balance2.sol] 
tests/semantic/test_semantics.py::test_semantics[/home/greg/dev/nethermind/warp/tests/semantic/solidity/test/libsolidity/semanticTests/isoltestTesting/balance_with_balance2.sol] SKIPPEDSKIPPED
tests/semantic/test_semantics.py::test_semantics[/home/greg/dev/nethermind/warp/tests/semantic/solidity/test/libsolidity/semanticTests/isoltestTesting/balance_with_balance.sol] 
tests/semantic/test_semantics.py::test_semantics[/home/greg/dev/nethermind/warp/tests/semantic/solidity/test/libsolidity/semanticTests/isoltestTesting/balance_with_balance.sol] SKIPPEDSKIPPED
tests/semantic/test_semantics.py::test_semantics[/home/greg/dev/nethermind/warp/tests/semantic/solidity/test/libsolidity/semanticTests/isoltestTesting/account.sol] 
tests/semantic/test_semantics.py::test_semantics[/home/greg/dev/nethermind/warp/tests/semantic/solidity/test/libsolidity/semanticTests/isoltestTesting/account.sol] SKIPPEDSKIPPED
tests/semantic/test_semantics.py::test_semantics[/home/greg/dev/nethermind/warp/tests/semantic/solidity/test/libsolidity/semanticTests/isoltestTesting/balance_other_contract.sol] 
tests/semantic/test_semantics.py::test_semantics[/home/greg/dev/nethermind/warp/tests/semantic/solidity/test/libsolidity/semanticTests/isoltestTesting/balance_other_contract.sol] SKIPPEDSKIPPED
tests/semantic/test_semantics.py::test_semantics[/home/greg/dev/nethermind/warp/tests/semantic/solidity/test/libsolidity/semanticTests/isoltestTesting/storage/storage_empty.sol] 
tests/semantic/test_semantics.py::test_semantics[/home/greg/dev/nethermind/warp/tests/semantic/solidity/test/libsolidity/semanticTests/isoltestTesting/storage/storage_empty.sol] SKIPPEDSKIPPED
tests/semantic/test_semantics.py::test_semantics[/home/greg/dev/nethermind/warp/tests/semantic/solidity/test/libsolidity/semanticTests/isoltestTesting/storage/storage_nonempty.sol] PASSED
tests/semantic/test_semantics.py::test_semantics[/home/greg/dev/nethermind/warp/tests/semantic/solidity/test/libsolidity/semanticTests/modifiers/return_does_not_skip_modifier.sol] PASSED
tests/semantic/test_semantics.py::test_semantics[/home/greg/dev/nethermind/warp/tests/semantic/solidity/test/libsolidity/semanticTests/types/mapping_enum_key_getter_v2.sol] 
tests/semantic/test_semantics.py::test_semantics[/home/greg/dev/nethermind/warp/tests/semantic/solidity/test/libsolidity/semanticTests/modifiers/break_in_modifier.sol] PASSEDPASSED
tests/semantic/test_semantics.py::test_semantics[/home/greg/dev/nethermind/warp/tests/semantic/solidity/test/libsolidity/semanticTests/types/assign_calldata_value_type.sol] 
tests/semantic/test_semantics.py::test_semantics[/home/greg/dev/nethermind/warp/tests/semantic/solidity/test/libsolidity/semanticTests/modifiers/function_modifier_multiple_times_local_vars.sol] PASSEDPASSED
tests/semantic/test_semantics.py::test_semantics[/home/greg/dev/nethermind/warp/tests/semantic/solidity/test/libsolidity/semanticTests/types/nested_tuples.sol] 
tests/semantic/test_semantics.py::test_semantics[/home/greg/dev/nethermind/warp/tests/semantic/solidity/test/libsolidity/semanticTests/modifiers/modifer_recursive.sol] FAILEDFAILED
tests/semantic/test_semantics.py::test_semantics[/home/greg/dev/nethermind/warp/tests/semantic/solidity/test/libsolidity/semanticTests/types/packing_signed_types.sol] PASSED
tests/semantic/test_semantics.py::test_semantics[/home/greg/dev/nethermind/warp/tests/semantic/solidity/test/libsolidity/semanticTests/arithmetics/unchecked_called_by_checked.sol] PASSED
tests/semantic/test_semantics.py::test_semantics[/home/greg/dev/nethermind/warp/tests/semantic/solidity/test/libsolidity/semanticTests/types/convert_fixed_bytes_to_uint_greater_size.sol] 
tests/semantic/test_semantics.py::test_semantics[/home/greg/dev/nethermind/warp/tests/semantic/solidity/test/libsolidity/semanticTests/modifiers/function_return_parameter_complex.sol] PASSEDPASSED
tests/semantic/test_semantics.py::test_semantics[/home/greg/dev/nethermind/warp/tests/semantic/solidity/test/libsolidity/semanticTests/types/tuple_assign_multi_slot_grow.sol] 
tests/semantic/test_semantics.py::test_semantics[/home/greg/dev/nethermind/warp/tests/semantic/solidity/test/libsolidity/semanticTests/arithmetics/checked_called_by_unchecked.sol] PASSEDPASSED
tests/semantic/test_semantics.py::test_semantics[/home/greg/dev/nethermind/warp/tests/semantic/solidity/test/libsolidity/semanticTests/types/mapping_enum_key_v1.sol] 
tests/semantic/test_semantics.py::test_semantics[/home/greg/dev/nethermind/warp/tests/semantic/solidity/test/libsolidity/semanticTests/types/mapping_enum_key_v1.sol] SKIPPEDSKIPPED
tests/semantic/test_semantics.py::test_semantics[/home/greg/dev/nethermind/warp/tests/semantic/solidity/test/libsolidity/semanticTests/types/external_function_to_address.sol] 
tests/semantic/test_semantics.py::test_semantics[/home/greg/dev/nethermind/warp/tests/semantic/solidity/test/libsolidity/semanticTests/types/external_function_to_address.sol] SKIPPEDSKIPPED
tests/semantic/test_semantics.py::test_semantics[/home/greg/dev/nethermind/warp/tests/semantic/solidity/test/libsolidity/semanticTests/types/mapping_enum_key_library_v2.sol] 
tests/semantic/test_semantics.py::test_semantics[/home/greg/dev/nethermind/warp/tests/semantic/solidity/test/libsolidity/semanticTests/types/mapping_enum_key_library_v2.sol] SKIPPEDSKIPPED
tests/semantic/test_semantics.py::test_semantics[/home/greg/dev/nethermind/warp/tests/semantic/solidity/test/libsolidity/semanticTests/types/mapping_abstract_constructor_param.sol] 
tests/semantic/test_semantics.py::test_semantics[/home/greg/dev/nethermind/warp/tests/semantic/solidity/test/libsolidity/semanticTests/arithmetics/divisiod_by_zero.sol] PASSEDPASSED
tests/semantic/test_semantics.py::test_semantics[/home/greg/dev/nethermind/warp/tests/semantic/solidity/test/libsolidity/semanticTests/types/convert_fixed_bytes_to_fixed_bytes_greater_size.sol] 
tests/semantic/test_semantics.py::test_semantics[/home/greg/dev/nethermind/warp/tests/semantic/solidity/test/libsolidity/semanticTests/arithmetics/addmod_mulmod.sol] PASSEDPASSED
tests/semantic/test_semantics.py::test_semantics[/home/greg/dev/nethermind/warp/tests/semantic/solidity/test/libsolidity/semanticTests/types/struct_mapping_abstract_constructor_param.sol] 
tests/semantic/test_semantics.py::test_semantics[/home/greg/dev/nethermind/warp/tests/semantic/solidity/test/libsolidity/semanticTests/arithmetics/unchecked_div_by_zero.sol] PASSEDPASSED
tests/semantic/test_semantics.py::test_semantics[/home/greg/dev/nethermind/warp/tests/semantic/solidity/test/libsolidity/semanticTests/types/mapping_enum_key_v2.sol] PASSED
tests/semantic/test_semantics.py::test_semantics[/home/greg/dev/nethermind/warp/tests/semantic/solidity/test/libsolidity/semanticTests/arithmetics/checked_modifier_called_by_unchecked.sol] PASSED
tests/semantic/test_semantics.py::test_semantics[/home/greg/dev/nethermind/warp/tests/semantic/solidity/test/libsolidity/semanticTests/types/convert_fixed_bytes_to_uint_same_type.sol] PASSED
tests/semantic/test_semantics.py::test_semantics[/home/greg/dev/nethermind/warp/tests/semantic/solidity/test/libsolidity/semanticTests/arithmetics/addmod_mulmod_zero.sol] PASSED
tests/semantic/test_semantics.py::test_semantics[/home/greg/dev/nethermind/warp/tests/semantic/solidity/test/libsolidity/semanticTests/types/mapping_enum_key_library_v1.sol] SKIPPED
tests/semantic/test_semantics.py::test_semantics[/home/greg/dev/nethermind/warp/tests/semantic/solidity/test/libsolidity/semanticTests/types/mapping_enum_key_library_v1.sol] SKIPPED
tests/semantic/test_semantics.py::test_semantics[/home/greg/dev/nethermind/warp/tests/semantic/solidity/test/libsolidity/semanticTests/types/convert_uint_to_fixed_bytes_same_min_size.sol] 
tests/semantic/test_semantics.py::test_semantics[/home/greg/dev/nethermind/warp/tests/semantic/solidity/test/libsolidity/semanticTests/arithmetics/block_inside_unchecked.sol] PASSEDPASSED
tests/semantic/test_semantics.py::test_semantics[/home/greg/dev/nethermind/warp/tests/semantic/solidity/test/libsolidity/semanticTests/types/convert_fixed_bytes_to_uint_smaller_size.sol] 
tests/semantic/test_semantics.py::test_semantics[/home/greg/dev/nethermind/warp/tests/semantic/solidity/test/libsolidity/semanticTests/arithmetics/signed_mod.sol] PASSEDPASSED
tests/semantic/test_semantics.py::test_semantics[/home/greg/dev/nethermind/warp/tests/semantic/solidity/test/libsolidity/semanticTests/types/convert_uint_to_fixed_bytes_smaller_size.sol] PASSED
tests/semantic/test_semantics.py::test_semantics[/home/greg/dev/nethermind/warp/tests/semantic/solidity/test/libsolidity/semanticTests/arithmetics/checked_add_v2.sol] PASSED
tests/semantic/test_semantics.py::test_semantics[/home/greg/dev/nethermind/warp/tests/semantic/solidity/test/libsolidity/semanticTests/types/mapping_simple.sol] PASSED
tests/semantic/test_semantics.py::test_semantics[/home/greg/dev/nethermind/warp/tests/semantic/solidity/test/libsolidity/semanticTests/isoltestTesting/storage/storage_nonempty.sol] PASSED
tests/semantic/test_semantics.py::test_semantics[/home/greg/dev/nethermind/warp/tests/semantic/solidity/test/libsolidity/semanticTests/types/mapping_contract_key.sol] 
tests/semantic/test_semantics.py::test_semantics[/home/greg/dev/nethermind/warp/tests/semantic/solidity/test/libsolidity/semanticTests/types/assign_calldata_value_type.sol] PASSEDPASSED
tests/semantic/test_semantics.py::test_semantics[/home/greg/dev/nethermind/warp/tests/semantic/solidity/test/libsolidity/semanticTests/types/type_conversion_cleanup.sol] 
tests/semantic/test_semantics.py::test_semantics[/home/greg/dev/nethermind/warp/tests/semantic/solidity/test/libsolidity/semanticTests/types/type_conversion_cleanup.sol] SKIPPEDSKIPPED
tests/semantic/test_semantics.py::test_semantics[/home/greg/dev/nethermind/warp/tests/semantic/solidity/test/libsolidity/semanticTests/types/convert_fixed_bytes_to_fixed_bytes_same_size.sol] PASSED
tests/semantic/test_semantics.py::test_semantics[/home/greg/dev/nethermind/warp/tests/semantic/solidity/test/libsolidity/semanticTests/types/packing_signed_types.sol] PASSED
tests/semantic/test_semantics.py::test_semantics[/home/greg/dev/nethermind/warp/tests/semantic/solidity/test/libsolidity/semanticTests/types/packing_unpacking_types.sol] 
tests/semantic/test_semantics.py::test_semantics[/home/greg/dev/nethermind/warp/tests/semantic/solidity/test/libsolidity/semanticTests/types/convert_fixed_bytes_to_uint_greater_size.sol] PASSEDPASSED
tests/semantic/test_semantics.py::test_semantics[/home/greg/dev/nethermind/warp/tests/semantic/solidity/test/libsolidity/semanticTests/types/convert_fixed_bytes_to_fixed_bytes_smaller_size.sol] 
tests/semantic/test_semantics.py::test_semantics[/home/greg/dev/nethermind/warp/tests/semantic/solidity/test/libsolidity/semanticTests/storage/chop_sign_bits.sol] PASSEDPASSED
[...]
../../../warp_dev/lib/python3.7/site-packages/sol_warp-0.2.12-py3.7.egg/yul/DeadcodeEliminator.py:29: in map
    assert not vs, "There should be no uninstantiated variables in the top scope."
E   AssertionError: There should be no uninstantiated variables in the top scope.
_ test_semantics[/home/greg/dev/nethermind/warp/tests/semantic/solidity/test/libsolidity/semanticTests/inlineAssembly/inline_assembly_for2.sol] _
tests/semantic/test_semantics.py:130: in test_semantics
    contract_file, get_last_contract(contract_file)
../../../warp_dev/lib/python3.7/site-packages/sol_warp-0.2.12-py3.7.egg/yul/main.py:58: in transpile_from_solidity
    cairo_code = transpile_from_yul(yul_ast, optimizers_order)
../../../warp_dev/lib/python3.7/site-packages/sol_warp-0.2.12-py3.7.egg/yul/main.py:91: in transpile_from_yul
    yul_ast = ast_mapper(yul_ast)
../../../warp_dev/lib/python3.7/site-packages/sol_warp-0.2.12-py3.7.egg/yul/DeadcodeEliminator.py:29: in map
    assert not vs, "There should be no uninstantiated variables in the top scope."
E   AssertionError: There should be no uninstantiated variables in the top scope.
_ test_semantics[/home/greg/dev/nethermind/warp/tests/semantic/solidity/test/libsolidity/semanticTests/getters/value_types.sol] _
tests/semantic/test_semantics.py:130: in test_semantics
    contract_file, get_last_contract(contract_file)
../../../warp_dev/lib/python3.7/site-packages/sol_warp-0.2.12-py3.7.egg/yul/main.py:52: in transpile_from_solidity
    output = get_for_contract(sol_src_path_modified, main_contract, ["abi"])
../../../warp_dev/lib/python3.7/site-packages/sol_warp-0.2.12-py3.7.egg/yul/utils.py:136: in get_for_contract
    get_source_version(sol_source)
../../../warp_dev/lib/python3.7/site-packages/sol_warp-0.2.12-py3.7.egg/yul/utils.py:146: in get_source_version
    with open(sol_source) as f:
E   FileNotFoundError: [Errno 2] No such file or directory: '/home/greg/dev/nethermind/warp/tests/semantic/solidity/test/libsolidity/semanticTests/getters/value_types_marked.sol'
_ test_semantics[/home/greg/dev/nethermind/warp/tests/semantic/solidity/test/libsolidity/semanticTests/asmForLoop/for_loop_continue.sol] _
../../../warp_dev/lib/python3.7/site-packages/cairo_lang-0.6.2-py3.7.egg/starkware/starknet/business_logic/internal_transaction.py:539: in _run
    verify_secure=True,
../../../warp_dev/lib/python3.7/site-packages/cairo_lang-0.6.2-py3.7.egg/starkware/cairo/common/cairo_function_runner.py:199: in run_from_entrypoint
    self.run_until_pc(addr=end, run_resources=run_resources)
../../../warp_dev/lib/python3.7/site-packages/cairo_lang-0.6.2-py3.7.egg/starkware/cairo/lang/vm/cairo_runner.py:289: in run_until_pc
    ResourcesError("Error: End of program was not reached"), self.vm.run_context.pc
E   starkware.cairo.lang.vm.vm_exceptions.VmException: /home/greg/warp_dev/lib/python3.7/site-packages/cairo_lang-0.6.2-py3.7.egg/starkware/cairo/common/math_cmp.cairo:38:18: Error at pc=0:313:
E   Error: End of program was not reached
E       return is_nn(b - a)
E                    ^***^

During handling of the above exception, another exception occurred:
tests/semantic/test_semantics.py:168: in test_semantics
    res = await invoke_method_evm_calldata(starknet, contract_address, argument)
../../../warp_dev/lib/python3.7/site-packages/sol_warp-0.2.12-py3.7.egg/yul/starknet_utils.py:30: in invoke_method_evm_calldata
    caller_address=0,
../../../warp_dev/lib/python3.7/site-packages/cairo_lang-0.6.2-py3.7.egg/starkware/starknet/testing/state.py:153: in invoke_raw
    state=state_copy, general_config=self.general_config
../../../warp_dev/lib/python3.7/site-packages/cairo_lang-0.6.2-py3.7.egg/starkware/starknet/business_logic/internal_transaction_interface.py:213: in apply_state_updates
    state=state_to_update, general_config=general_config
../../../warp_dev/lib/python3.7/site-packages/cairo_lang-0.6.2-py3.7.egg/starkware/starknet/business_logic/internal_transaction.py:405: in _apply_specific_state_updates
    func=_synchronous_apply_specific_state_updates,
/usr/lib/python3.7/concurrent/futures/thread.py:57: in run
    result = self.fn(*self.args, **self.kwargs)
../../../warp_dev/lib/python3.7/site-packages/cairo_lang-0.6.2-py3.7.egg/starkware/starknet/business_logic/internal_transaction.py:433: in _synchronous_apply_specific_state_updates
    run_resources=run_resources,
../../../warp_dev/lib/python3.7/site-packages/cairo_lang-0.6.2-py3.7.egg/starkware/starknet/business_logic/internal_transaction.py:559: in _run
    raise StarkException(code=code, message=str(exception))
E   starkware.starkware_utils.error_handling.StarkException: (500, {'code': <StarknetErrorCode.OUT_OF_RESOURCES: 26>, 'message': '/home/greg/warp_dev/lib/python3.7/site-packages/cairo_lang-0.6.2-py3.7.egg/starkware/cairo/common/math_cmp.cairo:38:18: Error at pc=0:313:\nError: End of program was not reached\n    return is_nn(b - a)\n                 ^***^'})
_ test_semantics[/home/greg/dev/nethermind/warp/tests/semantic/solidity/test/libsolidity/semanticTests/exponentiation/literal_base.sol] _
FAILURE: /home/greg/dev/nethermind/warp/tests/semantic/solidity/test/libsolidity/semanticTests/exponentiation/literal_base.cairo.temp
assert '0x0000000000...0000000000001' == '0x0000000000...0000000000004'
  - 0x00000000000000000000000000000000000000000000000000000000000000040000000000000000000000000000000000000000000000000000000000000004
  ?                                                                                                                                  ^
  + 0x00000000000000000000000000000000000000000000000000000000000000040000000000000000000000000000000000000000000000000000000000000001
  ?                                                                                                                                  ^
tests/semantic/test_semantics.py:179 in test_semantics() -> check.equal(final_res, expected_result, cairo_file_path)
FAILURE: /home/greg/dev/nethermind/warp/tests/semantic/solidity/test/libsolidity/semanticTests/exponentiation/literal_base.cairo.temp
assert '0x0000000000...ffffffffffffe' == '0x0000000000...fffffffffe000'
  - 0x0000000000000000000000000000000000000000000000000000000000002000ffffffffffffffffffffffffffffffffffffffffffffffffffffffffffffe000
  ?                                                                                                                                ---
  + 0x0000000000000000000000000000000000000000000000000000000000002000fffffffffffffffffffffffffffffffffffffffffffffffffffffffffffffffe
  ?                                                                                                                               +++
tests/semantic/test_semantics.py:179 in test_semantics() -> check.equal(final_res, expected_result, cairo_file_path)
FAILURE: /home/greg/dev/nethermind/warp/tests/semantic/solidity/test/libsolidity/semanticTests/exponentiation/literal_base.cairo.temp
assert '0x0000000000...ffffffffffffe' == '0x0000000000...0000000000000'
  - 0x0000000000000000000000000000000000020000000000000000000000000000fffffffffffffffffffffffffffffffffffe0000000000000000000000000000
  ?                                                                                                       ----------------------------
  + 0x0000000000000000000000000000000000020000000000000000000000000000fffffffffffffffffffffffffffffffffffffffffffffffffffffffffffffffe
  ?                                                                                                      ++++++++++++++++++++++++++++
tests/semantic/test_semantics.py:179 in test_semantics() -> check.equal(final_res, expected_result, cairo_file_path)
FAILURE: /home/greg/dev/nethermind/warp/tests/semantic/solidity/test/libsolidity/semanticTests/exponentiation/literal_base.cairo.temp
assert '0x0000000000...0000000000001' == '0x0000000000...0000000000000'
  - 0x00000000000000000000000000000000000400000000000000000000000000000000000000000000000000000000000000040000000000000000000000000000
  ?                                                                                                      -
  + 0x00000000000000000000000000000000000400000000000000000000000000000000000000000000000000000000000000000000000000000000000000000001
  ?                                                                                                                                  +
tests/semantic/test_semantics.py:179 in test_semantics() -> check.equal(final_res, expected_result, cairo_file_path)
FAILURE: /home/greg/dev/nethermind/warp/tests/semantic/solidity/test/libsolidity/semanticTests/exponentiation/literal_base.cairo.temp
assert '0x0000000000...ffffffffffffe' == '0x0000000000...0000000000000'
  - 0x00000000000000000000000000000000000000000000000000000000000000000000000000000000000000000000000000000000000000000000000000000000
  + 0x0000000000000000000000000000000000000000000000000000000000000000fffffffffffffffffffffffffffffffffffffffffffffffffffffffffffffffe
tests/semantic/test_semantics.py:179 in test_semantics() -> check.equal(final_res, expected_result, cairo_file_path)
FAILURE: /home/greg/dev/nethermind/warp/tests/semantic/solidity/test/libsolidity/semanticTests/exponentiation/literal_base.cairo.temp
assert '0x0000000000...0000000000001' == '0x0000000000...0000000000000'
  - 0x00000000000000000000000000000000000000000000000000000000000000000000000000000000000000000000000000000000000000000000000000000000
  ?                                                                                                                                  ^
  + 0x00000000000000000000000000000000000000000000000000000000000000000000000000000000000000000000000000000000000000000000000000000001
  ?                                                                                                                                  ^
tests/semantic/test_semantics.py:179 in test_semantics() -> check.equal(final_res, expected_result, cairo_file_path)
------------------------------------------------------------
Failed Checks: 6
=============================== warnings summary ===============================
../../../warp_dev/lib/python3.7/site-packages/frozendict-1.2-py3.7.egg/frozendict/__init__.py:16
  /home/greg/warp_dev/lib/python3.7/site-packages/frozendict-1.2-py3.7.egg/frozendict/__init__.py:16: DeprecationWarning: Using or importing the ABCs from 'collections' instead of from 'collections.abc' is deprecated since Python 3.3,and in 3.9 it will stop working

../../../warp_dev/lib/python3.7/site-packages/marshmallow-3.14.1-py3.7.egg/marshmallow/fields.py:469
../../../warp_dev/lib/python3.7/site-packages/marshmallow-3.14.1-py3.7.egg/marshmallow/fields.py:469
../../../warp_dev/lib/python3.7/site-packages/marshmallow-3.14.1-py3.7.egg/marshmallow/fields.py:469
  /home/greg/warp_dev/lib/python3.7/site-packages/marshmallow-3.14.1-py3.7.egg/marshmallow/fields.py:469: RemovedInMarshmallow4Warning: The 'missing' attribute of fields is deprecated. Use 'load_default' instead.
    RemovedInMarshmallow4Warning,

../../../warp_dev/lib/python3.7/site-packages/marshmallow-3.14.1-py3.7.egg/marshmallow/fields.py:184
  /home/greg/warp_dev/lib/python3.7/site-packages/marshmallow-3.14.1-py3.7.egg/marshmallow/fields.py:184: RemovedInMarshmallow4Warning: The 'missing' argument to fields is deprecated. Use 'load_default' instead.
    RemovedInMarshmallow4Warning,

-- Docs: https://docs.pytest.org/en/stable/warnings.html
=========================== short test summary info ============================
FAILED tests/semantic/test_semantics.py::test_semantics[/home/greg/dev/nethermind/warp/tests/semantic/solidity/test/libsolidity/semanticTests/various/byte_optimization_bug.sol]
FAILED tests/semantic/test_semantics.py::test_semantics[/home/greg/dev/nethermind/warp/tests/semantic/solidity/test/libsolidity/semanticTests/modifiers/modifer_recursive.sol]
FAILED tests/semantic/test_semantics.py::test_semantics[/home/greg/dev/nethermind/warp/tests/semantic/solidity/test/libsolidity/semanticTests/modifiers/continue_in_modifier.sol]
FAILED tests/semantic/test_semantics.py::test_semantics[/home/greg/dev/nethermind/warp/tests/semantic/solidity/test/libsolidity/semanticTests/arithmetics/exp_associativity.sol]
FAILED tests/semantic/test_semantics.py::test_semantics[/home/greg/dev/nethermind/warp/tests/semantic/solidity/test/libsolidity/semanticTests/array/byte_array_transitional_2.sol]
FAILED tests/semantic/test_semantics.py::test_semantics[/home/greg/dev/nethermind/warp/tests/semantic/solidity/test/libsolidity/semanticTests/abiEncoderV2/abi_encode_calldata_slice.sol]
FAILED tests/semantic/test_semantics.py::test_semantics[/home/greg/dev/nethermind/warp/tests/semantic/solidity/test/libsolidity/semanticTests/array/byte_array_storage_layout.sol]
FAILED tests/semantic/test_semantics.py::test_semantics[/home/greg/dev/nethermind/warp/tests/semantic/solidity/test/libsolidity/semanticTests/array/indexAccess/index_access.sol]
FAILED tests/semantic/test_semantics.py::test_semantics[/home/greg/dev/nethermind/warp/tests/semantic/solidity/test/libsolidity/semanticTests/array/indexAccess/fixed_bytes_index_access.sol]
FAILED tests/semantic/test_semantics.py::test_semantics[/home/greg/dev/nethermind/warp/tests/semantic/solidity/test/libsolidity/semanticTests/array/copying/array_copy_target_leftover.sol]
FAILED tests/semantic/test_semantics.py::test_semantics[/home/greg/dev/nethermind/warp/tests/semantic/solidity/test/libsolidity/semanticTests/array/push/byte_array_push_transition.sol]
FAILED tests/semantic/test_semantics.py::test_semantics[/home/greg/dev/nethermind/warp/tests/semantic/solidity/test/libsolidity/semanticTests/array/pop/byte_array_pop_long_storage_empty.sol]
FAILED tests/semantic/test_semantics.py::test_semantics[/home/greg/dev/nethermind/warp/tests/semantic/solidity/test/libsolidity/semanticTests/array/copying/bytes_storage_to_storage.sol]
FAILED tests/semantic/test_semantics.py::test_semantics[/home/greg/dev/nethermind/warp/tests/semantic/solidity/test/libsolidity/semanticTests/optimizer/shift_bytes.sol]
FAILED tests/semantic/test_semantics.py::test_semantics[/home/greg/dev/nethermind/warp/tests/semantic/solidity/test/libsolidity/semanticTests/viaYul/function_address.sol]
FAILED tests/semantic/test_semantics.py::test_semantics[/home/greg/dev/nethermind/warp/tests/semantic/solidity/test/libsolidity/semanticTests/viaYul/string_format.sol]
FAILED tests/semantic/test_semantics.py::test_semantics[/home/greg/dev/nethermind/warp/tests/semantic/solidity/test/libsolidity/semanticTests/viaYul/exp_various.sol]
FAILED tests/semantic/test_semantics.py::test_semantics[/home/greg/dev/nethermind/warp/tests/semantic/solidity/test/libsolidity/semanticTests/viaYul/exp_literals_success.sol]
FAILED tests/semantic/test_semantics.py::test_semantics[/home/greg/dev/nethermind/warp/tests/semantic/solidity/test/libsolidity/semanticTests/viaYul/function_selector.sol]
FAILED tests/semantic/test_semantics.py::test_semantics[/home/greg/dev/nethermind/warp/tests/semantic/solidity/test/libsolidity/semanticTests/viaYul/exp.sol]
FAILED tests/semantic/test_semantics.py::test_semantics[/home/greg/dev/nethermind/warp/tests/semantic/solidity/test/libsolidity/semanticTests/viaYul/loops/continue.sol]
FAILED tests/semantic/test_semantics.py::test_semantics[/home/greg/dev/nethermind/warp/tests/semantic/solidity/test/libsolidity/semanticTests/viaYul/array_storage_length_access.sol]
FAILED tests/semantic/test_semantics.py::test_semantics[/home/greg/dev/nethermind/warp/tests/semantic/solidity/test/libsolidity/semanticTests/viaYul/loops/return.sol]
FAILED tests/semantic/test_semantics.py::test_semantics[/home/greg/dev/nethermind/warp/tests/semantic/solidity/test/libsolidity/semanticTests/viaYul/conversion/function_cast.sol]
FAILED tests/semantic/test_semantics.py::test_semantics[/home/greg/dev/nethermind/warp/tests/semantic/solidity/test/libsolidity/semanticTests/functionTypes/store_function.sol]
FAILED tests/semantic/test_semantics.py::test_semantics[/home/greg/dev/nethermind/warp/tests/semantic/solidity/test/libsolidity/semanticTests/viaYul/storage/mappings.sol]
FAILED tests/semantic/test_semantics.py::test_semantics[/home/greg/dev/nethermind/warp/tests/semantic/solidity/test/libsolidity/semanticTests/functionTypes/address_member.sol]
FAILED tests/semantic/test_semantics.py::test_semantics[/home/greg/dev/nethermind/warp/tests/semantic/solidity/test/libsolidity/semanticTests/viaYul/array_storage_push_empty_length_address.sol]
FAILED tests/semantic/test_semantics.py::test_semantics[/home/greg/dev/nethermind/warp/tests/semantic/solidity/test/libsolidity/semanticTests/abiencodedecode/abi_encode_with_signature.sol]
FAILED tests/semantic/test_semantics.py::test_semantics[/home/greg/dev/nethermind/warp/tests/semantic/solidity/test/libsolidity/semanticTests/viaYul/array_storage_index_access.sol]
FAILED tests/semantic/test_semantics.py::test_semantics[/home/greg/dev/nethermind/warp/tests/semantic/solidity/test/libsolidity/semanticTests/viaYul/array_storage_push_pop.sol]
FAILED tests/semantic/test_semantics.py::test_semantics[/home/greg/dev/nethermind/warp/tests/semantic/solidity/test/libsolidity/semanticTests/builtinFunctions/sha256_empty.sol]
FAILED tests/semantic/test_semantics.py::test_semantics[/home/greg/dev/nethermind/warp/tests/semantic/solidity/test/libsolidity/semanticTests/reverts/revert_return_area.sol]
FAILED tests/semantic/test_semantics.py::test_semantics[/home/greg/dev/nethermind/warp/tests/semantic/solidity/test/libsolidity/semanticTests/abiEncoderV1/abi_encode_calldata_slice.sol]
FAILED tests/semantic/test_semantics.py::test_semantics[/home/greg/dev/nethermind/warp/tests/semantic/solidity/test/libsolidity/semanticTests/structs/calldata/calldata_struct_to_memory.sol]
FAILED tests/semantic/test_semantics.py::test_semantics[/home/greg/dev/nethermind/warp/tests/semantic/solidity/test/libsolidity/semanticTests/structs/calldata/calldata_struct_to_storage.sol]
FAILED tests/semantic/test_semantics.py::test_semantics[/home/greg/dev/nethermind/warp/tests/semantic/solidity/test/libsolidity/semanticTests/literals/hex_string_with_non_printable_characters.sol]
FAILED tests/semantic/test_semantics.py::test_semantics[/home/greg/dev/nethermind/warp/tests/semantic/solidity/test/libsolidity/semanticTests/enums/minmax.sol]
FAILED tests/semantic/test_semantics.py::test_semantics[/home/greg/dev/nethermind/warp/tests/semantic/solidity/test/libsolidity/semanticTests/literals/escape.sol]
FAILED tests/semantic/test_semantics.py::test_semantics[/home/greg/dev/nethermind/warp/tests/semantic/solidity/test/libsolidity/semanticTests/specialFunctions/abi_encode_with_signature_from_string.sol]
FAILED tests/semantic/test_semantics.py::test_semantics[/home/greg/dev/nethermind/warp/tests/semantic/solidity/test/libsolidity/semanticTests/functionCall/delegatecall_return_value.sol]
FAILED tests/semantic/test_semantics.py::test_semantics[/home/greg/dev/nethermind/warp/tests/semantic/solidity/test/libsolidity/semanticTests/functionCall/bare_call_no_returndatacopy.sol]
FAILED tests/semantic/test_semantics.py::test_semantics[/home/greg/dev/nethermind/warp/tests/semantic/solidity/test/libsolidity/semanticTests/asmForLoop/for_loop_nested.sol]
FAILED tests/semantic/test_semantics.py::test_semantics[/home/greg/dev/nethermind/warp/tests/semantic/solidity/test/libsolidity/semanticTests/inlineAssembly/inline_assembly_for2.sol]
FAILED tests/semantic/test_semantics.py::test_semantics[/home/greg/dev/nethermind/warp/tests/semantic/solidity/test/libsolidity/semanticTests/getters/value_types.sol]
FAILED tests/semantic/test_semantics.py::test_semantics[/home/greg/dev/nethermind/warp/tests/semantic/solidity/test/libsolidity/semanticTests/asmForLoop/for_loop_continue.sol]
FAILED tests/semantic/test_semantics.py::test_semantics[/home/greg/dev/nethermind/warp/tests/semantic/solidity/test/libsolidity/semanticTests/exponentiation/literal_base.sol]
===== 47 failed, 813 passed, 410 skipped, 5 warnings in 2177.33s (0:36:17) =====
